[2021-10-16 13:37:04,055] {taskinstance.py:1035} INFO - Dependencies all met for <TaskInstance: fourth_dag.get_gross_year_2 scheduled__2021-10-16T13:34:00+00:00 [queued]>
[2021-10-16 13:37:04,082] {taskinstance.py:1035} INFO - Dependencies all met for <TaskInstance: fourth_dag.get_gross_year_2 scheduled__2021-10-16T13:34:00+00:00 [queued]>
[2021-10-16 13:37:04,082] {taskinstance.py:1241} INFO - 
--------------------------------------------------------------------------------
[2021-10-16 13:37:04,083] {taskinstance.py:1242} INFO - Starting attempt 1 of 1
[2021-10-16 13:37:04,083] {taskinstance.py:1243} INFO - 
--------------------------------------------------------------------------------
[2021-10-16 13:37:04,118] {taskinstance.py:1262} INFO - Executing <Task(PythonOperator): get_gross_year_2> on 2021-10-16 13:34:00+00:00
[2021-10-16 13:37:04,129] {standard_task_runner.py:52} INFO - Started process 2644 to run task
[2021-10-16 13:37:04,141] {standard_task_runner.py:76} INFO - Running: ['***', 'tasks', 'run', 'fourth_dag', 'get_gross_year_2', 'scheduled__2021-10-16T13:34:00+00:00', '--job-id', '670', '--raw', '--subdir', 'DAGS_FOLDER/fourth_dag.py', '--cfg-path', '/tmp/tmpjiuvw724', '--error-file', '/tmp/tmp3jgwm9ka']
[2021-10-16 13:37:04,145] {standard_task_runner.py:77} INFO - Job 670: Subtask get_gross_year_2
[2021-10-16 13:37:04,213] {logging_mixin.py:109} INFO - Running <TaskInstance: fourth_dag.get_gross_year_2 scheduled__2021-10-16T13:34:00+00:00 [running]> on host e03fb9e01fd8
[2021-10-16 13:37:04,310] {taskinstance.py:1414} INFO - Exporting the following env vars:
AIRFLOW_CTX_DAG_OWNER=***
AIRFLOW_CTX_DAG_ID=fourth_dag
AIRFLOW_CTX_TASK_ID=get_gross_year_2
AIRFLOW_CTX_EXECUTION_DATE=2021-10-16T13:34:00+00:00
AIRFLOW_CTX_DAG_RUN_ID=scheduled__2021-10-16T13:34:00+00:00
[2021-10-16 13:37:04,346] {python.py:152} INFO - Done. Returned value was: ['$252.04 ', '2008\n']
[2021-10-16 13:37:04,397] {taskinstance.py:1280} INFO - Marking task as SUCCESS. dag_id=fourth_dag, task_id=get_gross_year_2, execution_date=20211016T133400, start_date=20211016T133704, end_date=20211016T133704
[2021-10-16 13:37:04,440] {local_task_job.py:154} INFO - Task exited with return code 0
[2021-10-16 13:37:04,535] {local_task_job.py:264} INFO - 0 downstream tasks scheduled from follow-on schedule check
