[2021-10-16 13:04:51,664] {taskinstance.py:1035} INFO - Dependencies all met for <TaskInstance: movie_chooser_dag.choose_movie_1 scheduled__2021-10-16T12:10:00+00:00 [queued]>
[2021-10-16 13:04:51,688] {taskinstance.py:1035} INFO - Dependencies all met for <TaskInstance: movie_chooser_dag.choose_movie_1 scheduled__2021-10-16T12:10:00+00:00 [queued]>
[2021-10-16 13:04:51,689] {taskinstance.py:1241} INFO - 
--------------------------------------------------------------------------------
[2021-10-16 13:04:51,689] {taskinstance.py:1242} INFO - Starting attempt 1 of 1
[2021-10-16 13:04:51,689] {taskinstance.py:1243} INFO - 
--------------------------------------------------------------------------------
[2021-10-16 13:04:51,762] {taskinstance.py:1262} INFO - Executing <Task(PythonOperator): choose_movie_1> on 2021-10-16 12:10:00+00:00
[2021-10-16 13:04:51,780] {standard_task_runner.py:76} INFO - Running: ['***', 'tasks', 'run', 'movie_chooser_dag', 'choose_movie_1', 'scheduled__2021-10-16T12:10:00+00:00', '--job-id', '239', '--raw', '--subdir', 'DAGS_FOLDER/third_dag.py', '--cfg-path', '/tmp/tmp0oafomeu', '--error-file', '/tmp/tmpg9_gpmlu']
[2021-10-16 13:04:51,781] {standard_task_runner.py:77} INFO - Job 239: Subtask choose_movie_1
[2021-10-16 13:04:51,774] {standard_task_runner.py:52} INFO - Started process 413 to run task
[2021-10-16 13:04:51,864] {logging_mixin.py:109} INFO - Running <TaskInstance: movie_chooser_dag.choose_movie_1 scheduled__2021-10-16T12:10:00+00:00 [running]> on host e03fb9e01fd8
[2021-10-16 13:04:51,976] {taskinstance.py:1414} INFO - Exporting the following env vars:
AIRFLOW_CTX_DAG_OWNER=***
AIRFLOW_CTX_DAG_ID=movie_chooser_dag
AIRFLOW_CTX_TASK_ID=choose_movie_1
AIRFLOW_CTX_EXECUTION_DATE=2021-10-16T12:10:00+00:00
AIRFLOW_CTX_DAG_RUN_ID=scheduled__2021-10-16T12:10:00+00:00
[2021-10-16 13:04:52,012] {python.py:152} INFO - Done. Returned value was: Love & Other Drugs,Comedy,Fox,55,1.817666667,48,$54.53 ,2010

[2021-10-16 13:04:52,452] {taskinstance.py:1280} INFO - Marking task as SUCCESS. dag_id=movie_chooser_dag, task_id=choose_movie_1, execution_date=20211016T121000, start_date=20211016T130451, end_date=20211016T130452
[2021-10-16 13:04:52,481] {local_task_job.py:154} INFO - Task exited with return code 0
[2021-10-16 13:04:52,562] {local_task_job.py:264} INFO - 1 downstream tasks scheduled from follow-on schedule check
