[2021-10-16 13:05:03,313] {taskinstance.py:1035} INFO - Dependencies all met for <TaskInstance: movie_chooser_dag.choose_movie_1 scheduled__2021-10-16T12:24:00+00:00 [queued]>
[2021-10-16 13:05:03,352] {taskinstance.py:1035} INFO - Dependencies all met for <TaskInstance: movie_chooser_dag.choose_movie_1 scheduled__2021-10-16T12:24:00+00:00 [queued]>
[2021-10-16 13:05:03,353] {taskinstance.py:1241} INFO - 
--------------------------------------------------------------------------------
[2021-10-16 13:05:03,353] {taskinstance.py:1242} INFO - Starting attempt 1 of 1
[2021-10-16 13:05:03,353] {taskinstance.py:1243} INFO - 
--------------------------------------------------------------------------------
[2021-10-16 13:05:03,444] {taskinstance.py:1262} INFO - Executing <Task(PythonOperator): choose_movie_1> on 2021-10-16 12:24:00+00:00
[2021-10-16 13:05:03,476] {standard_task_runner.py:76} INFO - Running: ['***', 'tasks', 'run', 'movie_chooser_dag', 'choose_movie_1', 'scheduled__2021-10-16T12:24:00+00:00', '--job-id', '297', '--raw', '--subdir', 'DAGS_FOLDER/third_dag.py', '--cfg-path', '/tmp/tmp9_p_sjni', '--error-file', '/tmp/tmpv7ia0djs']
[2021-10-16 13:05:03,476] {standard_task_runner.py:77} INFO - Job 297: Subtask choose_movie_1
[2021-10-16 13:05:03,462] {standard_task_runner.py:52} INFO - Started process 537 to run task
[2021-10-16 13:05:03,625] {logging_mixin.py:109} INFO - Running <TaskInstance: movie_chooser_dag.choose_movie_1 scheduled__2021-10-16T12:24:00+00:00 [running]> on host e03fb9e01fd8
[2021-10-16 13:05:03,789] {taskinstance.py:1414} INFO - Exporting the following env vars:
AIRFLOW_CTX_DAG_OWNER=***
AIRFLOW_CTX_DAG_ID=movie_chooser_dag
AIRFLOW_CTX_TASK_ID=choose_movie_1
AIRFLOW_CTX_EXECUTION_DATE=2021-10-16T12:24:00+00:00
AIRFLOW_CTX_DAG_RUN_ID=scheduled__2021-10-16T12:24:00+00:00
[2021-10-16 13:05:03,833] {python.py:152} INFO - Done. Returned value was: Jane Eyre,Romance,Universal,77,0,85,$30.15 ,2011

[2021-10-16 13:05:03,891] {taskinstance.py:1280} INFO - Marking task as SUCCESS. dag_id=movie_chooser_dag, task_id=choose_movie_1, execution_date=20211016T122400, start_date=20211016T130503, end_date=20211016T130503
[2021-10-16 13:05:03,988] {local_task_job.py:154} INFO - Task exited with return code 0
[2021-10-16 13:05:04,086] {local_task_job.py:264} INFO - 0 downstream tasks scheduled from follow-on schedule check
