[2021-10-16 13:05:42,523] {taskinstance.py:1035} INFO - Dependencies all met for <TaskInstance: movie_chooser_dag.choose_movie_1 scheduled__2021-10-16T13:00:00+00:00 [queued]>
[2021-10-16 13:05:42,590] {taskinstance.py:1035} INFO - Dependencies all met for <TaskInstance: movie_chooser_dag.choose_movie_1 scheduled__2021-10-16T13:00:00+00:00 [queued]>
[2021-10-16 13:05:42,590] {taskinstance.py:1241} INFO - 
--------------------------------------------------------------------------------
[2021-10-16 13:05:42,590] {taskinstance.py:1242} INFO - Starting attempt 1 of 1
[2021-10-16 13:05:42,590] {taskinstance.py:1243} INFO - 
--------------------------------------------------------------------------------
[2021-10-16 13:05:42,749] {taskinstance.py:1262} INFO - Executing <Task(PythonOperator): choose_movie_1> on 2021-10-16 13:00:00+00:00
[2021-10-16 13:05:42,787] {standard_task_runner.py:76} INFO - Running: ['***', 'tasks', 'run', 'movie_chooser_dag', 'choose_movie_1', 'scheduled__2021-10-16T13:00:00+00:00', '--job-id', '472', '--raw', '--subdir', 'DAGS_FOLDER/third_dag.py', '--cfg-path', '/tmp/tmpvk_bwmb_', '--error-file', '/tmp/tmpmh4xwggc']
[2021-10-16 13:05:42,788] {standard_task_runner.py:77} INFO - Job 472: Subtask choose_movie_1
[2021-10-16 13:05:42,773] {standard_task_runner.py:52} INFO - Started process 912 to run task
[2021-10-16 13:05:42,943] {logging_mixin.py:109} INFO - Running <TaskInstance: movie_chooser_dag.choose_movie_1 scheduled__2021-10-16T13:00:00+00:00 [running]> on host e03fb9e01fd8
[2021-10-16 13:05:43,196] {taskinstance.py:1414} INFO - Exporting the following env vars:
AIRFLOW_CTX_DAG_OWNER=***
AIRFLOW_CTX_DAG_ID=movie_chooser_dag
AIRFLOW_CTX_TASK_ID=choose_movie_1
AIRFLOW_CTX_EXECUTION_DATE=2021-10-16T13:00:00+00:00
AIRFLOW_CTX_DAG_RUN_ID=scheduled__2021-10-16T13:00:00+00:00
[2021-10-16 13:05:43,250] {python.py:152} INFO - Done. Returned value was: Across the Universe,romance,Independent,84,0.652603178,54,$29.37 ,2007

[2021-10-16 13:05:43,374] {taskinstance.py:1280} INFO - Marking task as SUCCESS. dag_id=movie_chooser_dag, task_id=choose_movie_1, execution_date=20211016T130000, start_date=20211016T130542, end_date=20211016T130543
[2021-10-16 13:05:43,571] {local_task_job.py:154} INFO - Task exited with return code 0
[2021-10-16 13:05:43,907] {local_task_job.py:264} INFO - 0 downstream tasks scheduled from follow-on schedule check
