[2021-10-16 13:04:58,763] {taskinstance.py:1035} INFO - Dependencies all met for <TaskInstance: fourth_dag.get_gross_year_1 scheduled__2021-10-16T11:00:00+00:00 [queued]>
[2021-10-16 13:04:58,815] {taskinstance.py:1035} INFO - Dependencies all met for <TaskInstance: fourth_dag.get_gross_year_1 scheduled__2021-10-16T11:00:00+00:00 [queued]>
[2021-10-16 13:04:58,816] {taskinstance.py:1241} INFO - 
--------------------------------------------------------------------------------
[2021-10-16 13:04:58,816] {taskinstance.py:1242} INFO - Starting attempt 1 of 1
[2021-10-16 13:04:58,816] {taskinstance.py:1243} INFO - 
--------------------------------------------------------------------------------
[2021-10-16 13:04:58,876] {taskinstance.py:1262} INFO - Executing <Task(PythonOperator): get_gross_year_1> on 2021-10-16 11:00:00+00:00
[2021-10-16 13:04:58,905] {standard_task_runner.py:76} INFO - Running: ['***', 'tasks', 'run', 'fourth_dag', 'get_gross_year_1', 'scheduled__2021-10-16T11:00:00+00:00', '--job-id', '274', '--raw', '--subdir', 'DAGS_FOLDER/fourth_dag.py', '--cfg-path', '/tmp/tmp6y8ln9tb', '--error-file', '/tmp/tmpe3at8thg']
[2021-10-16 13:04:58,906] {standard_task_runner.py:77} INFO - Job 274: Subtask get_gross_year_1
[2021-10-16 13:04:58,888] {standard_task_runner.py:52} INFO - Started process 491 to run task
[2021-10-16 13:04:59,054] {logging_mixin.py:109} INFO - Running <TaskInstance: fourth_dag.get_gross_year_1 scheduled__2021-10-16T11:00:00+00:00 [running]> on host e03fb9e01fd8
[2021-10-16 13:04:59,200] {taskinstance.py:1414} INFO - Exporting the following env vars:
AIRFLOW_CTX_DAG_OWNER=***
AIRFLOW_CTX_DAG_ID=fourth_dag
AIRFLOW_CTX_TASK_ID=get_gross_year_1
AIRFLOW_CTX_EXECUTION_DATE=2021-10-16T11:00:00+00:00
AIRFLOW_CTX_DAG_RUN_ID=scheduled__2021-10-16T11:00:00+00:00
[2021-10-16 13:04:59,217] {python.py:152} INFO - Done. Returned value was: ['$20.10 ', '2010\n']
[2021-10-16 13:04:59,605] {taskinstance.py:1280} INFO - Marking task as SUCCESS. dag_id=fourth_dag, task_id=get_gross_year_1, execution_date=20211016T110000, start_date=20211016T130458, end_date=20211016T130459
[2021-10-16 13:04:59,711] {local_task_job.py:154} INFO - Task exited with return code 0
[2021-10-16 13:04:59,985] {local_task_job.py:264} INFO - 0 downstream tasks scheduled from follow-on schedule check
