[2021-10-16 13:05:19,149] {taskinstance.py:1035} INFO - Dependencies all met for <TaskInstance: fourth_dag.get_gross_year_0 scheduled__2021-10-16T11:54:00+00:00 [queued]>
[2021-10-16 13:05:19,296] {taskinstance.py:1035} INFO - Dependencies all met for <TaskInstance: fourth_dag.get_gross_year_0 scheduled__2021-10-16T11:54:00+00:00 [queued]>
[2021-10-16 13:05:19,297] {taskinstance.py:1241} INFO - 
--------------------------------------------------------------------------------
[2021-10-16 13:05:19,297] {taskinstance.py:1242} INFO - Starting attempt 1 of 1
[2021-10-16 13:05:19,297] {taskinstance.py:1243} INFO - 
--------------------------------------------------------------------------------
[2021-10-16 13:05:19,376] {taskinstance.py:1262} INFO - Executing <Task(PythonOperator): get_gross_year_0> on 2021-10-16 11:54:00+00:00
[2021-10-16 13:05:19,387] {standard_task_runner.py:52} INFO - Started process 730 to run task
[2021-10-16 13:05:19,432] {standard_task_runner.py:76} INFO - Running: ['***', 'tasks', 'run', 'fourth_dag', 'get_gross_year_0', 'scheduled__2021-10-16T11:54:00+00:00', '--job-id', '383', '--raw', '--subdir', 'DAGS_FOLDER/fourth_dag.py', '--cfg-path', '/tmp/tmpwg648n7s', '--error-file', '/tmp/tmp_x4yweks']
[2021-10-16 13:05:19,433] {standard_task_runner.py:77} INFO - Job 383: Subtask get_gross_year_0
[2021-10-16 13:05:19,648] {logging_mixin.py:109} INFO - Running <TaskInstance: fourth_dag.get_gross_year_0 scheduled__2021-10-16T11:54:00+00:00 [running]> on host e03fb9e01fd8
[2021-10-16 13:05:20,003] {taskinstance.py:1414} INFO - Exporting the following env vars:
AIRFLOW_CTX_DAG_OWNER=***
AIRFLOW_CTX_DAG_ID=fourth_dag
AIRFLOW_CTX_TASK_ID=get_gross_year_0
AIRFLOW_CTX_EXECUTION_DATE=2021-10-16T11:54:00+00:00
AIRFLOW_CTX_DAG_RUN_ID=scheduled__2021-10-16T11:54:00+00:00
[2021-10-16 13:05:20,033] {python.py:152} INFO - Done. Returned value was: ['$160.31 ', '2008\n']
[2021-10-16 13:05:20,114] {taskinstance.py:1280} INFO - Marking task as SUCCESS. dag_id=fourth_dag, task_id=get_gross_year_0, execution_date=20211016T115400, start_date=20211016T130519, end_date=20211016T130520
[2021-10-16 13:05:20,185] {local_task_job.py:154} INFO - Task exited with return code 0
[2021-10-16 13:05:20,408] {local_task_job.py:264} INFO - 0 downstream tasks scheduled from follow-on schedule check
