[2021-10-16 13:05:10,917] {taskinstance.py:1035} INFO - Dependencies all met for <TaskInstance: movie_chooser_dag.choose_movie_0 scheduled__2021-10-16T12:38:00+00:00 [queued]>
[2021-10-16 13:05:10,945] {taskinstance.py:1035} INFO - Dependencies all met for <TaskInstance: movie_chooser_dag.choose_movie_0 scheduled__2021-10-16T12:38:00+00:00 [queued]>
[2021-10-16 13:05:10,946] {taskinstance.py:1241} INFO - 
--------------------------------------------------------------------------------
[2021-10-16 13:05:10,946] {taskinstance.py:1242} INFO - Starting attempt 1 of 1
[2021-10-16 13:05:10,946] {taskinstance.py:1243} INFO - 
--------------------------------------------------------------------------------
[2021-10-16 13:05:10,993] {taskinstance.py:1262} INFO - Executing <Task(PythonOperator): choose_movie_0> on 2021-10-16 12:38:00+00:00
[2021-10-16 13:05:11,003] {standard_task_runner.py:52} INFO - Started process 624 to run task
[2021-10-16 13:05:11,017] {standard_task_runner.py:76} INFO - Running: ['***', 'tasks', 'run', 'movie_chooser_dag', 'choose_movie_0', 'scheduled__2021-10-16T12:38:00+00:00', '--job-id', '340', '--raw', '--subdir', 'DAGS_FOLDER/third_dag.py', '--cfg-path', '/tmp/tmpglsxcn80', '--error-file', '/tmp/tmptmevcot7']
[2021-10-16 13:05:11,018] {standard_task_runner.py:77} INFO - Job 340: Subtask choose_movie_0
[2021-10-16 13:05:11,176] {logging_mixin.py:109} INFO - Running <TaskInstance: movie_chooser_dag.choose_movie_0 scheduled__2021-10-16T12:38:00+00:00 [running]> on host e03fb9e01fd8
[2021-10-16 13:05:11,343] {taskinstance.py:1414} INFO - Exporting the following env vars:
AIRFLOW_CTX_DAG_OWNER=***
AIRFLOW_CTX_DAG_ID=movie_chooser_dag
AIRFLOW_CTX_TASK_ID=choose_movie_0
AIRFLOW_CTX_EXECUTION_DATE=2021-10-16T12:38:00+00:00
AIRFLOW_CTX_DAG_RUN_ID=scheduled__2021-10-16T12:38:00+00:00
[2021-10-16 13:05:11,377] {python.py:152} INFO - Done. Returned value was: License to Wed,Comedy,Warner Bros.,55,1.9802064,8,$69.31 ,2007

[2021-10-16 13:05:11,502] {taskinstance.py:1280} INFO - Marking task as SUCCESS. dag_id=movie_chooser_dag, task_id=choose_movie_0, execution_date=20211016T123800, start_date=20211016T130510, end_date=20211016T130511
[2021-10-16 13:05:11,651] {local_task_job.py:154} INFO - Task exited with return code 0
[2021-10-16 13:05:11,778] {local_task_job.py:264} INFO - 1 downstream tasks scheduled from follow-on schedule check
