[2021-10-16 13:04:56,905] {taskinstance.py:1035} INFO - Dependencies all met for <TaskInstance: fourth_dag.get_gross_year_2 scheduled__2021-10-16T10:52:00+00:00 [queued]>
[2021-10-16 13:04:56,951] {taskinstance.py:1035} INFO - Dependencies all met for <TaskInstance: fourth_dag.get_gross_year_2 scheduled__2021-10-16T10:52:00+00:00 [queued]>
[2021-10-16 13:04:56,951] {taskinstance.py:1241} INFO - 
--------------------------------------------------------------------------------
[2021-10-16 13:04:56,952] {taskinstance.py:1242} INFO - Starting attempt 1 of 1
[2021-10-16 13:04:56,952] {taskinstance.py:1243} INFO - 
--------------------------------------------------------------------------------
[2021-10-16 13:04:57,020] {taskinstance.py:1262} INFO - Executing <Task(PythonOperator): get_gross_year_2> on 2021-10-16 10:52:00+00:00
[2021-10-16 13:04:57,042] {standard_task_runner.py:76} INFO - Running: ['***', 'tasks', 'run', 'fourth_dag', 'get_gross_year_2', 'scheduled__2021-10-16T10:52:00+00:00', '--job-id', '259', '--raw', '--subdir', 'DAGS_FOLDER/fourth_dag.py', '--cfg-path', '/tmp/tmphyyhvepl', '--error-file', '/tmp/tmpttf9xrlj']
[2021-10-16 13:04:57,043] {standard_task_runner.py:77} INFO - Job 259: Subtask get_gross_year_2
[2021-10-16 13:04:57,032] {standard_task_runner.py:52} INFO - Started process 470 to run task
[2021-10-16 13:04:57,143] {logging_mixin.py:109} INFO - Running <TaskInstance: fourth_dag.get_gross_year_2 scheduled__2021-10-16T10:52:00+00:00 [running]> on host e03fb9e01fd8
[2021-10-16 13:04:57,243] {taskinstance.py:1414} INFO - Exporting the following env vars:
AIRFLOW_CTX_DAG_OWNER=***
AIRFLOW_CTX_DAG_ID=fourth_dag
AIRFLOW_CTX_TASK_ID=get_gross_year_2
AIRFLOW_CTX_EXECUTION_DATE=2021-10-16T10:52:00+00:00
AIRFLOW_CTX_DAG_RUN_ID=scheduled__2021-10-16T10:52:00+00:00
[2021-10-16 13:04:57,256] {python.py:152} INFO - Done. Returned value was: ['$32.40 ', '2009\n']
[2021-10-16 13:04:57,724] {taskinstance.py:1280} INFO - Marking task as SUCCESS. dag_id=fourth_dag, task_id=get_gross_year_2, execution_date=20211016T105200, start_date=20211016T130456, end_date=20211016T130457
[2021-10-16 13:04:57,815] {local_task_job.py:154} INFO - Task exited with return code 0
[2021-10-16 13:04:57,904] {local_task_job.py:264} INFO - 0 downstream tasks scheduled from follow-on schedule check
