[2021-10-16 13:53:04,222] {taskinstance.py:1035} INFO - Dependencies all met for <TaskInstance: fourth_dag.get_gross_year_2 scheduled__2021-10-16T13:50:00+00:00 [queued]>
[2021-10-16 13:53:04,248] {taskinstance.py:1035} INFO - Dependencies all met for <TaskInstance: fourth_dag.get_gross_year_2 scheduled__2021-10-16T13:50:00+00:00 [queued]>
[2021-10-16 13:53:04,248] {taskinstance.py:1241} INFO - 
--------------------------------------------------------------------------------
[2021-10-16 13:53:04,248] {taskinstance.py:1242} INFO - Starting attempt 1 of 1
[2021-10-16 13:53:04,248] {taskinstance.py:1243} INFO - 
--------------------------------------------------------------------------------
[2021-10-16 13:53:04,348] {taskinstance.py:1262} INFO - Executing <Task(PythonOperator): get_gross_year_2> on 2021-10-16 13:50:00+00:00
[2021-10-16 13:53:04,362] {standard_task_runner.py:76} INFO - Running: ['***', 'tasks', 'run', 'fourth_dag', 'get_gross_year_2', 'scheduled__2021-10-16T13:50:00+00:00', '--job-id', '724', '--raw', '--subdir', 'DAGS_FOLDER/fourth_dag.py', '--cfg-path', '/tmp/tmpkn9doqgf', '--error-file', '/tmp/tmpjvkgy0hm']
[2021-10-16 13:53:04,363] {standard_task_runner.py:77} INFO - Job 724: Subtask get_gross_year_2
[2021-10-16 13:53:04,356] {standard_task_runner.py:52} INFO - Started process 3410 to run task
[2021-10-16 13:53:04,440] {logging_mixin.py:109} INFO - Running <TaskInstance: fourth_dag.get_gross_year_2 scheduled__2021-10-16T13:50:00+00:00 [running]> on host e03fb9e01fd8
[2021-10-16 13:53:04,528] {taskinstance.py:1414} INFO - Exporting the following env vars:
AIRFLOW_CTX_DAG_OWNER=***
AIRFLOW_CTX_DAG_ID=fourth_dag
AIRFLOW_CTX_TASK_ID=get_gross_year_2
AIRFLOW_CTX_EXECUTION_DATE=2021-10-16T13:50:00+00:00
AIRFLOW_CTX_DAG_RUN_ID=scheduled__2021-10-16T13:50:00+00:00
[2021-10-16 13:53:04,543] {python.py:152} INFO - Done. Returned value was: ['$92.60 ', '2007\n']
[2021-10-16 13:53:04,603] {taskinstance.py:1280} INFO - Marking task as SUCCESS. dag_id=fourth_dag, task_id=get_gross_year_2, execution_date=20211016T135000, start_date=20211016T135304, end_date=20211016T135304
[2021-10-16 13:53:04,662] {local_task_job.py:154} INFO - Task exited with return code 0
[2021-10-16 13:53:04,733] {local_task_job.py:264} INFO - 0 downstream tasks scheduled from follow-on schedule check
