[2021-10-16 13:26:01,904] {taskinstance.py:1035} INFO - Dependencies all met for <TaskInstance: movie_chooser_dag.choose_movie_1 scheduled__2021-10-16T13:24:00+00:00 [queued]>
[2021-10-16 13:26:01,925] {taskinstance.py:1035} INFO - Dependencies all met for <TaskInstance: movie_chooser_dag.choose_movie_1 scheduled__2021-10-16T13:24:00+00:00 [queued]>
[2021-10-16 13:26:01,925] {taskinstance.py:1241} INFO - 
--------------------------------------------------------------------------------
[2021-10-16 13:26:01,925] {taskinstance.py:1242} INFO - Starting attempt 1 of 1
[2021-10-16 13:26:01,925] {taskinstance.py:1243} INFO - 
--------------------------------------------------------------------------------
[2021-10-16 13:26:01,976] {taskinstance.py:1262} INFO - Executing <Task(PythonOperator): choose_movie_1> on 2021-10-16 13:24:00+00:00
[2021-10-16 13:26:01,989] {standard_task_runner.py:76} INFO - Running: ['***', 'tasks', 'run', 'movie_chooser_dag', 'choose_movie_1', 'scheduled__2021-10-16T13:24:00+00:00', '--job-id', '630', '--raw', '--subdir', 'DAGS_FOLDER/third_dag.py', '--cfg-path', '/tmp/tmpj5op19ie', '--error-file', '/tmp/tmpdi833pfh']
[2021-10-16 13:26:01,990] {standard_task_runner.py:77} INFO - Job 630: Subtask choose_movie_1
[2021-10-16 13:26:01,984] {standard_task_runner.py:52} INFO - Started process 2091 to run task
[2021-10-16 13:26:02,050] {logging_mixin.py:109} INFO - Running <TaskInstance: movie_chooser_dag.choose_movie_1 scheduled__2021-10-16T13:24:00+00:00 [running]> on host e03fb9e01fd8
[2021-10-16 13:26:02,126] {taskinstance.py:1414} INFO - Exporting the following env vars:
AIRFLOW_CTX_DAG_OWNER=***
AIRFLOW_CTX_DAG_ID=movie_chooser_dag
AIRFLOW_CTX_TASK_ID=choose_movie_1
AIRFLOW_CTX_EXECUTION_DATE=2021-10-16T13:24:00+00:00
AIRFLOW_CTX_DAG_RUN_ID=scheduled__2021-10-16T13:24:00+00:00
[2021-10-16 13:26:02,141] {python.py:152} INFO - Done. Returned value was: Going the Distance,Comedy,Warner Bros.,56,1.3140625,53,$42.05 ,2010

[2021-10-16 13:26:02,175] {taskinstance.py:1280} INFO - Marking task as SUCCESS. dag_id=movie_chooser_dag, task_id=choose_movie_1, execution_date=20211016T132400, start_date=20211016T132601, end_date=20211016T132602
[2021-10-16 13:26:02,207] {local_task_job.py:154} INFO - Task exited with return code 0
[2021-10-16 13:26:02,271] {local_task_job.py:264} INFO - 1 downstream tasks scheduled from follow-on schedule check
