[2021-10-16 13:05:12,338] {taskinstance.py:1035} INFO - Dependencies all met for <TaskInstance: fourth_dag.get_gross_year_2 scheduled__2021-10-16T11:12:00+00:00 [queued]>
[2021-10-16 13:05:12,456] {taskinstance.py:1035} INFO - Dependencies all met for <TaskInstance: fourth_dag.get_gross_year_2 scheduled__2021-10-16T11:12:00+00:00 [queued]>
[2021-10-16 13:05:12,456] {taskinstance.py:1241} INFO - 
--------------------------------------------------------------------------------
[2021-10-16 13:05:12,456] {taskinstance.py:1242} INFO - Starting attempt 1 of 1
[2021-10-16 13:05:12,457] {taskinstance.py:1243} INFO - 
--------------------------------------------------------------------------------
[2021-10-16 13:05:12,566] {taskinstance.py:1262} INFO - Executing <Task(PythonOperator): get_gross_year_2> on 2021-10-16 11:12:00+00:00
[2021-10-16 13:05:12,595] {standard_task_runner.py:76} INFO - Running: ['***', 'tasks', 'run', 'fourth_dag', 'get_gross_year_2', 'scheduled__2021-10-16T11:12:00+00:00', '--job-id', '353', '--raw', '--subdir', 'DAGS_FOLDER/fourth_dag.py', '--cfg-path', '/tmp/tmpqxvhrxyq', '--error-file', '/tmp/tmpe_6asi0w']
[2021-10-16 13:05:12,596] {standard_task_runner.py:77} INFO - Job 353: Subtask get_gross_year_2
[2021-10-16 13:05:12,582] {standard_task_runner.py:52} INFO - Started process 651 to run task
[2021-10-16 13:05:12,738] {logging_mixin.py:109} INFO - Running <TaskInstance: fourth_dag.get_gross_year_2 scheduled__2021-10-16T11:12:00+00:00 [running]> on host e03fb9e01fd8
[2021-10-16 13:05:13,044] {taskinstance.py:1414} INFO - Exporting the following env vars:
AIRFLOW_CTX_DAG_OWNER=***
AIRFLOW_CTX_DAG_ID=fourth_dag
AIRFLOW_CTX_TASK_ID=get_gross_year_2
AIRFLOW_CTX_EXECUTION_DATE=2021-10-16T11:12:00+00:00
AIRFLOW_CTX_DAG_RUN_ID=scheduled__2021-10-16T11:12:00+00:00
[2021-10-16 13:05:13,101] {python.py:152} INFO - Done. Returned value was: ['$217.57 ', '2010\n']
[2021-10-16 13:05:13,145] {taskinstance.py:1280} INFO - Marking task as SUCCESS. dag_id=fourth_dag, task_id=get_gross_year_2, execution_date=20211016T111200, start_date=20211016T130512, end_date=20211016T130513
[2021-10-16 13:05:13,191] {local_task_job.py:154} INFO - Task exited with return code 0
[2021-10-16 13:05:13,277] {local_task_job.py:264} INFO - 1 downstream tasks scheduled from follow-on schedule check
