[2021-10-16 13:05:08,797] {taskinstance.py:1035} INFO - Dependencies all met for <TaskInstance: fourth_dag.get_gross_year_2 scheduled__2021-10-16T11:10:00+00:00 [queued]>
[2021-10-16 13:05:08,849] {taskinstance.py:1035} INFO - Dependencies all met for <TaskInstance: fourth_dag.get_gross_year_2 scheduled__2021-10-16T11:10:00+00:00 [queued]>
[2021-10-16 13:05:08,849] {taskinstance.py:1241} INFO - 
--------------------------------------------------------------------------------
[2021-10-16 13:05:08,849] {taskinstance.py:1242} INFO - Starting attempt 1 of 1
[2021-10-16 13:05:08,850] {taskinstance.py:1243} INFO - 
--------------------------------------------------------------------------------
[2021-10-16 13:05:08,916] {taskinstance.py:1262} INFO - Executing <Task(PythonOperator): get_gross_year_2> on 2021-10-16 11:10:00+00:00
[2021-10-16 13:05:08,940] {standard_task_runner.py:76} INFO - Running: ['***', 'tasks', 'run', 'fourth_dag', 'get_gross_year_2', 'scheduled__2021-10-16T11:10:00+00:00', '--job-id', '326', '--raw', '--subdir', 'DAGS_FOLDER/fourth_dag.py', '--cfg-path', '/tmp/tmp1004lx_7', '--error-file', '/tmp/tmpm9z5zu8x']
[2021-10-16 13:05:08,941] {standard_task_runner.py:77} INFO - Job 326: Subtask get_gross_year_2
[2021-10-16 13:05:08,932] {standard_task_runner.py:52} INFO - Started process 596 to run task
[2021-10-16 13:05:09,057] {logging_mixin.py:109} INFO - Running <TaskInstance: fourth_dag.get_gross_year_2 scheduled__2021-10-16T11:10:00+00:00 [running]> on host e03fb9e01fd8
[2021-10-16 13:05:09,250] {taskinstance.py:1414} INFO - Exporting the following env vars:
AIRFLOW_CTX_DAG_OWNER=***
AIRFLOW_CTX_DAG_ID=fourth_dag
AIRFLOW_CTX_TASK_ID=get_gross_year_2
AIRFLOW_CTX_EXECUTION_DATE=2021-10-16T11:10:00+00:00
AIRFLOW_CTX_DAG_RUN_ID=scheduled__2021-10-16T11:10:00+00:00
[2021-10-16 13:05:09,271] {python.py:152} INFO - Done. Returned value was: ['$160.31 ', '2008\n']
[2021-10-16 13:05:09,414] {taskinstance.py:1280} INFO - Marking task as SUCCESS. dag_id=fourth_dag, task_id=get_gross_year_2, execution_date=20211016T111000, start_date=20211016T130508, end_date=20211016T130509
[2021-10-16 13:05:09,468] {local_task_job.py:154} INFO - Task exited with return code 0
[2021-10-16 13:05:09,662] {local_task_job.py:264} INFO - 0 downstream tasks scheduled from follow-on schedule check
