[2021-10-16 13:05:20,819] {taskinstance.py:1035} INFO - Dependencies all met for <TaskInstance: movie_chooser_dag.choose_movie_0 scheduled__2021-10-16T12:44:00+00:00 [queued]>
[2021-10-16 13:05:21,103] {taskinstance.py:1035} INFO - Dependencies all met for <TaskInstance: movie_chooser_dag.choose_movie_0 scheduled__2021-10-16T12:44:00+00:00 [queued]>
[2021-10-16 13:05:21,104] {taskinstance.py:1241} INFO - 
--------------------------------------------------------------------------------
[2021-10-16 13:05:21,104] {taskinstance.py:1242} INFO - Starting attempt 1 of 1
[2021-10-16 13:05:21,104] {taskinstance.py:1243} INFO - 
--------------------------------------------------------------------------------
[2021-10-16 13:05:21,292] {taskinstance.py:1262} INFO - Executing <Task(PythonOperator): choose_movie_0> on 2021-10-16 12:44:00+00:00
[2021-10-16 13:05:21,387] {standard_task_runner.py:52} INFO - Started process 742 to run task
[2021-10-16 13:05:21,508] {standard_task_runner.py:76} INFO - Running: ['***', 'tasks', 'run', 'movie_chooser_dag', 'choose_movie_0', 'scheduled__2021-10-16T12:44:00+00:00', '--job-id', '394', '--raw', '--subdir', 'DAGS_FOLDER/third_dag.py', '--cfg-path', '/tmp/tmp5emp2quc', '--error-file', '/tmp/tmp67cykq7j']
[2021-10-16 13:05:21,524] {standard_task_runner.py:77} INFO - Job 394: Subtask choose_movie_0
[2021-10-16 13:05:21,856] {logging_mixin.py:109} INFO - Running <TaskInstance: movie_chooser_dag.choose_movie_0 scheduled__2021-10-16T12:44:00+00:00 [running]> on host e03fb9e01fd8
[2021-10-16 13:05:22,374] {taskinstance.py:1414} INFO - Exporting the following env vars:
AIRFLOW_CTX_DAG_OWNER=***
AIRFLOW_CTX_DAG_ID=movie_chooser_dag
AIRFLOW_CTX_TASK_ID=choose_movie_0
AIRFLOW_CTX_EXECUTION_DATE=2021-10-16T12:44:00+00:00
AIRFLOW_CTX_DAG_RUN_ID=scheduled__2021-10-16T12:44:00+00:00
[2021-10-16 13:05:22,503] {python.py:152} INFO - Done. Returned value was: License to Wed,Comedy,Warner Bros.,55,1.9802064,8,$69.31 ,2007

[2021-10-16 13:05:22,652] {taskinstance.py:1280} INFO - Marking task as SUCCESS. dag_id=movie_chooser_dag, task_id=choose_movie_0, execution_date=20211016T124400, start_date=20211016T130520, end_date=20211016T130522
[2021-10-16 13:05:22,789] {local_task_job.py:154} INFO - Task exited with return code 0
[2021-10-16 13:05:23,092] {local_task_job.py:264} INFO - 0 downstream tasks scheduled from follow-on schedule check
