[2021-10-16 13:06:03,375] {taskinstance.py:1035} INFO - Dependencies all met for <TaskInstance: fourth_dag.get_gross_year_0 scheduled__2021-10-16T13:00:00+00:00 [queued]>
[2021-10-16 13:06:03,408] {taskinstance.py:1035} INFO - Dependencies all met for <TaskInstance: fourth_dag.get_gross_year_0 scheduled__2021-10-16T13:00:00+00:00 [queued]>
[2021-10-16 13:06:03,408] {taskinstance.py:1241} INFO - 
--------------------------------------------------------------------------------
[2021-10-16 13:06:03,408] {taskinstance.py:1242} INFO - Starting attempt 1 of 1
[2021-10-16 13:06:03,408] {taskinstance.py:1243} INFO - 
--------------------------------------------------------------------------------
[2021-10-16 13:06:03,583] {taskinstance.py:1262} INFO - Executing <Task(PythonOperator): get_gross_year_0> on 2021-10-16 13:00:00+00:00
[2021-10-16 13:06:03,625] {standard_task_runner.py:76} INFO - Running: ['***', 'tasks', 'run', 'fourth_dag', 'get_gross_year_0', 'scheduled__2021-10-16T13:00:00+00:00', '--job-id', '558', '--raw', '--subdir', 'DAGS_FOLDER/fourth_dag.py', '--cfg-path', '/tmp/tmphpsuoejh', '--error-file', '/tmp/tmpg5t_bmh2']
[2021-10-16 13:06:03,626] {standard_task_runner.py:77} INFO - Job 558: Subtask get_gross_year_0
[2021-10-16 13:06:03,602] {standard_task_runner.py:52} INFO - Started process 1093 to run task
[2021-10-16 13:06:03,742] {logging_mixin.py:109} INFO - Running <TaskInstance: fourth_dag.get_gross_year_0 scheduled__2021-10-16T13:00:00+00:00 [running]> on host e03fb9e01fd8
[2021-10-16 13:06:03,930] {taskinstance.py:1414} INFO - Exporting the following env vars:
AIRFLOW_CTX_DAG_OWNER=***
AIRFLOW_CTX_DAG_ID=fourth_dag
AIRFLOW_CTX_TASK_ID=get_gross_year_0
AIRFLOW_CTX_EXECUTION_DATE=2021-10-16T13:00:00+00:00
AIRFLOW_CTX_DAG_RUN_ID=scheduled__2021-10-16T13:00:00+00:00
[2021-10-16 13:06:03,946] {python.py:152} INFO - Done. Returned value was: ['$160.31 ', '2008\n']
[2021-10-16 13:06:04,070] {taskinstance.py:1280} INFO - Marking task as SUCCESS. dag_id=fourth_dag, task_id=get_gross_year_0, execution_date=20211016T130000, start_date=20211016T130603, end_date=20211016T130604
[2021-10-16 13:06:04,105] {local_task_job.py:154} INFO - Task exited with return code 0
[2021-10-16 13:06:04,194] {local_task_job.py:264} INFO - 0 downstream tasks scheduled from follow-on schedule check
