[2021-10-16 13:48:02,696] {taskinstance.py:1035} INFO - Dependencies all met for <TaskInstance: movie_chooser_dag.choose_movie_0 scheduled__2021-10-16T13:46:00+00:00 [queued]>
[2021-10-16 13:48:02,717] {taskinstance.py:1035} INFO - Dependencies all met for <TaskInstance: movie_chooser_dag.choose_movie_0 scheduled__2021-10-16T13:46:00+00:00 [queued]>
[2021-10-16 13:48:02,717] {taskinstance.py:1241} INFO - 
--------------------------------------------------------------------------------
[2021-10-16 13:48:02,717] {taskinstance.py:1242} INFO - Starting attempt 1 of 1
[2021-10-16 13:48:02,718] {taskinstance.py:1243} INFO - 
--------------------------------------------------------------------------------
[2021-10-16 13:48:02,759] {taskinstance.py:1262} INFO - Executing <Task(PythonOperator): choose_movie_0> on 2021-10-16 13:46:00+00:00
[2021-10-16 13:48:02,769] {standard_task_runner.py:52} INFO - Started process 3170 to run task
[2021-10-16 13:48:02,792] {standard_task_runner.py:76} INFO - Running: ['***', 'tasks', 'run', 'movie_chooser_dag', 'choose_movie_0', 'scheduled__2021-10-16T13:46:00+00:00', '--job-id', '707', '--raw', '--subdir', 'DAGS_FOLDER/third_dag.py', '--cfg-path', '/tmp/tmp3rw4riwr', '--error-file', '/tmp/tmpefpqmxo6']
[2021-10-16 13:48:02,792] {standard_task_runner.py:77} INFO - Job 707: Subtask choose_movie_0
[2021-10-16 13:48:02,888] {logging_mixin.py:109} INFO - Running <TaskInstance: movie_chooser_dag.choose_movie_0 scheduled__2021-10-16T13:46:00+00:00 [running]> on host e03fb9e01fd8
[2021-10-16 13:48:02,973] {taskinstance.py:1414} INFO - Exporting the following env vars:
AIRFLOW_CTX_DAG_OWNER=***
AIRFLOW_CTX_DAG_ID=movie_chooser_dag
AIRFLOW_CTX_TASK_ID=choose_movie_0
AIRFLOW_CTX_EXECUTION_DATE=2021-10-16T13:46:00+00:00
AIRFLOW_CTX_DAG_RUN_ID=scheduled__2021-10-16T13:46:00+00:00
[2021-10-16 13:48:02,994] {python.py:152} INFO - Done. Returned value was: High School Musical 3: Senior Year,Comedy,Disney,76,22.91313646,65,$252.04 ,2008

[2021-10-16 13:48:03,048] {taskinstance.py:1280} INFO - Marking task as SUCCESS. dag_id=movie_chooser_dag, task_id=choose_movie_0, execution_date=20211016T134600, start_date=20211016T134802, end_date=20211016T134803
[2021-10-16 13:48:03,079] {local_task_job.py:154} INFO - Task exited with return code 0
[2021-10-16 13:48:03,162] {local_task_job.py:264} INFO - 0 downstream tasks scheduled from follow-on schedule check
