[2021-10-16 13:04:52,551] {taskinstance.py:1035} INFO - Dependencies all met for <TaskInstance: movie_chooser_dag.choose_movie_1 scheduled__2021-10-16T12:12:00+00:00 [queued]>
[2021-10-16 13:04:52,585] {taskinstance.py:1035} INFO - Dependencies all met for <TaskInstance: movie_chooser_dag.choose_movie_1 scheduled__2021-10-16T12:12:00+00:00 [queued]>
[2021-10-16 13:04:52,585] {taskinstance.py:1241} INFO - 
--------------------------------------------------------------------------------
[2021-10-16 13:04:52,585] {taskinstance.py:1242} INFO - Starting attempt 1 of 1
[2021-10-16 13:04:52,585] {taskinstance.py:1243} INFO - 
--------------------------------------------------------------------------------
[2021-10-16 13:04:52,666] {taskinstance.py:1262} INFO - Executing <Task(PythonOperator): choose_movie_1> on 2021-10-16 12:12:00+00:00
[2021-10-16 13:04:52,689] {standard_task_runner.py:76} INFO - Running: ['***', 'tasks', 'run', 'movie_chooser_dag', 'choose_movie_1', 'scheduled__2021-10-16T12:12:00+00:00', '--job-id', '242', '--raw', '--subdir', 'DAGS_FOLDER/third_dag.py', '--cfg-path', '/tmp/tmpeff4kdww', '--error-file', '/tmp/tmpqmbr2c_j']
[2021-10-16 13:04:52,690] {standard_task_runner.py:77} INFO - Job 242: Subtask choose_movie_1
[2021-10-16 13:04:52,683] {standard_task_runner.py:52} INFO - Started process 419 to run task
[2021-10-16 13:04:52,791] {logging_mixin.py:109} INFO - Running <TaskInstance: movie_chooser_dag.choose_movie_1 scheduled__2021-10-16T12:12:00+00:00 [running]> on host e03fb9e01fd8
[2021-10-16 13:04:52,915] {taskinstance.py:1414} INFO - Exporting the following env vars:
AIRFLOW_CTX_DAG_OWNER=***
AIRFLOW_CTX_DAG_ID=movie_chooser_dag
AIRFLOW_CTX_TASK_ID=choose_movie_1
AIRFLOW_CTX_EXECUTION_DATE=2021-10-16T12:12:00+00:00
AIRFLOW_CTX_DAG_RUN_ID=scheduled__2021-10-16T12:12:00+00:00
[2021-10-16 13:04:52,943] {python.py:152} INFO - Done. Returned value was: No Reservations,Comedy,Warner Bros.,64,3.307180357,39,$92.60 ,2007

[2021-10-16 13:04:53,218] {taskinstance.py:1280} INFO - Marking task as SUCCESS. dag_id=movie_chooser_dag, task_id=choose_movie_1, execution_date=20211016T121200, start_date=20211016T130452, end_date=20211016T130453
[2021-10-16 13:04:53,282] {local_task_job.py:154} INFO - Task exited with return code 0
[2021-10-16 13:04:53,374] {local_task_job.py:264} INFO - 0 downstream tasks scheduled from follow-on schedule check
