[2021-10-16 10:34:02,480] {taskinstance.py:1035} INFO - Dependencies all met for <TaskInstance: movie_chooser_dag.choose_movie_0 scheduled__2021-10-16T10:32:00+00:00 [queued]>
[2021-10-16 10:34:02,530] {taskinstance.py:1035} INFO - Dependencies all met for <TaskInstance: movie_chooser_dag.choose_movie_0 scheduled__2021-10-16T10:32:00+00:00 [queued]>
[2021-10-16 10:34:02,530] {taskinstance.py:1241} INFO - 
--------------------------------------------------------------------------------
[2021-10-16 10:34:02,531] {taskinstance.py:1242} INFO - Starting attempt 1 of 1
[2021-10-16 10:34:02,531] {taskinstance.py:1243} INFO - 
--------------------------------------------------------------------------------
[2021-10-16 10:34:02,549] {taskinstance.py:1262} INFO - Executing <Task(PythonOperator): choose_movie_0> on 2021-10-16 10:32:00+00:00
[2021-10-16 10:34:02,560] {standard_task_runner.py:76} INFO - Running: ['***', 'tasks', 'run', 'movie_chooser_dag', 'choose_movie_0', 'scheduled__2021-10-16T10:32:00+00:00', '--job-id', '26', '--raw', '--subdir', 'DAGS_FOLDER/third_dag.py', '--cfg-path', '/tmp/tmpfgh2tt6w', '--error-file', '/tmp/tmpwvafdryg']
[2021-10-16 10:34:02,561] {standard_task_runner.py:77} INFO - Job 26: Subtask choose_movie_0
[2021-10-16 10:34:02,556] {standard_task_runner.py:52} INFO - Started process 644 to run task
[2021-10-16 10:34:02,623] {logging_mixin.py:109} INFO - Running <TaskInstance: movie_chooser_dag.choose_movie_0 scheduled__2021-10-16T10:32:00+00:00 [running]> on host e03fb9e01fd8
[2021-10-16 10:34:02,697] {taskinstance.py:1414} INFO - Exporting the following env vars:
AIRFLOW_CTX_DAG_OWNER=***
AIRFLOW_CTX_DAG_ID=movie_chooser_dag
AIRFLOW_CTX_TASK_ID=choose_movie_0
AIRFLOW_CTX_EXECUTION_DATE=2021-10-16T10:32:00+00:00
AIRFLOW_CTX_DAG_RUN_ID=scheduled__2021-10-16T10:32:00+00:00
[2021-10-16 10:34:02,728] {python.py:152} INFO - Done. Returned value was: Killers,Action,Lionsgate,45,1.245333333,11,$93.40 ,2010

[2021-10-16 10:34:02,759] {taskinstance.py:1280} INFO - Marking task as SUCCESS. dag_id=movie_chooser_dag, task_id=choose_movie_0, execution_date=20211016T103200, start_date=20211016T103402, end_date=20211016T103402
[2021-10-16 10:34:02,818] {local_task_job.py:154} INFO - Task exited with return code 0
[2021-10-16 10:34:02,874] {local_task_job.py:264} INFO - 0 downstream tasks scheduled from follow-on schedule check
