[2021-10-16 13:04:19,468] {taskinstance.py:1035} INFO - Dependencies all met for <TaskInstance: movie_chooser_dag.choose_movie_0 scheduled__2021-10-16T11:26:00+00:00 [queued]>
[2021-10-16 13:04:19,491] {taskinstance.py:1035} INFO - Dependencies all met for <TaskInstance: movie_chooser_dag.choose_movie_0 scheduled__2021-10-16T11:26:00+00:00 [queued]>
[2021-10-16 13:04:19,491] {taskinstance.py:1241} INFO - 
--------------------------------------------------------------------------------
[2021-10-16 13:04:19,491] {taskinstance.py:1242} INFO - Starting attempt 1 of 1
[2021-10-16 13:04:19,492] {taskinstance.py:1243} INFO - 
--------------------------------------------------------------------------------
[2021-10-16 13:04:19,522] {taskinstance.py:1262} INFO - Executing <Task(PythonOperator): choose_movie_0> on 2021-10-16 11:26:00+00:00
[2021-10-16 13:04:19,533] {standard_task_runner.py:76} INFO - Running: ['***', 'tasks', 'run', 'movie_chooser_dag', 'choose_movie_0', 'scheduled__2021-10-16T11:26:00+00:00', '--job-id', '159', '--raw', '--subdir', 'DAGS_FOLDER/third_dag.py', '--cfg-path', '/tmp/tmptcuk0qtm', '--error-file', '/tmp/tmp7w5eckow']
[2021-10-16 13:04:19,534] {standard_task_runner.py:77} INFO - Job 159: Subtask choose_movie_0
[2021-10-16 13:04:19,528] {standard_task_runner.py:52} INFO - Started process 231 to run task
[2021-10-16 13:04:19,627] {logging_mixin.py:109} INFO - Running <TaskInstance: movie_chooser_dag.choose_movie_0 scheduled__2021-10-16T11:26:00+00:00 [running]> on host e03fb9e01fd8
[2021-10-16 13:04:19,724] {taskinstance.py:1414} INFO - Exporting the following env vars:
AIRFLOW_CTX_DAG_OWNER=***
AIRFLOW_CTX_DAG_ID=movie_chooser_dag
AIRFLOW_CTX_TASK_ID=choose_movie_0
AIRFLOW_CTX_EXECUTION_DATE=2021-10-16T11:26:00+00:00
AIRFLOW_CTX_DAG_RUN_ID=scheduled__2021-10-16T11:26:00+00:00
[2021-10-16 13:04:19,750] {python.py:152} INFO - Done. Returned value was: Valentine's Day,Comedy,Warner Bros.,54,4.184038462,17,$217.57 ,2010

[2021-10-16 13:04:20,182] {taskinstance.py:1280} INFO - Marking task as SUCCESS. dag_id=movie_chooser_dag, task_id=choose_movie_0, execution_date=20211016T112600, start_date=20211016T130419, end_date=20211016T130420
[2021-10-16 13:04:20,248] {local_task_job.py:154} INFO - Task exited with return code 0
[2021-10-16 13:04:20,341] {local_task_job.py:264} INFO - 0 downstream tasks scheduled from follow-on schedule check
