[2021-10-16 13:03:50,524] {taskinstance.py:1035} INFO - Dependencies all met for <TaskInstance: movie_chooser_dag.choose_movie_0 scheduled__2021-10-16T10:54:00+00:00 [queued]>
[2021-10-16 13:03:50,734] {taskinstance.py:1035} INFO - Dependencies all met for <TaskInstance: movie_chooser_dag.choose_movie_0 scheduled__2021-10-16T10:54:00+00:00 [queued]>
[2021-10-16 13:03:50,734] {taskinstance.py:1241} INFO - 
--------------------------------------------------------------------------------
[2021-10-16 13:03:50,734] {taskinstance.py:1242} INFO - Starting attempt 1 of 1
[2021-10-16 13:03:50,734] {taskinstance.py:1243} INFO - 
--------------------------------------------------------------------------------
[2021-10-16 13:03:50,880] {taskinstance.py:1262} INFO - Executing <Task(PythonOperator): choose_movie_0> on 2021-10-16 10:54:00+00:00
[2021-10-16 13:03:50,925] {standard_task_runner.py:52} INFO - Started process 108 to run task
[2021-10-16 13:03:50,983] {standard_task_runner.py:76} INFO - Running: ['***', 'tasks', 'run', 'movie_chooser_dag', 'choose_movie_0', 'scheduled__2021-10-16T10:54:00+00:00', '--job-id', '95', '--raw', '--subdir', 'DAGS_FOLDER/third_dag.py', '--cfg-path', '/tmp/tmpvy6rlapl', '--error-file', '/tmp/tmpvs_17jxu']
[2021-10-16 13:03:51,004] {standard_task_runner.py:77} INFO - Job 95: Subtask choose_movie_0
[2021-10-16 13:03:51,256] {logging_mixin.py:109} INFO - Running <TaskInstance: movie_chooser_dag.choose_movie_0 scheduled__2021-10-16T10:54:00+00:00 [running]> on host e03fb9e01fd8
[2021-10-16 13:03:51,667] {taskinstance.py:1414} INFO - Exporting the following env vars:
AIRFLOW_CTX_DAG_OWNER=***
AIRFLOW_CTX_DAG_ID=movie_chooser_dag
AIRFLOW_CTX_TASK_ID=choose_movie_0
AIRFLOW_CTX_EXECUTION_DATE=2021-10-16T10:54:00+00:00
AIRFLOW_CTX_DAG_RUN_ID=scheduled__2021-10-16T10:54:00+00:00
[2021-10-16 13:03:51,701] {python.py:152} INFO - Done. Returned value was: I Love You Phillip Morris,Comedy,Independent,57,1.34,71,$20.10 ,2010

[2021-10-16 13:03:52,074] {taskinstance.py:1280} INFO - Marking task as SUCCESS. dag_id=movie_chooser_dag, task_id=choose_movie_0, execution_date=20211016T105400, start_date=20211016T130350, end_date=20211016T130352
[2021-10-16 13:03:52,148] {local_task_job.py:154} INFO - Task exited with return code 0
[2021-10-16 13:03:52,318] {local_task_job.py:264} INFO - 0 downstream tasks scheduled from follow-on schedule check
