[2021-10-16 13:05:48,968] {taskinstance.py:1035} INFO - Dependencies all met for <TaskInstance: fourth_dag.get_gross_year_0 scheduled__2021-10-16T12:30:00+00:00 [queued]>
[2021-10-16 13:05:49,052] {taskinstance.py:1035} INFO - Dependencies all met for <TaskInstance: fourth_dag.get_gross_year_0 scheduled__2021-10-16T12:30:00+00:00 [queued]>
[2021-10-16 13:05:49,052] {taskinstance.py:1241} INFO - 
--------------------------------------------------------------------------------
[2021-10-16 13:05:49,053] {taskinstance.py:1242} INFO - Starting attempt 1 of 1
[2021-10-16 13:05:49,053] {taskinstance.py:1243} INFO - 
--------------------------------------------------------------------------------
[2021-10-16 13:05:49,188] {taskinstance.py:1262} INFO - Executing <Task(PythonOperator): get_gross_year_0> on 2021-10-16 12:30:00+00:00
[2021-10-16 13:05:49,214] {standard_task_runner.py:76} INFO - Running: ['***', 'tasks', 'run', 'fourth_dag', 'get_gross_year_0', 'scheduled__2021-10-16T12:30:00+00:00', '--job-id', '497', '--raw', '--subdir', 'DAGS_FOLDER/fourth_dag.py', '--cfg-path', '/tmp/tmpyjx6s7a6', '--error-file', '/tmp/tmplyxhfr04']
[2021-10-16 13:05:49,216] {standard_task_runner.py:77} INFO - Job 497: Subtask get_gross_year_0
[2021-10-16 13:05:49,200] {standard_task_runner.py:52} INFO - Started process 962 to run task
[2021-10-16 13:05:49,376] {logging_mixin.py:109} INFO - Running <TaskInstance: fourth_dag.get_gross_year_0 scheduled__2021-10-16T12:30:00+00:00 [running]> on host e03fb9e01fd8
[2021-10-16 13:05:49,564] {taskinstance.py:1414} INFO - Exporting the following env vars:
AIRFLOW_CTX_DAG_OWNER=***
AIRFLOW_CTX_DAG_ID=fourth_dag
AIRFLOW_CTX_TASK_ID=get_gross_year_0
AIRFLOW_CTX_EXECUTION_DATE=2021-10-16T12:30:00+00:00
AIRFLOW_CTX_DAG_RUN_ID=scheduled__2021-10-16T12:30:00+00:00
[2021-10-16 13:05:49,595] {python.py:152} INFO - Done. Returned value was: ['$160.31 ', '2008\n']
[2021-10-16 13:05:49,750] {taskinstance.py:1280} INFO - Marking task as SUCCESS. dag_id=fourth_dag, task_id=get_gross_year_0, execution_date=20211016T123000, start_date=20211016T130548, end_date=20211016T130549
[2021-10-16 13:05:49,872] {local_task_job.py:154} INFO - Task exited with return code 0
[2021-10-16 13:05:50,028] {local_task_job.py:264} INFO - 0 downstream tasks scheduled from follow-on schedule check
