[2021-10-16 13:03:51,152] {taskinstance.py:1035} INFO - Dependencies all met for <TaskInstance: movie_chooser_dag.choose_movie_1 scheduled__2021-10-16T10:56:00+00:00 [queued]>
[2021-10-16 13:03:51,335] {taskinstance.py:1035} INFO - Dependencies all met for <TaskInstance: movie_chooser_dag.choose_movie_1 scheduled__2021-10-16T10:56:00+00:00 [queued]>
[2021-10-16 13:03:51,335] {taskinstance.py:1241} INFO - 
--------------------------------------------------------------------------------
[2021-10-16 13:03:51,335] {taskinstance.py:1242} INFO - Starting attempt 1 of 1
[2021-10-16 13:03:51,336] {taskinstance.py:1243} INFO - 
--------------------------------------------------------------------------------
[2021-10-16 13:03:51,432] {taskinstance.py:1262} INFO - Executing <Task(PythonOperator): choose_movie_1> on 2021-10-16 10:56:00+00:00
[2021-10-16 13:03:51,452] {standard_task_runner.py:52} INFO - Started process 112 to run task
[2021-10-16 13:03:51,462] {standard_task_runner.py:76} INFO - Running: ['***', 'tasks', 'run', 'movie_chooser_dag', 'choose_movie_1', 'scheduled__2021-10-16T10:56:00+00:00', '--job-id', '105', '--raw', '--subdir', 'DAGS_FOLDER/third_dag.py', '--cfg-path', '/tmp/tmpoajsasj4', '--error-file', '/tmp/tmpesl4tjmv']
[2021-10-16 13:03:51,468] {standard_task_runner.py:77} INFO - Job 105: Subtask choose_movie_1
[2021-10-16 13:03:51,639] {logging_mixin.py:109} INFO - Running <TaskInstance: movie_chooser_dag.choose_movie_1 scheduled__2021-10-16T10:56:00+00:00 [running]> on host e03fb9e01fd8
[2021-10-16 13:03:51,868] {taskinstance.py:1414} INFO - Exporting the following env vars:
AIRFLOW_CTX_DAG_OWNER=***
AIRFLOW_CTX_DAG_ID=movie_chooser_dag
AIRFLOW_CTX_TASK_ID=choose_movie_1
AIRFLOW_CTX_EXECUTION_DATE=2021-10-16T10:56:00+00:00
AIRFLOW_CTX_DAG_RUN_ID=scheduled__2021-10-16T10:56:00+00:00
[2021-10-16 13:03:51,895] {python.py:152} INFO - Done. Returned value was: Youth in Revolt,Comedy,The Weinstein Company,52,1.09,68,$19.62 ,2010

[2021-10-16 13:03:52,019] {taskinstance.py:1280} INFO - Marking task as SUCCESS. dag_id=movie_chooser_dag, task_id=choose_movie_1, execution_date=20211016T105600, start_date=20211016T130351, end_date=20211016T130352
[2021-10-16 13:03:52,154] {local_task_job.py:154} INFO - Task exited with return code 0
[2021-10-16 13:03:52,275] {local_task_job.py:264} INFO - 1 downstream tasks scheduled from follow-on schedule check
