[2021-10-16 10:36:01,754] {taskinstance.py:1035} INFO - Dependencies all met for <TaskInstance: movie_chooser_dag.choose_movie_1 scheduled__2021-10-16T10:34:00+00:00 [queued]>
[2021-10-16 10:36:01,787] {taskinstance.py:1035} INFO - Dependencies all met for <TaskInstance: movie_chooser_dag.choose_movie_1 scheduled__2021-10-16T10:34:00+00:00 [queued]>
[2021-10-16 10:36:01,787] {taskinstance.py:1241} INFO - 
--------------------------------------------------------------------------------
[2021-10-16 10:36:01,787] {taskinstance.py:1242} INFO - Starting attempt 1 of 1
[2021-10-16 10:36:01,787] {taskinstance.py:1243} INFO - 
--------------------------------------------------------------------------------
[2021-10-16 10:36:01,835] {taskinstance.py:1262} INFO - Executing <Task(PythonOperator): choose_movie_1> on 2021-10-16 10:34:00+00:00
[2021-10-16 10:36:01,850] {standard_task_runner.py:52} INFO - Started process 750 to run task
[2021-10-16 10:36:01,869] {standard_task_runner.py:76} INFO - Running: ['***', 'tasks', 'run', 'movie_chooser_dag', 'choose_movie_1', 'scheduled__2021-10-16T10:34:00+00:00', '--job-id', '31', '--raw', '--subdir', 'DAGS_FOLDER/third_dag.py', '--cfg-path', '/tmp/tmpyq7ysu2y', '--error-file', '/tmp/tmpufu_xlxd']
[2021-10-16 10:36:01,871] {standard_task_runner.py:77} INFO - Job 31: Subtask choose_movie_1
[2021-10-16 10:36:01,981] {logging_mixin.py:109} INFO - Running <TaskInstance: movie_chooser_dag.choose_movie_1 scheduled__2021-10-16T10:34:00+00:00 [running]> on host e03fb9e01fd8
[2021-10-16 10:36:02,113] {taskinstance.py:1414} INFO - Exporting the following env vars:
AIRFLOW_CTX_DAG_OWNER=***
AIRFLOW_CTX_DAG_ID=movie_chooser_dag
AIRFLOW_CTX_TASK_ID=choose_movie_1
AIRFLOW_CTX_EXECUTION_DATE=2021-10-16T10:34:00+00:00
AIRFLOW_CTX_DAG_RUN_ID=scheduled__2021-10-16T10:34:00+00:00
[2021-10-16 10:36:02,138] {python.py:152} INFO - Done. Returned value was: Twilight,Romance,Summit,82,10.18002703,49,$376.66 ,2008

[2021-10-16 10:36:02,200] {taskinstance.py:1280} INFO - Marking task as SUCCESS. dag_id=movie_chooser_dag, task_id=choose_movie_1, execution_date=20211016T103400, start_date=20211016T103601, end_date=20211016T103602
[2021-10-16 10:36:02,243] {local_task_job.py:154} INFO - Task exited with return code 0
[2021-10-16 10:36:02,317] {local_task_job.py:264} INFO - 0 downstream tasks scheduled from follow-on schedule check
