[2021-10-16 13:03:54,701] {taskinstance.py:1035} INFO - Dependencies all met for <TaskInstance: movie_chooser_dag.choose_movie_1 scheduled__2021-10-16T11:00:00+00:00 [queued]>
[2021-10-16 13:03:54,745] {taskinstance.py:1035} INFO - Dependencies all met for <TaskInstance: movie_chooser_dag.choose_movie_1 scheduled__2021-10-16T11:00:00+00:00 [queued]>
[2021-10-16 13:03:54,745] {taskinstance.py:1241} INFO - 
--------------------------------------------------------------------------------
[2021-10-16 13:03:54,746] {taskinstance.py:1242} INFO - Starting attempt 1 of 1
[2021-10-16 13:03:54,746] {taskinstance.py:1243} INFO - 
--------------------------------------------------------------------------------
[2021-10-16 13:03:54,884] {taskinstance.py:1262} INFO - Executing <Task(PythonOperator): choose_movie_1> on 2021-10-16 11:00:00+00:00
[2021-10-16 13:03:54,895] {standard_task_runner.py:76} INFO - Running: ['***', 'tasks', 'run', 'movie_chooser_dag', 'choose_movie_1', 'scheduled__2021-10-16T11:00:00+00:00', '--job-id', '117', '--raw', '--subdir', 'DAGS_FOLDER/third_dag.py', '--cfg-path', '/tmp/tmpns7qspkl', '--error-file', '/tmp/tmpm1243a_s']
[2021-10-16 13:03:54,896] {standard_task_runner.py:77} INFO - Job 117: Subtask choose_movie_1
[2021-10-16 13:03:54,891] {standard_task_runner.py:52} INFO - Started process 132 to run task
[2021-10-16 13:03:54,985] {logging_mixin.py:109} INFO - Running <TaskInstance: movie_chooser_dag.choose_movie_1 scheduled__2021-10-16T11:00:00+00:00 [running]> on host e03fb9e01fd8
[2021-10-16 13:03:55,334] {taskinstance.py:1414} INFO - Exporting the following env vars:
AIRFLOW_CTX_DAG_OWNER=***
AIRFLOW_CTX_DAG_ID=movie_chooser_dag
AIRFLOW_CTX_TASK_ID=choose_movie_1
AIRFLOW_CTX_EXECUTION_DATE=2021-10-16T11:00:00+00:00
AIRFLOW_CTX_DAG_RUN_ID=scheduled__2021-10-16T11:00:00+00:00
[2021-10-16 13:03:55,397] {python.py:152} INFO - Done. Returned value was: I Love You Phillip Morris,Comedy,Independent,57,1.34,71,$20.10 ,2010

[2021-10-16 13:03:55,654] {taskinstance.py:1280} INFO - Marking task as SUCCESS. dag_id=movie_chooser_dag, task_id=choose_movie_1, execution_date=20211016T110000, start_date=20211016T130354, end_date=20211016T130355
[2021-10-16 13:03:55,864] {local_task_job.py:154} INFO - Task exited with return code 0
[2021-10-16 13:03:56,391] {local_task_job.py:264} INFO - 0 downstream tasks scheduled from follow-on schedule check
