[2021-10-16 13:05:09,682] {taskinstance.py:1035} INFO - Dependencies all met for <TaskInstance: movie_chooser_dag.choose_movie_1 scheduled__2021-10-16T12:36:00+00:00 [queued]>
[2021-10-16 13:05:09,741] {taskinstance.py:1035} INFO - Dependencies all met for <TaskInstance: movie_chooser_dag.choose_movie_1 scheduled__2021-10-16T12:36:00+00:00 [queued]>
[2021-10-16 13:05:09,741] {taskinstance.py:1241} INFO - 
--------------------------------------------------------------------------------
[2021-10-16 13:05:09,742] {taskinstance.py:1242} INFO - Starting attempt 1 of 1
[2021-10-16 13:05:09,742] {taskinstance.py:1243} INFO - 
--------------------------------------------------------------------------------
[2021-10-16 13:05:09,797] {taskinstance.py:1262} INFO - Executing <Task(PythonOperator): choose_movie_1> on 2021-10-16 12:36:00+00:00
[2021-10-16 13:05:09,808] {standard_task_runner.py:52} INFO - Started process 613 to run task
[2021-10-16 13:05:09,852] {standard_task_runner.py:76} INFO - Running: ['***', 'tasks', 'run', 'movie_chooser_dag', 'choose_movie_1', 'scheduled__2021-10-16T12:36:00+00:00', '--job-id', '329', '--raw', '--subdir', 'DAGS_FOLDER/third_dag.py', '--cfg-path', '/tmp/tmp57mvd1y4', '--error-file', '/tmp/tmph2josgsr']
[2021-10-16 13:05:09,853] {standard_task_runner.py:77} INFO - Job 329: Subtask choose_movie_1
[2021-10-16 13:05:10,019] {logging_mixin.py:109} INFO - Running <TaskInstance: movie_chooser_dag.choose_movie_1 scheduled__2021-10-16T12:36:00+00:00 [running]> on host e03fb9e01fd8
[2021-10-16 13:05:10,294] {taskinstance.py:1414} INFO - Exporting the following env vars:
AIRFLOW_CTX_DAG_OWNER=***
AIRFLOW_CTX_DAG_ID=movie_chooser_dag
AIRFLOW_CTX_TASK_ID=choose_movie_1
AIRFLOW_CTX_EXECUTION_DATE=2021-10-16T12:36:00+00:00
AIRFLOW_CTX_DAG_RUN_ID=scheduled__2021-10-16T12:36:00+00:00
[2021-10-16 13:05:10,330] {python.py:152} INFO - Done. Returned value was: Jane Eyre,Romance,Universal,77,0,85,$30.15 ,2011

[2021-10-16 13:05:10,440] {taskinstance.py:1280} INFO - Marking task as SUCCESS. dag_id=movie_chooser_dag, task_id=choose_movie_1, execution_date=20211016T123600, start_date=20211016T130509, end_date=20211016T130510
[2021-10-16 13:05:10,499] {local_task_job.py:154} INFO - Task exited with return code 0
[2021-10-16 13:05:10,617] {local_task_job.py:264} INFO - 0 downstream tasks scheduled from follow-on schedule check
