[2021-10-16 13:34:03,064] {taskinstance.py:1035} INFO - Dependencies all met for <TaskInstance: movie_chooser_dag.choose_movie_0 scheduled__2021-10-16T13:32:00+00:00 [queued]>
[2021-10-16 13:34:03,096] {taskinstance.py:1035} INFO - Dependencies all met for <TaskInstance: movie_chooser_dag.choose_movie_0 scheduled__2021-10-16T13:32:00+00:00 [queued]>
[2021-10-16 13:34:03,096] {taskinstance.py:1241} INFO - 
--------------------------------------------------------------------------------
[2021-10-16 13:34:03,096] {taskinstance.py:1242} INFO - Starting attempt 1 of 1
[2021-10-16 13:34:03,096] {taskinstance.py:1243} INFO - 
--------------------------------------------------------------------------------
[2021-10-16 13:34:03,188] {taskinstance.py:1262} INFO - Executing <Task(PythonOperator): choose_movie_0> on 2021-10-16 13:32:00+00:00
[2021-10-16 13:34:03,235] {standard_task_runner.py:76} INFO - Running: ['***', 'tasks', 'run', 'movie_chooser_dag', 'choose_movie_0', 'scheduled__2021-10-16T13:32:00+00:00', '--job-id', '659', '--raw', '--subdir', 'DAGS_FOLDER/third_dag.py', '--cfg-path', '/tmp/tmpzqefvau0', '--error-file', '/tmp/tmpu2v85p1x']
[2021-10-16 13:34:03,236] {standard_task_runner.py:77} INFO - Job 659: Subtask choose_movie_0
[2021-10-16 13:34:03,221] {standard_task_runner.py:52} INFO - Started process 2498 to run task
[2021-10-16 13:34:03,337] {logging_mixin.py:109} INFO - Running <TaskInstance: movie_chooser_dag.choose_movie_0 scheduled__2021-10-16T13:32:00+00:00 [running]> on host e03fb9e01fd8
[2021-10-16 13:34:03,425] {taskinstance.py:1414} INFO - Exporting the following env vars:
AIRFLOW_CTX_DAG_OWNER=***
AIRFLOW_CTX_DAG_ID=movie_chooser_dag
AIRFLOW_CTX_TASK_ID=choose_movie_0
AIRFLOW_CTX_EXECUTION_DATE=2021-10-16T13:32:00+00:00
AIRFLOW_CTX_DAG_RUN_ID=scheduled__2021-10-16T13:32:00+00:00
[2021-10-16 13:34:03,442] {python.py:152} INFO - Done. Returned value was: No Reservations,Comedy,Warner Bros.,64,3.307180357,39,$92.60 ,2007

[2021-10-16 13:34:03,505] {taskinstance.py:1280} INFO - Marking task as SUCCESS. dag_id=movie_chooser_dag, task_id=choose_movie_0, execution_date=20211016T133200, start_date=20211016T133403, end_date=20211016T133403
[2021-10-16 13:34:03,537] {local_task_job.py:154} INFO - Task exited with return code 0
[2021-10-16 13:34:03,595] {local_task_job.py:264} INFO - 1 downstream tasks scheduled from follow-on schedule check
