[2021-10-16 10:32:01,613] {taskinstance.py:1035} INFO - Dependencies all met for <TaskInstance: movie_chooser_dag.choose_movie_0 scheduled__2021-10-16T10:30:00+00:00 [queued]>
[2021-10-16 10:32:01,661] {taskinstance.py:1035} INFO - Dependencies all met for <TaskInstance: movie_chooser_dag.choose_movie_0 scheduled__2021-10-16T10:30:00+00:00 [queued]>
[2021-10-16 10:32:01,661] {taskinstance.py:1241} INFO - 
--------------------------------------------------------------------------------
[2021-10-16 10:32:01,661] {taskinstance.py:1242} INFO - Starting attempt 1 of 1
[2021-10-16 10:32:01,661] {taskinstance.py:1243} INFO - 
--------------------------------------------------------------------------------
[2021-10-16 10:32:01,688] {taskinstance.py:1262} INFO - Executing <Task(PythonOperator): choose_movie_0> on 2021-10-16 10:30:00+00:00
[2021-10-16 10:32:01,703] {standard_task_runner.py:76} INFO - Running: ['***', 'tasks', 'run', 'movie_chooser_dag', 'choose_movie_0', 'scheduled__2021-10-16T10:30:00+00:00', '--job-id', '16', '--raw', '--subdir', 'DAGS_FOLDER/third_dag.py', '--cfg-path', '/tmp/tmp3ls21wpn', '--error-file', '/tmp/tmpr8qb0wpc']
[2021-10-16 10:32:01,704] {standard_task_runner.py:77} INFO - Job 16: Subtask choose_movie_0
[2021-10-16 10:32:01,698] {standard_task_runner.py:52} INFO - Started process 541 to run task
[2021-10-16 10:32:01,763] {logging_mixin.py:109} INFO - Running <TaskInstance: movie_chooser_dag.choose_movie_0 scheduled__2021-10-16T10:30:00+00:00 [running]> on host e03fb9e01fd8
[2021-10-16 10:32:01,832] {taskinstance.py:1414} INFO - Exporting the following env vars:
AIRFLOW_CTX_DAG_OWNER=***
AIRFLOW_CTX_DAG_ID=movie_chooser_dag
AIRFLOW_CTX_TASK_ID=choose_movie_0
AIRFLOW_CTX_EXECUTION_DATE=2021-10-16T10:30:00+00:00
AIRFLOW_CTX_DAG_RUN_ID=scheduled__2021-10-16T10:30:00+00:00
[2021-10-16 10:32:01,848] {python.py:152} INFO - Done. Returned value was: Over Her Dead Body,Comedy,New Line,47,2.071,15,$20.71 ,2008

[2021-10-16 10:32:01,897] {taskinstance.py:1280} INFO - Marking task as SUCCESS. dag_id=movie_chooser_dag, task_id=choose_movie_0, execution_date=20211016T103000, start_date=20211016T103201, end_date=20211016T103201
[2021-10-16 10:32:01,920] {local_task_job.py:154} INFO - Task exited with return code 0
[2021-10-16 10:32:01,974] {local_task_job.py:264} INFO - 1 downstream tasks scheduled from follow-on schedule check
