[2021-10-16 13:44:01,997] {taskinstance.py:1035} INFO - Dependencies all met for <TaskInstance: movie_chooser_dag.choose_movie_2 scheduled__2021-10-16T13:42:00+00:00 [queued]>
[2021-10-16 13:44:02,035] {taskinstance.py:1035} INFO - Dependencies all met for <TaskInstance: movie_chooser_dag.choose_movie_2 scheduled__2021-10-16T13:42:00+00:00 [queued]>
[2021-10-16 13:44:02,035] {taskinstance.py:1241} INFO - 
--------------------------------------------------------------------------------
[2021-10-16 13:44:02,035] {taskinstance.py:1242} INFO - Starting attempt 1 of 1
[2021-10-16 13:44:02,036] {taskinstance.py:1243} INFO - 
--------------------------------------------------------------------------------
[2021-10-16 13:44:02,147] {taskinstance.py:1262} INFO - Executing <Task(PythonOperator): choose_movie_2> on 2021-10-16 13:42:00+00:00
[2021-10-16 13:44:02,174] {standard_task_runner.py:76} INFO - Running: ['***', 'tasks', 'run', 'movie_chooser_dag', 'choose_movie_2', 'scheduled__2021-10-16T13:42:00+00:00', '--job-id', '694', '--raw', '--subdir', 'DAGS_FOLDER/third_dag.py', '--cfg-path', '/tmp/tmph5a449z6', '--error-file', '/tmp/tmpylc1ck9x']
[2021-10-16 13:44:02,175] {standard_task_runner.py:77} INFO - Job 694: Subtask choose_movie_2
[2021-10-16 13:44:02,157] {standard_task_runner.py:52} INFO - Started process 2973 to run task
[2021-10-16 13:44:02,256] {logging_mixin.py:109} INFO - Running <TaskInstance: movie_chooser_dag.choose_movie_2 scheduled__2021-10-16T13:42:00+00:00 [running]> on host e03fb9e01fd8
[2021-10-16 13:44:02,341] {taskinstance.py:1414} INFO - Exporting the following env vars:
AIRFLOW_CTX_DAG_OWNER=***
AIRFLOW_CTX_DAG_ID=movie_chooser_dag
AIRFLOW_CTX_TASK_ID=choose_movie_2
AIRFLOW_CTX_EXECUTION_DATE=2021-10-16T13:42:00+00:00
AIRFLOW_CTX_DAG_RUN_ID=scheduled__2021-10-16T13:42:00+00:00
[2021-10-16 13:44:02,358] {python.py:152} INFO - Done. Returned value was: Across the Universe,romance,Independent,84,0.652603178,54,$29.37 ,2007

[2021-10-16 13:44:02,431] {taskinstance.py:1280} INFO - Marking task as SUCCESS. dag_id=movie_chooser_dag, task_id=choose_movie_2, execution_date=20211016T134200, start_date=20211016T134402, end_date=20211016T134402
[2021-10-16 13:44:02,481] {local_task_job.py:154} INFO - Task exited with return code 0
[2021-10-16 13:44:02,559] {local_task_job.py:264} INFO - 0 downstream tasks scheduled from follow-on schedule check
