[2021-10-16 13:16:02,131] {taskinstance.py:1035} INFO - Dependencies all met for <TaskInstance: movie_chooser_dag.choose_movie_2 scheduled__2021-10-16T13:14:00+00:00 [queued]>
[2021-10-16 13:16:02,152] {taskinstance.py:1035} INFO - Dependencies all met for <TaskInstance: movie_chooser_dag.choose_movie_2 scheduled__2021-10-16T13:14:00+00:00 [queued]>
[2021-10-16 13:16:02,152] {taskinstance.py:1241} INFO - 
--------------------------------------------------------------------------------
[2021-10-16 13:16:02,152] {taskinstance.py:1242} INFO - Starting attempt 1 of 1
[2021-10-16 13:16:02,152] {taskinstance.py:1243} INFO - 
--------------------------------------------------------------------------------
[2021-10-16 13:16:02,196] {taskinstance.py:1262} INFO - Executing <Task(PythonOperator): choose_movie_2> on 2021-10-16 13:14:00+00:00
[2021-10-16 13:16:02,210] {standard_task_runner.py:76} INFO - Running: ['***', 'tasks', 'run', 'movie_chooser_dag', 'choose_movie_2', 'scheduled__2021-10-16T13:14:00+00:00', '--job-id', '596', '--raw', '--subdir', 'DAGS_FOLDER/third_dag.py', '--cfg-path', '/tmp/tmpn7_ekztu', '--error-file', '/tmp/tmph_nmjh16']
[2021-10-16 13:16:02,211] {standard_task_runner.py:77} INFO - Job 596: Subtask choose_movie_2
[2021-10-16 13:16:02,205] {standard_task_runner.py:52} INFO - Started process 1597 to run task
[2021-10-16 13:16:02,279] {logging_mixin.py:109} INFO - Running <TaskInstance: movie_chooser_dag.choose_movie_2 scheduled__2021-10-16T13:14:00+00:00 [running]> on host e03fb9e01fd8
[2021-10-16 13:16:02,369] {taskinstance.py:1414} INFO - Exporting the following env vars:
AIRFLOW_CTX_DAG_OWNER=***
AIRFLOW_CTX_DAG_ID=movie_chooser_dag
AIRFLOW_CTX_TASK_ID=choose_movie_2
AIRFLOW_CTX_EXECUTION_DATE=2021-10-16T13:14:00+00:00
AIRFLOW_CTX_DAG_RUN_ID=scheduled__2021-10-16T13:14:00+00:00
[2021-10-16 13:16:02,390] {python.py:152} INFO - Done. Returned value was: Across the Universe,romance,Independent,84,0.652603178,54,$29.37 ,2007

[2021-10-16 13:16:02,430] {taskinstance.py:1280} INFO - Marking task as SUCCESS. dag_id=movie_chooser_dag, task_id=choose_movie_2, execution_date=20211016T131400, start_date=20211016T131602, end_date=20211016T131602
[2021-10-16 13:16:02,468] {local_task_job.py:154} INFO - Task exited with return code 0
[2021-10-16 13:16:02,546] {local_task_job.py:264} INFO - 0 downstream tasks scheduled from follow-on schedule check
