[2021-10-16 10:30:00,790] {taskinstance.py:1035} INFO - Dependencies all met for <TaskInstance: movie_chooser_dag.choose_movie_2 scheduled__2021-10-16T10:28:00+00:00 [queued]>
[2021-10-16 10:30:00,818] {taskinstance.py:1035} INFO - Dependencies all met for <TaskInstance: movie_chooser_dag.choose_movie_2 scheduled__2021-10-16T10:28:00+00:00 [queued]>
[2021-10-16 10:30:00,818] {taskinstance.py:1241} INFO - 
--------------------------------------------------------------------------------
[2021-10-16 10:30:00,818] {taskinstance.py:1242} INFO - Starting attempt 1 of 1
[2021-10-16 10:30:00,818] {taskinstance.py:1243} INFO - 
--------------------------------------------------------------------------------
[2021-10-16 10:30:00,849] {taskinstance.py:1262} INFO - Executing <Task(PythonOperator): choose_movie_2> on 2021-10-16 10:28:00+00:00
[2021-10-16 10:30:00,856] {standard_task_runner.py:52} INFO - Started process 453 to run task
[2021-10-16 10:30:00,862] {standard_task_runner.py:76} INFO - Running: ['***', 'tasks', 'run', 'movie_chooser_dag', 'choose_movie_2', 'scheduled__2021-10-16T10:28:00+00:00', '--job-id', '14', '--raw', '--subdir', 'DAGS_FOLDER/third_dag.py', '--cfg-path', '/tmp/tmpz87a5806', '--error-file', '/tmp/tmp3z1apqao']
[2021-10-16 10:30:00,863] {standard_task_runner.py:77} INFO - Job 14: Subtask choose_movie_2
[2021-10-16 10:30:00,918] {logging_mixin.py:109} INFO - Running <TaskInstance: movie_chooser_dag.choose_movie_2 scheduled__2021-10-16T10:28:00+00:00 [running]> on host e03fb9e01fd8
[2021-10-16 10:30:00,989] {taskinstance.py:1414} INFO - Exporting the following env vars:
AIRFLOW_CTX_DAG_OWNER=***
AIRFLOW_CTX_DAG_ID=movie_chooser_dag
AIRFLOW_CTX_TASK_ID=choose_movie_2
AIRFLOW_CTX_EXECUTION_DATE=2021-10-16T10:28:00+00:00
AIRFLOW_CTX_DAG_RUN_ID=scheduled__2021-10-16T10:28:00+00:00
[2021-10-16 10:30:01,004] {python.py:152} INFO - Done. Returned value was: Jane Eyre,Romance,Universal,77,0,85,$30.15 ,2011

[2021-10-16 10:30:01,062] {taskinstance.py:1280} INFO - Marking task as SUCCESS. dag_id=movie_chooser_dag, task_id=choose_movie_2, execution_date=20211016T102800, start_date=20211016T103000, end_date=20211016T103001
[2021-10-16 10:30:01,118] {local_task_job.py:154} INFO - Task exited with return code 0
[2021-10-16 10:30:01,176] {local_task_job.py:264} INFO - 1 downstream tasks scheduled from follow-on schedule check
