[2021-10-16 13:03:50,335] {taskinstance.py:1035} INFO - Dependencies all met for <TaskInstance: movie_chooser_dag.choose_movie_0 scheduled__2021-10-16T10:50:00+00:00 [queued]>
[2021-10-16 13:03:50,439] {taskinstance.py:1035} INFO - Dependencies all met for <TaskInstance: movie_chooser_dag.choose_movie_0 scheduled__2021-10-16T10:50:00+00:00 [queued]>
[2021-10-16 13:03:50,439] {taskinstance.py:1241} INFO - 
--------------------------------------------------------------------------------
[2021-10-16 13:03:50,439] {taskinstance.py:1242} INFO - Starting attempt 1 of 1
[2021-10-16 13:03:50,440] {taskinstance.py:1243} INFO - 
--------------------------------------------------------------------------------
[2021-10-16 13:03:50,534] {taskinstance.py:1262} INFO - Executing <Task(PythonOperator): choose_movie_0> on 2021-10-16 10:50:00+00:00
[2021-10-16 13:03:50,544] {standard_task_runner.py:52} INFO - Started process 99 to run task
[2021-10-16 13:03:50,580] {standard_task_runner.py:76} INFO - Running: ['***', 'tasks', 'run', 'movie_chooser_dag', 'choose_movie_0', 'scheduled__2021-10-16T10:50:00+00:00', '--job-id', '90', '--raw', '--subdir', 'DAGS_FOLDER/third_dag.py', '--cfg-path', '/tmp/tmp5t12fiwk', '--error-file', '/tmp/tmp6v5mmat5']
[2021-10-16 13:03:50,580] {standard_task_runner.py:77} INFO - Job 90: Subtask choose_movie_0
[2021-10-16 13:03:51,053] {logging_mixin.py:109} INFO - Running <TaskInstance: movie_chooser_dag.choose_movie_0 scheduled__2021-10-16T10:50:00+00:00 [running]> on host e03fb9e01fd8
[2021-10-16 13:03:51,358] {taskinstance.py:1414} INFO - Exporting the following env vars:
AIRFLOW_CTX_DAG_OWNER=***
AIRFLOW_CTX_DAG_ID=movie_chooser_dag
AIRFLOW_CTX_TASK_ID=choose_movie_0
AIRFLOW_CTX_EXECUTION_DATE=2021-10-16T10:50:00+00:00
AIRFLOW_CTX_DAG_RUN_ID=scheduled__2021-10-16T10:50:00+00:00
[2021-10-16 13:03:51,418] {python.py:152} INFO - Done. Returned value was: Going the Distance,Comedy,Warner Bros.,56,1.3140625,53,$42.05 ,2010

[2021-10-16 13:03:52,022] {taskinstance.py:1280} INFO - Marking task as SUCCESS. dag_id=movie_chooser_dag, task_id=choose_movie_0, execution_date=20211016T105000, start_date=20211016T130350, end_date=20211016T130352
[2021-10-16 13:03:52,180] {local_task_job.py:154} INFO - Task exited with return code 0
[2021-10-16 13:03:52,427] {local_task_job.py:264} INFO - 0 downstream tasks scheduled from follow-on schedule check
