[2021-10-16 13:14:02,327] {taskinstance.py:1035} INFO - Dependencies all met for <TaskInstance: movie_chooser_dag.choose_movie_0 scheduled__2021-10-16T13:12:00+00:00 [queued]>
[2021-10-16 13:14:02,346] {taskinstance.py:1035} INFO - Dependencies all met for <TaskInstance: movie_chooser_dag.choose_movie_0 scheduled__2021-10-16T13:12:00+00:00 [queued]>
[2021-10-16 13:14:02,347] {taskinstance.py:1241} INFO - 
--------------------------------------------------------------------------------
[2021-10-16 13:14:02,347] {taskinstance.py:1242} INFO - Starting attempt 1 of 1
[2021-10-16 13:14:02,348] {taskinstance.py:1243} INFO - 
--------------------------------------------------------------------------------
[2021-10-16 13:14:02,400] {taskinstance.py:1262} INFO - Executing <Task(PythonOperator): choose_movie_0> on 2021-10-16 13:12:00+00:00
[2021-10-16 13:14:02,414] {standard_task_runner.py:76} INFO - Running: ['***', 'tasks', 'run', 'movie_chooser_dag', 'choose_movie_0', 'scheduled__2021-10-16T13:12:00+00:00', '--job-id', '587', '--raw', '--subdir', 'DAGS_FOLDER/third_dag.py', '--cfg-path', '/tmp/tmptcjn2uc5', '--error-file', '/tmp/tmp2x4sj3or']
[2021-10-16 13:14:02,415] {standard_task_runner.py:77} INFO - Job 587: Subtask choose_movie_0
[2021-10-16 13:14:02,407] {standard_task_runner.py:52} INFO - Started process 1495 to run task
[2021-10-16 13:14:02,475] {logging_mixin.py:109} INFO - Running <TaskInstance: movie_chooser_dag.choose_movie_0 scheduled__2021-10-16T13:12:00+00:00 [running]> on host e03fb9e01fd8
[2021-10-16 13:14:02,551] {taskinstance.py:1414} INFO - Exporting the following env vars:
AIRFLOW_CTX_DAG_OWNER=***
AIRFLOW_CTX_DAG_ID=movie_chooser_dag
AIRFLOW_CTX_TASK_ID=choose_movie_0
AIRFLOW_CTX_EXECUTION_DATE=2021-10-16T13:12:00+00:00
AIRFLOW_CTX_DAG_RUN_ID=scheduled__2021-10-16T13:12:00+00:00
[2021-10-16 13:14:02,567] {python.py:152} INFO - Done. Returned value was: High School Musical 3: Senior Year,Comedy,Disney,76,22.91313646,65,$252.04 ,2008

[2021-10-16 13:14:02,602] {taskinstance.py:1280} INFO - Marking task as SUCCESS. dag_id=movie_chooser_dag, task_id=choose_movie_0, execution_date=20211016T131200, start_date=20211016T131402, end_date=20211016T131402
[2021-10-16 13:14:02,633] {local_task_job.py:154} INFO - Task exited with return code 0
[2021-10-16 13:14:02,692] {local_task_job.py:264} INFO - 1 downstream tasks scheduled from follow-on schedule check
