[2021-10-16 13:54:01,963] {taskinstance.py:1035} INFO - Dependencies all met for <TaskInstance: movie_chooser_dag.choose_movie_1 scheduled__2021-10-16T13:52:00+00:00 [queued]>
[2021-10-16 13:54:01,987] {taskinstance.py:1035} INFO - Dependencies all met for <TaskInstance: movie_chooser_dag.choose_movie_1 scheduled__2021-10-16T13:52:00+00:00 [queued]>
[2021-10-16 13:54:01,987] {taskinstance.py:1241} INFO - 
--------------------------------------------------------------------------------
[2021-10-16 13:54:01,988] {taskinstance.py:1242} INFO - Starting attempt 1 of 1
[2021-10-16 13:54:01,988] {taskinstance.py:1243} INFO - 
--------------------------------------------------------------------------------
[2021-10-16 13:54:02,080] {taskinstance.py:1262} INFO - Executing <Task(PythonOperator): choose_movie_1> on 2021-10-16 13:52:00+00:00
[2021-10-16 13:54:02,087] {standard_task_runner.py:52} INFO - Started process 3463 to run task
[2021-10-16 13:54:02,097] {standard_task_runner.py:76} INFO - Running: ['***', 'tasks', 'run', 'movie_chooser_dag', 'choose_movie_1', 'scheduled__2021-10-16T13:52:00+00:00', '--job-id', '728', '--raw', '--subdir', 'DAGS_FOLDER/third_dag.py', '--cfg-path', '/tmp/tmp35ho7mcu', '--error-file', '/tmp/tmp3bwhp9i3']
[2021-10-16 13:54:02,098] {standard_task_runner.py:77} INFO - Job 728: Subtask choose_movie_1
[2021-10-16 13:54:02,181] {logging_mixin.py:109} INFO - Running <TaskInstance: movie_chooser_dag.choose_movie_1 scheduled__2021-10-16T13:52:00+00:00 [running]> on host e03fb9e01fd8
[2021-10-16 13:54:02,262] {taskinstance.py:1414} INFO - Exporting the following env vars:
AIRFLOW_CTX_DAG_OWNER=***
AIRFLOW_CTX_DAG_ID=movie_chooser_dag
AIRFLOW_CTX_TASK_ID=choose_movie_1
AIRFLOW_CTX_EXECUTION_DATE=2021-10-16T13:52:00+00:00
AIRFLOW_CTX_DAG_RUN_ID=scheduled__2021-10-16T13:52:00+00:00
[2021-10-16 13:54:02,279] {python.py:152} INFO - Done. Returned value was: High School Musical 3: Senior Year,Comedy,Disney,76,22.91313646,65,$252.04 ,2008

[2021-10-16 13:54:02,340] {taskinstance.py:1280} INFO - Marking task as SUCCESS. dag_id=movie_chooser_dag, task_id=choose_movie_1, execution_date=20211016T135200, start_date=20211016T135401, end_date=20211016T135402
[2021-10-16 13:54:02,397] {local_task_job.py:154} INFO - Task exited with return code 0
[2021-10-16 13:54:02,458] {local_task_job.py:264} INFO - 0 downstream tasks scheduled from follow-on schedule check
