[2021-10-16 13:06:02,488] {taskinstance.py:1035} INFO - Dependencies all met for <TaskInstance: movie_chooser_dag.choose_movie_0 scheduled__2021-10-16T13:04:00+00:00 [queued]>
[2021-10-16 13:06:02,528] {taskinstance.py:1035} INFO - Dependencies all met for <TaskInstance: movie_chooser_dag.choose_movie_0 scheduled__2021-10-16T13:04:00+00:00 [queued]>
[2021-10-16 13:06:02,529] {taskinstance.py:1241} INFO - 
--------------------------------------------------------------------------------
[2021-10-16 13:06:02,529] {taskinstance.py:1242} INFO - Starting attempt 1 of 1
[2021-10-16 13:06:02,529] {taskinstance.py:1243} INFO - 
--------------------------------------------------------------------------------
[2021-10-16 13:06:02,582] {taskinstance.py:1262} INFO - Executing <Task(PythonOperator): choose_movie_0> on 2021-10-16 13:04:00+00:00
[2021-10-16 13:06:02,589] {standard_task_runner.py:52} INFO - Started process 1082 to run task
[2021-10-16 13:06:02,610] {standard_task_runner.py:76} INFO - Running: ['***', 'tasks', 'run', 'movie_chooser_dag', 'choose_movie_0', 'scheduled__2021-10-16T13:04:00+00:00', '--job-id', '552', '--raw', '--subdir', 'DAGS_FOLDER/third_dag.py', '--cfg-path', '/tmp/tmp8e_83xhr', '--error-file', '/tmp/tmpobdodn0i']
[2021-10-16 13:06:02,614] {standard_task_runner.py:77} INFO - Job 552: Subtask choose_movie_0
[2021-10-16 13:06:02,822] {logging_mixin.py:109} INFO - Running <TaskInstance: movie_chooser_dag.choose_movie_0 scheduled__2021-10-16T13:04:00+00:00 [running]> on host e03fb9e01fd8
[2021-10-16 13:06:03,032] {taskinstance.py:1414} INFO - Exporting the following env vars:
AIRFLOW_CTX_DAG_OWNER=***
AIRFLOW_CTX_DAG_ID=movie_chooser_dag
AIRFLOW_CTX_TASK_ID=choose_movie_0
AIRFLOW_CTX_EXECUTION_DATE=2021-10-16T13:04:00+00:00
AIRFLOW_CTX_DAG_RUN_ID=scheduled__2021-10-16T13:04:00+00:00
[2021-10-16 13:06:03,073] {python.py:152} INFO - Done. Returned value was: Across the Universe,romance,Independent,84,0.652603178,54,$29.37 ,2007

[2021-10-16 13:06:03,167] {taskinstance.py:1280} INFO - Marking task as SUCCESS. dag_id=movie_chooser_dag, task_id=choose_movie_0, execution_date=20211016T130400, start_date=20211016T130602, end_date=20211016T130603
[2021-10-16 13:06:03,239] {local_task_job.py:154} INFO - Task exited with return code 0
[2021-10-16 13:06:03,417] {local_task_job.py:264} INFO - 1 downstream tasks scheduled from follow-on schedule check
