[2021-10-16 13:30:02,079] {taskinstance.py:1035} INFO - Dependencies all met for <TaskInstance: movie_chooser_dag.choose_movie_2 scheduled__2021-10-16T13:28:00+00:00 [queued]>
[2021-10-16 13:30:02,102] {taskinstance.py:1035} INFO - Dependencies all met for <TaskInstance: movie_chooser_dag.choose_movie_2 scheduled__2021-10-16T13:28:00+00:00 [queued]>
[2021-10-16 13:30:02,103] {taskinstance.py:1241} INFO - 
--------------------------------------------------------------------------------
[2021-10-16 13:30:02,103] {taskinstance.py:1242} INFO - Starting attempt 1 of 1
[2021-10-16 13:30:02,103] {taskinstance.py:1243} INFO - 
--------------------------------------------------------------------------------
[2021-10-16 13:30:02,133] {taskinstance.py:1262} INFO - Executing <Task(PythonOperator): choose_movie_2> on 2021-10-16 13:28:00+00:00
[2021-10-16 13:30:02,145] {standard_task_runner.py:52} INFO - Started process 2302 to run task
[2021-10-16 13:30:02,155] {standard_task_runner.py:76} INFO - Running: ['***', 'tasks', 'run', 'movie_chooser_dag', 'choose_movie_2', 'scheduled__2021-10-16T13:28:00+00:00', '--job-id', '644', '--raw', '--subdir', 'DAGS_FOLDER/third_dag.py', '--cfg-path', '/tmp/tmpyqt8c63x', '--error-file', '/tmp/tmp9cbx1lx5']
[2021-10-16 13:30:02,156] {standard_task_runner.py:77} INFO - Job 644: Subtask choose_movie_2
[2021-10-16 13:30:02,214] {logging_mixin.py:109} INFO - Running <TaskInstance: movie_chooser_dag.choose_movie_2 scheduled__2021-10-16T13:28:00+00:00 [running]> on host e03fb9e01fd8
[2021-10-16 13:30:02,292] {taskinstance.py:1414} INFO - Exporting the following env vars:
AIRFLOW_CTX_DAG_OWNER=***
AIRFLOW_CTX_DAG_ID=movie_chooser_dag
AIRFLOW_CTX_TASK_ID=choose_movie_2
AIRFLOW_CTX_EXECUTION_DATE=2021-10-16T13:28:00+00:00
AIRFLOW_CTX_DAG_RUN_ID=scheduled__2021-10-16T13:28:00+00:00
[2021-10-16 13:30:02,306] {python.py:152} INFO - Done. Returned value was: No Reservations,Comedy,Warner Bros.,64,3.307180357,39,$92.60 ,2007

[2021-10-16 13:30:02,348] {taskinstance.py:1280} INFO - Marking task as SUCCESS. dag_id=movie_chooser_dag, task_id=choose_movie_2, execution_date=20211016T132800, start_date=20211016T133002, end_date=20211016T133002
[2021-10-16 13:30:02,408] {local_task_job.py:154} INFO - Task exited with return code 0
[2021-10-16 13:30:02,464] {local_task_job.py:264} INFO - 0 downstream tasks scheduled from follow-on schedule check
