[2021-10-16 13:28:02,825] {taskinstance.py:1035} INFO - Dependencies all met for <TaskInstance: movie_chooser_dag.choose_movie_2 scheduled__2021-10-16T13:26:00+00:00 [queued]>
[2021-10-16 13:28:02,858] {taskinstance.py:1035} INFO - Dependencies all met for <TaskInstance: movie_chooser_dag.choose_movie_2 scheduled__2021-10-16T13:26:00+00:00 [queued]>
[2021-10-16 13:28:02,858] {taskinstance.py:1241} INFO - 
--------------------------------------------------------------------------------
[2021-10-16 13:28:02,858] {taskinstance.py:1242} INFO - Starting attempt 1 of 1
[2021-10-16 13:28:02,858] {taskinstance.py:1243} INFO - 
--------------------------------------------------------------------------------
[2021-10-16 13:28:02,953] {taskinstance.py:1262} INFO - Executing <Task(PythonOperator): choose_movie_2> on 2021-10-16 13:26:00+00:00
[2021-10-16 13:28:02,966] {standard_task_runner.py:52} INFO - Started process 2200 to run task
[2021-10-16 13:28:02,971] {standard_task_runner.py:76} INFO - Running: ['***', 'tasks', 'run', 'movie_chooser_dag', 'choose_movie_2', 'scheduled__2021-10-16T13:26:00+00:00', '--job-id', '637', '--raw', '--subdir', 'DAGS_FOLDER/third_dag.py', '--cfg-path', '/tmp/tmpoauvwrez', '--error-file', '/tmp/tmp9jncq6je']
[2021-10-16 13:28:02,977] {standard_task_runner.py:77} INFO - Job 637: Subtask choose_movie_2
[2021-10-16 13:28:03,058] {logging_mixin.py:109} INFO - Running <TaskInstance: movie_chooser_dag.choose_movie_2 scheduled__2021-10-16T13:26:00+00:00 [running]> on host e03fb9e01fd8
[2021-10-16 13:28:03,148] {taskinstance.py:1414} INFO - Exporting the following env vars:
AIRFLOW_CTX_DAG_OWNER=***
AIRFLOW_CTX_DAG_ID=movie_chooser_dag
AIRFLOW_CTX_TASK_ID=choose_movie_2
AIRFLOW_CTX_EXECUTION_DATE=2021-10-16T13:26:00+00:00
AIRFLOW_CTX_DAG_RUN_ID=scheduled__2021-10-16T13:26:00+00:00
[2021-10-16 13:28:03,166] {python.py:152} INFO - Done. Returned value was: High School Musical 3: Senior Year,Comedy,Disney,76,22.91313646,65,$252.04 ,2008

[2021-10-16 13:28:03,208] {taskinstance.py:1280} INFO - Marking task as SUCCESS. dag_id=movie_chooser_dag, task_id=choose_movie_2, execution_date=20211016T132600, start_date=20211016T132802, end_date=20211016T132803
[2021-10-16 13:28:03,244] {local_task_job.py:154} INFO - Task exited with return code 0
[2021-10-16 13:28:03,302] {local_task_job.py:264} INFO - 1 downstream tasks scheduled from follow-on schedule check
