[2021-10-16 13:31:03,715] {taskinstance.py:1035} INFO - Dependencies all met for <TaskInstance: fourth_dag.get_gross_year_2 scheduled__2021-10-16T13:28:00+00:00 [queued]>
[2021-10-16 13:31:03,740] {taskinstance.py:1035} INFO - Dependencies all met for <TaskInstance: fourth_dag.get_gross_year_2 scheduled__2021-10-16T13:28:00+00:00 [queued]>
[2021-10-16 13:31:03,740] {taskinstance.py:1241} INFO - 
--------------------------------------------------------------------------------
[2021-10-16 13:31:03,740] {taskinstance.py:1242} INFO - Starting attempt 1 of 1
[2021-10-16 13:31:03,740] {taskinstance.py:1243} INFO - 
--------------------------------------------------------------------------------
[2021-10-16 13:31:03,839] {taskinstance.py:1262} INFO - Executing <Task(PythonOperator): get_gross_year_2> on 2021-10-16 13:28:00+00:00
[2021-10-16 13:31:03,850] {standard_task_runner.py:76} INFO - Running: ['***', 'tasks', 'run', 'fourth_dag', 'get_gross_year_2', 'scheduled__2021-10-16T13:28:00+00:00', '--job-id', '647', '--raw', '--subdir', 'DAGS_FOLDER/fourth_dag.py', '--cfg-path', '/tmp/tmp5vmp4lvp', '--error-file', '/tmp/tmpi462n0ch']
[2021-10-16 13:31:03,851] {standard_task_runner.py:77} INFO - Job 647: Subtask get_gross_year_2
[2021-10-16 13:31:03,845] {standard_task_runner.py:52} INFO - Started process 2348 to run task
[2021-10-16 13:31:03,923] {logging_mixin.py:109} INFO - Running <TaskInstance: fourth_dag.get_gross_year_2 scheduled__2021-10-16T13:28:00+00:00 [running]> on host e03fb9e01fd8
[2021-10-16 13:31:04,009] {taskinstance.py:1414} INFO - Exporting the following env vars:
AIRFLOW_CTX_DAG_OWNER=***
AIRFLOW_CTX_DAG_ID=fourth_dag
AIRFLOW_CTX_TASK_ID=get_gross_year_2
AIRFLOW_CTX_EXECUTION_DATE=2021-10-16T13:28:00+00:00
AIRFLOW_CTX_DAG_RUN_ID=scheduled__2021-10-16T13:28:00+00:00
[2021-10-16 13:31:04,021] {python.py:152} INFO - Done. Returned value was: ['$92.60 ', '2007\n']
[2021-10-16 13:31:04,069] {taskinstance.py:1280} INFO - Marking task as SUCCESS. dag_id=fourth_dag, task_id=get_gross_year_2, execution_date=20211016T132800, start_date=20211016T133103, end_date=20211016T133104
[2021-10-16 13:31:04,113] {local_task_job.py:154} INFO - Task exited with return code 0
[2021-10-16 13:31:04,168] {local_task_job.py:264} INFO - 0 downstream tasks scheduled from follow-on schedule check
