[2021-10-16 13:52:02,473] {taskinstance.py:1035} INFO - Dependencies all met for <TaskInstance: movie_chooser_dag.choose_movie_1 scheduled__2021-10-16T13:50:00+00:00 [queued]>
[2021-10-16 13:52:02,497] {taskinstance.py:1035} INFO - Dependencies all met for <TaskInstance: movie_chooser_dag.choose_movie_1 scheduled__2021-10-16T13:50:00+00:00 [queued]>
[2021-10-16 13:52:02,497] {taskinstance.py:1241} INFO - 
--------------------------------------------------------------------------------
[2021-10-16 13:52:02,498] {taskinstance.py:1242} INFO - Starting attempt 1 of 1
[2021-10-16 13:52:02,498] {taskinstance.py:1243} INFO - 
--------------------------------------------------------------------------------
[2021-10-16 13:52:02,557] {taskinstance.py:1262} INFO - Executing <Task(PythonOperator): choose_movie_1> on 2021-10-16 13:50:00+00:00
[2021-10-16 13:52:02,571] {standard_task_runner.py:76} INFO - Running: ['***', 'tasks', 'run', 'movie_chooser_dag', 'choose_movie_1', 'scheduled__2021-10-16T13:50:00+00:00', '--job-id', '722', '--raw', '--subdir', 'DAGS_FOLDER/third_dag.py', '--cfg-path', '/tmp/tmpkcy06jzz', '--error-file', '/tmp/tmp9_17le_3']
[2021-10-16 13:52:02,573] {standard_task_runner.py:77} INFO - Job 722: Subtask choose_movie_1
[2021-10-16 13:52:02,565] {standard_task_runner.py:52} INFO - Started process 3363 to run task
[2021-10-16 13:52:02,651] {logging_mixin.py:109} INFO - Running <TaskInstance: movie_chooser_dag.choose_movie_1 scheduled__2021-10-16T13:50:00+00:00 [running]> on host e03fb9e01fd8
[2021-10-16 13:52:02,788] {taskinstance.py:1414} INFO - Exporting the following env vars:
AIRFLOW_CTX_DAG_OWNER=***
AIRFLOW_CTX_DAG_ID=movie_chooser_dag
AIRFLOW_CTX_TASK_ID=choose_movie_1
AIRFLOW_CTX_EXECUTION_DATE=2021-10-16T13:50:00+00:00
AIRFLOW_CTX_DAG_RUN_ID=scheduled__2021-10-16T13:50:00+00:00
[2021-10-16 13:52:02,807] {python.py:152} INFO - Done. Returned value was: Across the Universe,romance,Independent,84,0.652603178,54,$29.37 ,2007

[2021-10-16 13:52:02,847] {taskinstance.py:1280} INFO - Marking task as SUCCESS. dag_id=movie_chooser_dag, task_id=choose_movie_1, execution_date=20211016T135000, start_date=20211016T135202, end_date=20211016T135202
[2021-10-16 13:52:02,876] {local_task_job.py:154} INFO - Task exited with return code 0
[2021-10-16 13:52:02,938] {local_task_job.py:264} INFO - 1 downstream tasks scheduled from follow-on schedule check
