[2021-10-16 13:05:05,350] {taskinstance.py:1035} INFO - Dependencies all met for <TaskInstance: movie_chooser_dag.choose_movie_1 scheduled__2021-10-16T12:26:00+00:00 [queued]>
[2021-10-16 13:05:05,401] {taskinstance.py:1035} INFO - Dependencies all met for <TaskInstance: movie_chooser_dag.choose_movie_1 scheduled__2021-10-16T12:26:00+00:00 [queued]>
[2021-10-16 13:05:05,401] {taskinstance.py:1241} INFO - 
--------------------------------------------------------------------------------
[2021-10-16 13:05:05,401] {taskinstance.py:1242} INFO - Starting attempt 1 of 1
[2021-10-16 13:05:05,401] {taskinstance.py:1243} INFO - 
--------------------------------------------------------------------------------
[2021-10-16 13:05:05,827] {taskinstance.py:1262} INFO - Executing <Task(PythonOperator): choose_movie_1> on 2021-10-16 12:26:00+00:00
[2021-10-16 13:05:05,836] {standard_task_runner.py:52} INFO - Started process 562 to run task
[2021-10-16 13:05:05,849] {standard_task_runner.py:76} INFO - Running: ['***', 'tasks', 'run', 'movie_chooser_dag', 'choose_movie_1', 'scheduled__2021-10-16T12:26:00+00:00', '--job-id', '306', '--raw', '--subdir', 'DAGS_FOLDER/third_dag.py', '--cfg-path', '/tmp/tmp5tirtknj', '--error-file', '/tmp/tmpm54w4zhb']
[2021-10-16 13:05:05,850] {standard_task_runner.py:77} INFO - Job 306: Subtask choose_movie_1
[2021-10-16 13:05:06,036] {logging_mixin.py:109} INFO - Running <TaskInstance: movie_chooser_dag.choose_movie_1 scheduled__2021-10-16T12:26:00+00:00 [running]> on host e03fb9e01fd8
[2021-10-16 13:05:06,143] {taskinstance.py:1414} INFO - Exporting the following env vars:
AIRFLOW_CTX_DAG_OWNER=***
AIRFLOW_CTX_DAG_ID=movie_chooser_dag
AIRFLOW_CTX_TASK_ID=choose_movie_1
AIRFLOW_CTX_EXECUTION_DATE=2021-10-16T12:26:00+00:00
AIRFLOW_CTX_DAG_RUN_ID=scheduled__2021-10-16T12:26:00+00:00
[2021-10-16 13:05:06,160] {python.py:152} INFO - Done. Returned value was: Valentine's Day,Comedy,Warner Bros.,54,4.184038462,17,$217.57 ,2010

[2021-10-16 13:05:06,400] {taskinstance.py:1280} INFO - Marking task as SUCCESS. dag_id=movie_chooser_dag, task_id=choose_movie_1, execution_date=20211016T122600, start_date=20211016T130505, end_date=20211016T130506
[2021-10-16 13:05:06,454] {local_task_job.py:154} INFO - Task exited with return code 0
[2021-10-16 13:05:06,614] {local_task_job.py:264} INFO - 1 downstream tasks scheduled from follow-on schedule check
