[2021-10-16 13:10:02,893] {taskinstance.py:1035} INFO - Dependencies all met for <TaskInstance: movie_chooser_dag.choose_movie_1 scheduled__2021-10-16T13:08:00+00:00 [queued]>
[2021-10-16 13:10:02,921] {taskinstance.py:1035} INFO - Dependencies all met for <TaskInstance: movie_chooser_dag.choose_movie_1 scheduled__2021-10-16T13:08:00+00:00 [queued]>
[2021-10-16 13:10:02,921] {taskinstance.py:1241} INFO - 
--------------------------------------------------------------------------------
[2021-10-16 13:10:02,921] {taskinstance.py:1242} INFO - Starting attempt 1 of 1
[2021-10-16 13:10:02,922] {taskinstance.py:1243} INFO - 
--------------------------------------------------------------------------------
[2021-10-16 13:10:02,965] {taskinstance.py:1262} INFO - Executing <Task(PythonOperator): choose_movie_1> on 2021-10-16 13:08:00+00:00
[2021-10-16 13:10:02,980] {standard_task_runner.py:76} INFO - Running: ['***', 'tasks', 'run', 'movie_chooser_dag', 'choose_movie_1', 'scheduled__2021-10-16T13:08:00+00:00', '--job-id', '574', '--raw', '--subdir', 'DAGS_FOLDER/third_dag.py', '--cfg-path', '/tmp/tmpvzmas0yw', '--error-file', '/tmp/tmpq1ym9q_3']
[2021-10-16 13:10:02,981] {standard_task_runner.py:77} INFO - Job 574: Subtask choose_movie_1
[2021-10-16 13:10:02,973] {standard_task_runner.py:52} INFO - Started process 1301 to run task
[2021-10-16 13:10:03,063] {logging_mixin.py:109} INFO - Running <TaskInstance: movie_chooser_dag.choose_movie_1 scheduled__2021-10-16T13:08:00+00:00 [running]> on host e03fb9e01fd8
[2021-10-16 13:10:03,141] {taskinstance.py:1414} INFO - Exporting the following env vars:
AIRFLOW_CTX_DAG_OWNER=***
AIRFLOW_CTX_DAG_ID=movie_chooser_dag
AIRFLOW_CTX_TASK_ID=choose_movie_1
AIRFLOW_CTX_EXECUTION_DATE=2021-10-16T13:08:00+00:00
AIRFLOW_CTX_DAG_RUN_ID=scheduled__2021-10-16T13:08:00+00:00
[2021-10-16 13:10:03,157] {python.py:152} INFO - Done. Returned value was: High School Musical 3: Senior Year,Comedy,Disney,76,22.91313646,65,$252.04 ,2008

[2021-10-16 13:10:03,197] {taskinstance.py:1280} INFO - Marking task as SUCCESS. dag_id=movie_chooser_dag, task_id=choose_movie_1, execution_date=20211016T130800, start_date=20211016T131002, end_date=20211016T131003
[2021-10-16 13:10:03,259] {local_task_job.py:154} INFO - Task exited with return code 0
[2021-10-16 13:10:03,316] {local_task_job.py:264} INFO - 0 downstream tasks scheduled from follow-on schedule check
