[2021-10-16 10:50:02,075] {taskinstance.py:1035} INFO - Dependencies all met for <TaskInstance: movie_chooser_dag.choose_movie_0 scheduled__2021-10-16T10:48:00+00:00 [queued]>
[2021-10-16 10:50:02,109] {taskinstance.py:1035} INFO - Dependencies all met for <TaskInstance: movie_chooser_dag.choose_movie_0 scheduled__2021-10-16T10:48:00+00:00 [queued]>
[2021-10-16 10:50:02,109] {taskinstance.py:1241} INFO - 
--------------------------------------------------------------------------------
[2021-10-16 10:50:02,109] {taskinstance.py:1242} INFO - Starting attempt 1 of 1
[2021-10-16 10:50:02,109] {taskinstance.py:1243} INFO - 
--------------------------------------------------------------------------------
[2021-10-16 10:50:02,129] {taskinstance.py:1262} INFO - Executing <Task(PythonOperator): choose_movie_0> on 2021-10-16 10:48:00+00:00
[2021-10-16 10:50:02,141] {standard_task_runner.py:76} INFO - Running: ['***', 'tasks', 'run', 'movie_chooser_dag', 'choose_movie_0', 'scheduled__2021-10-16T10:48:00+00:00', '--job-id', '87', '--raw', '--subdir', 'DAGS_FOLDER/third_dag.py', '--cfg-path', '/tmp/tmpetjove19', '--error-file', '/tmp/tmppbgwmxs5']
[2021-10-16 10:50:02,142] {standard_task_runner.py:77} INFO - Job 87: Subtask choose_movie_0
[2021-10-16 10:50:02,137] {standard_task_runner.py:52} INFO - Started process 1467 to run task
[2021-10-16 10:50:02,198] {logging_mixin.py:109} INFO - Running <TaskInstance: movie_chooser_dag.choose_movie_0 scheduled__2021-10-16T10:48:00+00:00 [running]> on host e03fb9e01fd8
[2021-10-16 10:50:02,272] {taskinstance.py:1414} INFO - Exporting the following env vars:
AIRFLOW_CTX_DAG_OWNER=***
AIRFLOW_CTX_DAG_ID=movie_chooser_dag
AIRFLOW_CTX_TASK_ID=choose_movie_0
AIRFLOW_CTX_EXECUTION_DATE=2021-10-16T10:48:00+00:00
AIRFLOW_CTX_DAG_RUN_ID=scheduled__2021-10-16T10:48:00+00:00
[2021-10-16 10:50:02,285] {python.py:152} INFO - Done. Returned value was: Killers,Action,Lionsgate,45,1.245333333,11,$93.40 ,2010

[2021-10-16 10:50:02,316] {taskinstance.py:1280} INFO - Marking task as SUCCESS. dag_id=movie_chooser_dag, task_id=choose_movie_0, execution_date=20211016T104800, start_date=20211016T105002, end_date=20211016T105002
[2021-10-16 10:50:02,358] {local_task_job.py:154} INFO - Task exited with return code 0
[2021-10-16 10:50:02,413] {local_task_job.py:264} INFO - 0 downstream tasks scheduled from follow-on schedule check
