[2021-10-16 13:56:02,498] {taskinstance.py:1035} INFO - Dependencies all met for <TaskInstance: movie_chooser_dag.choose_movie_2 scheduled__2021-10-16T13:54:00+00:00 [queued]>
[2021-10-16 13:56:02,525] {taskinstance.py:1035} INFO - Dependencies all met for <TaskInstance: movie_chooser_dag.choose_movie_2 scheduled__2021-10-16T13:54:00+00:00 [queued]>
[2021-10-16 13:56:02,525] {taskinstance.py:1241} INFO - 
--------------------------------------------------------------------------------
[2021-10-16 13:56:02,525] {taskinstance.py:1242} INFO - Starting attempt 1 of 1
[2021-10-16 13:56:02,525] {taskinstance.py:1243} INFO - 
--------------------------------------------------------------------------------
[2021-10-16 13:56:02,571] {taskinstance.py:1262} INFO - Executing <Task(PythonOperator): choose_movie_2> on 2021-10-16 13:54:00+00:00
[2021-10-16 13:56:02,593] {standard_task_runner.py:76} INFO - Running: ['***', 'tasks', 'run', 'movie_chooser_dag', 'choose_movie_2', 'scheduled__2021-10-16T13:54:00+00:00', '--job-id', '735', '--raw', '--subdir', 'DAGS_FOLDER/third_dag.py', '--cfg-path', '/tmp/tmph57h5qg9', '--error-file', '/tmp/tmp_hs925y7']
[2021-10-16 13:56:02,594] {standard_task_runner.py:77} INFO - Job 735: Subtask choose_movie_2
[2021-10-16 13:56:02,586] {standard_task_runner.py:52} INFO - Started process 3559 to run task
[2021-10-16 13:56:02,683] {logging_mixin.py:109} INFO - Running <TaskInstance: movie_chooser_dag.choose_movie_2 scheduled__2021-10-16T13:54:00+00:00 [running]> on host e03fb9e01fd8
[2021-10-16 13:56:02,805] {taskinstance.py:1414} INFO - Exporting the following env vars:
AIRFLOW_CTX_DAG_OWNER=***
AIRFLOW_CTX_DAG_ID=movie_chooser_dag
AIRFLOW_CTX_TASK_ID=choose_movie_2
AIRFLOW_CTX_EXECUTION_DATE=2021-10-16T13:54:00+00:00
AIRFLOW_CTX_DAG_RUN_ID=scheduled__2021-10-16T13:54:00+00:00
[2021-10-16 13:56:02,832] {python.py:152} INFO - Done. Returned value was: No Reservations,Comedy,Warner Bros.,64,3.307180357,39,$92.60 ,2007

[2021-10-16 13:56:02,918] {taskinstance.py:1280} INFO - Marking task as SUCCESS. dag_id=movie_chooser_dag, task_id=choose_movie_2, execution_date=20211016T135400, start_date=20211016T135602, end_date=20211016T135602
[2021-10-16 13:56:02,994] {local_task_job.py:154} INFO - Task exited with return code 0
[2021-10-16 13:56:03,053] {local_task_job.py:264} INFO - 0 downstream tasks scheduled from follow-on schedule check
