[2021-10-16 10:24:10,905] {taskinstance.py:1035} INFO - Dependencies all met for <TaskInstance: second_dag.choose_movie_0 scheduled__2021-10-15T10:23:52.989357+00:00 [queued]>
[2021-10-16 10:24:10,938] {taskinstance.py:1035} INFO - Dependencies all met for <TaskInstance: second_dag.choose_movie_0 scheduled__2021-10-15T10:23:52.989357+00:00 [queued]>
[2021-10-16 10:24:10,938] {taskinstance.py:1241} INFO - 
--------------------------------------------------------------------------------
[2021-10-16 10:24:10,939] {taskinstance.py:1242} INFO - Starting attempt 1 of 1
[2021-10-16 10:24:10,939] {taskinstance.py:1243} INFO - 
--------------------------------------------------------------------------------
[2021-10-16 10:24:10,957] {taskinstance.py:1262} INFO - Executing <Task(PythonOperator): choose_movie_0> on 2021-10-15 10:23:52.989357+00:00
[2021-10-16 10:24:10,968] {standard_task_runner.py:76} INFO - Running: ['***', 'tasks', 'run', 'second_dag', 'choose_movie_0', 'scheduled__2021-10-15T10:23:52.989357+00:00', '--job-id', '5', '--raw', '--subdir', 'DAGS_FOLDER/second_dag.py', '--cfg-path', '/tmp/tmpryvocjw7', '--error-file', '/tmp/tmpqs9_5l1a']
[2021-10-16 10:24:10,969] {standard_task_runner.py:77} INFO - Job 5: Subtask choose_movie_0
[2021-10-16 10:24:10,964] {standard_task_runner.py:52} INFO - Started process 179 to run task
[2021-10-16 10:24:11,030] {logging_mixin.py:109} INFO - Running <TaskInstance: second_dag.choose_movie_0 scheduled__2021-10-15T10:23:52.989357+00:00 [running]> on host e03fb9e01fd8
[2021-10-16 10:24:11,121] {taskinstance.py:1414} INFO - Exporting the following env vars:
AIRFLOW_CTX_DAG_OWNER=***
AIRFLOW_CTX_DAG_ID=second_dag
AIRFLOW_CTX_TASK_ID=choose_movie_0
AIRFLOW_CTX_EXECUTION_DATE=2021-10-15T10:23:52.989357+00:00
AIRFLOW_CTX_DAG_RUN_ID=scheduled__2021-10-15T10:23:52.989357+00:00
[2021-10-16 10:24:11,122] {logging_mixin.py:109} INFO - Over Her Dead Body,Comedy,New Line,47,2.071,15,$20.71 ,2008
[2021-10-16 10:24:11,122] {logging_mixin.py:109} INFO - 
[2021-10-16 10:24:11,122] {python.py:152} INFO - Done. Returned value was: Over Her Dead Body,Comedy,New Line,47,2.071,15,$20.71 ,2008

[2021-10-16 10:24:11,161] {taskinstance.py:1280} INFO - Marking task as SUCCESS. dag_id=second_dag, task_id=choose_movie_0, execution_date=20211015T102352, start_date=20211016T102410, end_date=20211016T102411
[2021-10-16 10:24:11,186] {local_task_job.py:154} INFO - Task exited with return code 0
[2021-10-16 10:24:11,246] {local_task_job.py:264} INFO - 1 downstream tasks scheduled from follow-on schedule check
