[2021-10-16 13:20:02,025] {taskinstance.py:1035} INFO - Dependencies all met for <TaskInstance: movie_chooser_dag.choose_movie_1 scheduled__2021-10-16T13:18:00+00:00 [queued]>
[2021-10-16 13:20:02,046] {taskinstance.py:1035} INFO - Dependencies all met for <TaskInstance: movie_chooser_dag.choose_movie_1 scheduled__2021-10-16T13:18:00+00:00 [queued]>
[2021-10-16 13:20:02,047] {taskinstance.py:1241} INFO - 
--------------------------------------------------------------------------------
[2021-10-16 13:20:02,047] {taskinstance.py:1242} INFO - Starting attempt 1 of 1
[2021-10-16 13:20:02,047] {taskinstance.py:1243} INFO - 
--------------------------------------------------------------------------------
[2021-10-16 13:20:02,102] {taskinstance.py:1262} INFO - Executing <Task(PythonOperator): choose_movie_1> on 2021-10-16 13:18:00+00:00
[2021-10-16 13:20:02,117] {standard_task_runner.py:76} INFO - Running: ['***', 'tasks', 'run', 'movie_chooser_dag', 'choose_movie_1', 'scheduled__2021-10-16T13:18:00+00:00', '--job-id', '609', '--raw', '--subdir', 'DAGS_FOLDER/third_dag.py', '--cfg-path', '/tmp/tmpd7j3ezfj', '--error-file', '/tmp/tmp61bxhny6']
[2021-10-16 13:20:02,118] {standard_task_runner.py:77} INFO - Job 609: Subtask choose_movie_1
[2021-10-16 13:20:02,110] {standard_task_runner.py:52} INFO - Started process 1793 to run task
[2021-10-16 13:20:02,192] {logging_mixin.py:109} INFO - Running <TaskInstance: movie_chooser_dag.choose_movie_1 scheduled__2021-10-16T13:18:00+00:00 [running]> on host e03fb9e01fd8
[2021-10-16 13:20:02,269] {taskinstance.py:1414} INFO - Exporting the following env vars:
AIRFLOW_CTX_DAG_OWNER=***
AIRFLOW_CTX_DAG_ID=movie_chooser_dag
AIRFLOW_CTX_TASK_ID=choose_movie_1
AIRFLOW_CTX_EXECUTION_DATE=2021-10-16T13:18:00+00:00
AIRFLOW_CTX_DAG_RUN_ID=scheduled__2021-10-16T13:18:00+00:00
[2021-10-16 13:20:02,290] {python.py:152} INFO - Done. Returned value was: No Reservations,Comedy,Warner Bros.,64,3.307180357,39,$92.60 ,2007

[2021-10-16 13:20:02,347] {taskinstance.py:1280} INFO - Marking task as SUCCESS. dag_id=movie_chooser_dag, task_id=choose_movie_1, execution_date=20211016T131800, start_date=20211016T132002, end_date=20211016T132002
[2021-10-16 13:20:02,416] {local_task_job.py:154} INFO - Task exited with return code 0
[2021-10-16 13:20:02,500] {local_task_job.py:264} INFO - 0 downstream tasks scheduled from follow-on schedule check
