[2021-10-16 13:04:52,464] {taskinstance.py:1035} INFO - Dependencies all met for <TaskInstance: movie_chooser_dag.choose_movie_1 scheduled__2021-10-16T12:14:00+00:00 [queued]>
[2021-10-16 13:04:52,488] {taskinstance.py:1035} INFO - Dependencies all met for <TaskInstance: movie_chooser_dag.choose_movie_1 scheduled__2021-10-16T12:14:00+00:00 [queued]>
[2021-10-16 13:04:52,489] {taskinstance.py:1241} INFO - 
--------------------------------------------------------------------------------
[2021-10-16 13:04:52,489] {taskinstance.py:1242} INFO - Starting attempt 1 of 1
[2021-10-16 13:04:52,489] {taskinstance.py:1243} INFO - 
--------------------------------------------------------------------------------
[2021-10-16 13:04:52,540] {taskinstance.py:1262} INFO - Executing <Task(PythonOperator): choose_movie_1> on 2021-10-16 12:14:00+00:00
[2021-10-16 13:04:52,574] {standard_task_runner.py:76} INFO - Running: ['***', 'tasks', 'run', 'movie_chooser_dag', 'choose_movie_1', 'scheduled__2021-10-16T12:14:00+00:00', '--job-id', '243', '--raw', '--subdir', 'DAGS_FOLDER/third_dag.py', '--cfg-path', '/tmp/tmppg4aglng', '--error-file', '/tmp/tmpc2lsx5r0']
[2021-10-16 13:04:52,575] {standard_task_runner.py:77} INFO - Job 243: Subtask choose_movie_1
[2021-10-16 13:04:52,559] {standard_task_runner.py:52} INFO - Started process 417 to run task
[2021-10-16 13:04:52,708] {logging_mixin.py:109} INFO - Running <TaskInstance: movie_chooser_dag.choose_movie_1 scheduled__2021-10-16T12:14:00+00:00 [running]> on host e03fb9e01fd8
[2021-10-16 13:04:52,867] {taskinstance.py:1414} INFO - Exporting the following env vars:
AIRFLOW_CTX_DAG_OWNER=***
AIRFLOW_CTX_DAG_ID=movie_chooser_dag
AIRFLOW_CTX_TASK_ID=choose_movie_1
AIRFLOW_CTX_EXECUTION_DATE=2021-10-16T12:14:00+00:00
AIRFLOW_CTX_DAG_RUN_ID=scheduled__2021-10-16T12:14:00+00:00
[2021-10-16 13:04:52,891] {python.py:152} INFO - Done. Returned value was: Jane Eyre,Romance,Universal,77,0,85,$30.15 ,2011

[2021-10-16 13:04:53,196] {taskinstance.py:1280} INFO - Marking task as SUCCESS. dag_id=movie_chooser_dag, task_id=choose_movie_1, execution_date=20211016T121400, start_date=20211016T130452, end_date=20211016T130453
[2021-10-16 13:04:53,243] {local_task_job.py:154} INFO - Task exited with return code 0
[2021-10-16 13:04:53,338] {local_task_job.py:264} INFO - 0 downstream tasks scheduled from follow-on schedule check
