[2021-10-16 10:44:02,162] {taskinstance.py:1035} INFO - Dependencies all met for <TaskInstance: movie_chooser_dag.choose_movie_0 scheduled__2021-10-16T10:42:00+00:00 [queued]>
[2021-10-16 10:44:02,193] {taskinstance.py:1035} INFO - Dependencies all met for <TaskInstance: movie_chooser_dag.choose_movie_0 scheduled__2021-10-16T10:42:00+00:00 [queued]>
[2021-10-16 10:44:02,193] {taskinstance.py:1241} INFO - 
--------------------------------------------------------------------------------
[2021-10-16 10:44:02,193] {taskinstance.py:1242} INFO - Starting attempt 1 of 1
[2021-10-16 10:44:02,193] {taskinstance.py:1243} INFO - 
--------------------------------------------------------------------------------
[2021-10-16 10:44:02,213] {taskinstance.py:1262} INFO - Executing <Task(PythonOperator): choose_movie_0> on 2021-10-16 10:42:00+00:00
[2021-10-16 10:44:02,225] {standard_task_runner.py:76} INFO - Running: ['***', 'tasks', 'run', 'movie_chooser_dag', 'choose_movie_0', 'scheduled__2021-10-16T10:42:00+00:00', '--job-id', '66', '--raw', '--subdir', 'DAGS_FOLDER/third_dag.py', '--cfg-path', '/tmp/tmpufhd65t1', '--error-file', '/tmp/tmp2e390qfy']
[2021-10-16 10:44:02,226] {standard_task_runner.py:77} INFO - Job 66: Subtask choose_movie_0
[2021-10-16 10:44:02,220] {standard_task_runner.py:52} INFO - Started process 1164 to run task
[2021-10-16 10:44:02,284] {logging_mixin.py:109} INFO - Running <TaskInstance: movie_chooser_dag.choose_movie_0 scheduled__2021-10-16T10:42:00+00:00 [running]> on host e03fb9e01fd8
[2021-10-16 10:44:02,356] {taskinstance.py:1414} INFO - Exporting the following env vars:
AIRFLOW_CTX_DAG_OWNER=***
AIRFLOW_CTX_DAG_ID=movie_chooser_dag
AIRFLOW_CTX_TASK_ID=choose_movie_0
AIRFLOW_CTX_EXECUTION_DATE=2021-10-16T10:42:00+00:00
AIRFLOW_CTX_DAG_RUN_ID=scheduled__2021-10-16T10:42:00+00:00
[2021-10-16 10:44:02,372] {python.py:152} INFO - Done. Returned value was: Killers,Action,Lionsgate,45,1.245333333,11,$93.40 ,2010

[2021-10-16 10:44:02,411] {taskinstance.py:1280} INFO - Marking task as SUCCESS. dag_id=movie_chooser_dag, task_id=choose_movie_0, execution_date=20211016T104200, start_date=20211016T104402, end_date=20211016T104402
[2021-10-16 10:44:02,441] {local_task_job.py:154} INFO - Task exited with return code 0
[2021-10-16 10:44:02,501] {local_task_job.py:264} INFO - 0 downstream tasks scheduled from follow-on schedule check
