[2021-10-16 13:03:58,392] {taskinstance.py:1035} INFO - Dependencies all met for <TaskInstance: movie_chooser_dag.choose_movie_0 scheduled__2021-10-16T11:04:00+00:00 [queued]>
[2021-10-16 13:03:58,424] {taskinstance.py:1035} INFO - Dependencies all met for <TaskInstance: movie_chooser_dag.choose_movie_0 scheduled__2021-10-16T11:04:00+00:00 [queued]>
[2021-10-16 13:03:58,424] {taskinstance.py:1241} INFO - 
--------------------------------------------------------------------------------
[2021-10-16 13:03:58,424] {taskinstance.py:1242} INFO - Starting attempt 1 of 1
[2021-10-16 13:03:58,425] {taskinstance.py:1243} INFO - 
--------------------------------------------------------------------------------
[2021-10-16 13:03:58,528] {taskinstance.py:1262} INFO - Executing <Task(PythonOperator): choose_movie_0> on 2021-10-16 11:04:00+00:00
[2021-10-16 13:03:58,646] {standard_task_runner.py:76} INFO - Running: ['***', 'tasks', 'run', 'movie_chooser_dag', 'choose_movie_0', 'scheduled__2021-10-16T11:04:00+00:00', '--job-id', '122', '--raw', '--subdir', 'DAGS_FOLDER/third_dag.py', '--cfg-path', '/tmp/tmp6w9njtm8', '--error-file', '/tmp/tmpe2oj6mdv']
[2021-10-16 13:03:58,647] {standard_task_runner.py:77} INFO - Job 122: Subtask choose_movie_0
[2021-10-16 13:03:58,544] {standard_task_runner.py:52} INFO - Started process 149 to run task
[2021-10-16 13:03:59,105] {logging_mixin.py:109} INFO - Running <TaskInstance: movie_chooser_dag.choose_movie_0 scheduled__2021-10-16T11:04:00+00:00 [running]> on host e03fb9e01fd8
[2021-10-16 13:03:59,481] {taskinstance.py:1414} INFO - Exporting the following env vars:
AIRFLOW_CTX_DAG_OWNER=***
AIRFLOW_CTX_DAG_ID=movie_chooser_dag
AIRFLOW_CTX_TASK_ID=choose_movie_0
AIRFLOW_CTX_EXECUTION_DATE=2021-10-16T11:04:00+00:00
AIRFLOW_CTX_DAG_RUN_ID=scheduled__2021-10-16T11:04:00+00:00
[2021-10-16 13:03:59,597] {python.py:152} INFO - Done. Returned value was: I Love You Phillip Morris,Comedy,Independent,57,1.34,71,$20.10 ,2010

[2021-10-16 13:03:59,724] {taskinstance.py:1280} INFO - Marking task as SUCCESS. dag_id=movie_chooser_dag, task_id=choose_movie_0, execution_date=20211016T110400, start_date=20211016T130358, end_date=20211016T130359
[2021-10-16 13:03:59,813] {local_task_job.py:154} INFO - Task exited with return code 0
[2021-10-16 13:04:00,047] {local_task_job.py:264} INFO - 0 downstream tasks scheduled from follow-on schedule check
