[2021-10-16 13:05:27,150] {taskinstance.py:1035} INFO - Dependencies all met for <TaskInstance: fourth_dag.get_gross_year_0 scheduled__2021-10-16T11:58:00+00:00 [queued]>
[2021-10-16 13:05:27,362] {taskinstance.py:1035} INFO - Dependencies all met for <TaskInstance: fourth_dag.get_gross_year_0 scheduled__2021-10-16T11:58:00+00:00 [queued]>
[2021-10-16 13:05:27,363] {taskinstance.py:1241} INFO - 
--------------------------------------------------------------------------------
[2021-10-16 13:05:27,363] {taskinstance.py:1242} INFO - Starting attempt 1 of 1
[2021-10-16 13:05:27,363] {taskinstance.py:1243} INFO - 
--------------------------------------------------------------------------------
[2021-10-16 13:05:27,568] {taskinstance.py:1262} INFO - Executing <Task(PythonOperator): get_gross_year_0> on 2021-10-16 11:58:00+00:00
[2021-10-16 13:05:27,653] {standard_task_runner.py:76} INFO - Running: ['***', 'tasks', 'run', 'fourth_dag', 'get_gross_year_0', 'scheduled__2021-10-16T11:58:00+00:00', '--job-id', '414', '--raw', '--subdir', 'DAGS_FOLDER/fourth_dag.py', '--cfg-path', '/tmp/tmpxvekoqll', '--error-file', '/tmp/tmphj2ruruk']
[2021-10-16 13:05:27,661] {standard_task_runner.py:77} INFO - Job 414: Subtask get_gross_year_0
[2021-10-16 13:05:27,618] {standard_task_runner.py:52} INFO - Started process 795 to run task
[2021-10-16 13:05:27,946] {logging_mixin.py:109} INFO - Running <TaskInstance: fourth_dag.get_gross_year_0 scheduled__2021-10-16T11:58:00+00:00 [running]> on host e03fb9e01fd8
[2021-10-16 13:05:28,222] {taskinstance.py:1414} INFO - Exporting the following env vars:
AIRFLOW_CTX_DAG_OWNER=***
AIRFLOW_CTX_DAG_ID=fourth_dag
AIRFLOW_CTX_TASK_ID=get_gross_year_0
AIRFLOW_CTX_EXECUTION_DATE=2021-10-16T11:58:00+00:00
AIRFLOW_CTX_DAG_RUN_ID=scheduled__2021-10-16T11:58:00+00:00
[2021-10-16 13:05:28,257] {python.py:152} INFO - Done. Returned value was: ['$54.53 ', '2010\n']
[2021-10-16 13:05:28,520] {taskinstance.py:1280} INFO - Marking task as SUCCESS. dag_id=fourth_dag, task_id=get_gross_year_0, execution_date=20211016T115800, start_date=20211016T130527, end_date=20211016T130528
[2021-10-16 13:05:28,643] {local_task_job.py:154} INFO - Task exited with return code 0
[2021-10-16 13:05:28,898] {local_task_job.py:264} INFO - 0 downstream tasks scheduled from follow-on schedule check
