[2021-10-16 13:04:23,973] {taskinstance.py:1035} INFO - Dependencies all met for <TaskInstance: movie_chooser_dag.choose_movie_2 scheduled__2021-10-16T11:30:00+00:00 [queued]>
[2021-10-16 13:04:23,996] {taskinstance.py:1035} INFO - Dependencies all met for <TaskInstance: movie_chooser_dag.choose_movie_2 scheduled__2021-10-16T11:30:00+00:00 [queued]>
[2021-10-16 13:04:23,996] {taskinstance.py:1241} INFO - 
--------------------------------------------------------------------------------
[2021-10-16 13:04:23,997] {taskinstance.py:1242} INFO - Starting attempt 1 of 1
[2021-10-16 13:04:23,997] {taskinstance.py:1243} INFO - 
--------------------------------------------------------------------------------
[2021-10-16 13:04:24,046] {taskinstance.py:1262} INFO - Executing <Task(PythonOperator): choose_movie_2> on 2021-10-16 11:30:00+00:00
[2021-10-16 13:04:24,058] {standard_task_runner.py:76} INFO - Running: ['***', 'tasks', 'run', 'movie_chooser_dag', 'choose_movie_2', 'scheduled__2021-10-16T11:30:00+00:00', '--job-id', '169', '--raw', '--subdir', 'DAGS_FOLDER/third_dag.py', '--cfg-path', '/tmp/tmp9lyajjqc', '--error-file', '/tmp/tmpf8v4qqhy']
[2021-10-16 13:04:24,059] {standard_task_runner.py:77} INFO - Job 169: Subtask choose_movie_2
[2021-10-16 13:04:24,054] {standard_task_runner.py:52} INFO - Started process 257 to run task
[2021-10-16 13:04:24,129] {logging_mixin.py:109} INFO - Running <TaskInstance: movie_chooser_dag.choose_movie_2 scheduled__2021-10-16T11:30:00+00:00 [running]> on host e03fb9e01fd8
[2021-10-16 13:04:24,278] {taskinstance.py:1414} INFO - Exporting the following env vars:
AIRFLOW_CTX_DAG_OWNER=***
AIRFLOW_CTX_DAG_ID=movie_chooser_dag
AIRFLOW_CTX_TASK_ID=choose_movie_2
AIRFLOW_CTX_EXECUTION_DATE=2021-10-16T11:30:00+00:00
AIRFLOW_CTX_DAG_RUN_ID=scheduled__2021-10-16T11:30:00+00:00
[2021-10-16 13:04:24,303] {python.py:152} INFO - Done. Returned value was: Love & Other Drugs,Comedy,Fox,55,1.817666667,48,$54.53 ,2010

[2021-10-16 13:04:24,380] {taskinstance.py:1280} INFO - Marking task as SUCCESS. dag_id=movie_chooser_dag, task_id=choose_movie_2, execution_date=20211016T113000, start_date=20211016T130423, end_date=20211016T130424
[2021-10-16 13:04:24,423] {local_task_job.py:154} INFO - Task exited with return code 0
[2021-10-16 13:04:24,511] {local_task_job.py:264} INFO - 1 downstream tasks scheduled from follow-on schedule check
