[2021-10-16 13:05:40,955] {taskinstance.py:1035} INFO - Dependencies all met for <TaskInstance: fourth_dag.get_gross_year_0 scheduled__2021-10-16T12:20:00+00:00 [queued]>
[2021-10-16 13:05:41,044] {taskinstance.py:1035} INFO - Dependencies all met for <TaskInstance: fourth_dag.get_gross_year_0 scheduled__2021-10-16T12:20:00+00:00 [queued]>
[2021-10-16 13:05:41,044] {taskinstance.py:1241} INFO - 
--------------------------------------------------------------------------------
[2021-10-16 13:05:41,045] {taskinstance.py:1242} INFO - Starting attempt 1 of 1
[2021-10-16 13:05:41,045] {taskinstance.py:1243} INFO - 
--------------------------------------------------------------------------------
[2021-10-16 13:05:41,155] {taskinstance.py:1262} INFO - Executing <Task(PythonOperator): get_gross_year_0> on 2021-10-16 12:20:00+00:00
[2021-10-16 13:05:41,204] {standard_task_runner.py:76} INFO - Running: ['***', 'tasks', 'run', 'fourth_dag', 'get_gross_year_0', 'scheduled__2021-10-16T12:20:00+00:00', '--job-id', '466', '--raw', '--subdir', 'DAGS_FOLDER/fourth_dag.py', '--cfg-path', '/tmp/tmp_0mdm_wz', '--error-file', '/tmp/tmp37zcuknj']
[2021-10-16 13:05:41,205] {standard_task_runner.py:77} INFO - Job 466: Subtask get_gross_year_0
[2021-10-16 13:05:41,167] {standard_task_runner.py:52} INFO - Started process 900 to run task
[2021-10-16 13:05:41,532] {logging_mixin.py:109} INFO - Running <TaskInstance: fourth_dag.get_gross_year_0 scheduled__2021-10-16T12:20:00+00:00 [running]> on host e03fb9e01fd8
[2021-10-16 13:05:41,822] {taskinstance.py:1414} INFO - Exporting the following env vars:
AIRFLOW_CTX_DAG_OWNER=***
AIRFLOW_CTX_DAG_ID=fourth_dag
AIRFLOW_CTX_TASK_ID=get_gross_year_0
AIRFLOW_CTX_EXECUTION_DATE=2021-10-16T12:20:00+00:00
AIRFLOW_CTX_DAG_RUN_ID=scheduled__2021-10-16T12:20:00+00:00
[2021-10-16 13:05:41,904] {python.py:152} INFO - Done. Returned value was: ['$148.66 ', '2011\n']
[2021-10-16 13:05:42,299] {taskinstance.py:1280} INFO - Marking task as SUCCESS. dag_id=fourth_dag, task_id=get_gross_year_0, execution_date=20211016T122000, start_date=20211016T130540, end_date=20211016T130542
[2021-10-16 13:05:42,478] {local_task_job.py:154} INFO - Task exited with return code 0
[2021-10-16 13:05:42,900] {local_task_job.py:264} INFO - 0 downstream tasks scheduled from follow-on schedule check
