[2021-10-16 13:04:28,412] {taskinstance.py:1035} INFO - Dependencies all met for <TaskInstance: movie_chooser_dag.choose_movie_1 scheduled__2021-10-16T11:36:00+00:00 [queued]>
[2021-10-16 13:04:28,436] {taskinstance.py:1035} INFO - Dependencies all met for <TaskInstance: movie_chooser_dag.choose_movie_1 scheduled__2021-10-16T11:36:00+00:00 [queued]>
[2021-10-16 13:04:28,437] {taskinstance.py:1241} INFO - 
--------------------------------------------------------------------------------
[2021-10-16 13:04:28,437] {taskinstance.py:1242} INFO - Starting attempt 1 of 1
[2021-10-16 13:04:28,437] {taskinstance.py:1243} INFO - 
--------------------------------------------------------------------------------
[2021-10-16 13:04:28,477] {taskinstance.py:1262} INFO - Executing <Task(PythonOperator): choose_movie_1> on 2021-10-16 11:36:00+00:00
[2021-10-16 13:04:28,490] {standard_task_runner.py:76} INFO - Running: ['***', 'tasks', 'run', 'movie_chooser_dag', 'choose_movie_1', 'scheduled__2021-10-16T11:36:00+00:00', '--job-id', '178', '--raw', '--subdir', 'DAGS_FOLDER/third_dag.py', '--cfg-path', '/tmp/tmpd4jsb0r2', '--error-file', '/tmp/tmpuac77bve']
[2021-10-16 13:04:28,491] {standard_task_runner.py:77} INFO - Job 178: Subtask choose_movie_1
[2021-10-16 13:04:28,484] {standard_task_runner.py:52} INFO - Started process 279 to run task
[2021-10-16 13:04:28,567] {logging_mixin.py:109} INFO - Running <TaskInstance: movie_chooser_dag.choose_movie_1 scheduled__2021-10-16T11:36:00+00:00 [running]> on host e03fb9e01fd8
[2021-10-16 13:04:28,658] {taskinstance.py:1414} INFO - Exporting the following env vars:
AIRFLOW_CTX_DAG_OWNER=***
AIRFLOW_CTX_DAG_ID=movie_chooser_dag
AIRFLOW_CTX_TASK_ID=choose_movie_1
AIRFLOW_CTX_EXECUTION_DATE=2021-10-16T11:36:00+00:00
AIRFLOW_CTX_DAG_RUN_ID=scheduled__2021-10-16T11:36:00+00:00
[2021-10-16 13:04:28,678] {python.py:152} INFO - Done. Returned value was: Love & Other Drugs,Comedy,Fox,55,1.817666667,48,$54.53 ,2010

[2021-10-16 13:04:28,711] {taskinstance.py:1280} INFO - Marking task as SUCCESS. dag_id=movie_chooser_dag, task_id=choose_movie_1, execution_date=20211016T113600, start_date=20211016T130428, end_date=20211016T130428
[2021-10-16 13:04:28,760] {local_task_job.py:154} INFO - Task exited with return code 0
[2021-10-16 13:04:28,825] {local_task_job.py:264} INFO - 0 downstream tasks scheduled from follow-on schedule check
