[2021-10-16 13:03:55,142] {taskinstance.py:1035} INFO - Dependencies all met for <TaskInstance: movie_chooser_dag.choose_movie_2 scheduled__2021-10-16T11:04:00+00:00 [queued]>
[2021-10-16 13:03:55,259] {taskinstance.py:1035} INFO - Dependencies all met for <TaskInstance: movie_chooser_dag.choose_movie_2 scheduled__2021-10-16T11:04:00+00:00 [queued]>
[2021-10-16 13:03:55,260] {taskinstance.py:1241} INFO - 
--------------------------------------------------------------------------------
[2021-10-16 13:03:55,260] {taskinstance.py:1242} INFO - Starting attempt 1 of 1
[2021-10-16 13:03:55,260] {taskinstance.py:1243} INFO - 
--------------------------------------------------------------------------------
[2021-10-16 13:03:55,430] {taskinstance.py:1262} INFO - Executing <Task(PythonOperator): choose_movie_2> on 2021-10-16 11:04:00+00:00
[2021-10-16 13:03:55,454] {standard_task_runner.py:52} INFO - Started process 137 to run task
[2021-10-16 13:03:55,565] {standard_task_runner.py:76} INFO - Running: ['***', 'tasks', 'run', 'movie_chooser_dag', 'choose_movie_2', 'scheduled__2021-10-16T11:04:00+00:00', '--job-id', '114', '--raw', '--subdir', 'DAGS_FOLDER/third_dag.py', '--cfg-path', '/tmp/tmp0kqggg6x', '--error-file', '/tmp/tmp_3covjwj']
[2021-10-16 13:03:55,566] {standard_task_runner.py:77} INFO - Job 114: Subtask choose_movie_2
[2021-10-16 13:03:55,853] {logging_mixin.py:109} INFO - Running <TaskInstance: movie_chooser_dag.choose_movie_2 scheduled__2021-10-16T11:04:00+00:00 [running]> on host e03fb9e01fd8
[2021-10-16 13:03:56,360] {taskinstance.py:1414} INFO - Exporting the following env vars:
AIRFLOW_CTX_DAG_OWNER=***
AIRFLOW_CTX_DAG_ID=movie_chooser_dag
AIRFLOW_CTX_TASK_ID=choose_movie_2
AIRFLOW_CTX_EXECUTION_DATE=2021-10-16T11:04:00+00:00
AIRFLOW_CTX_DAG_RUN_ID=scheduled__2021-10-16T11:04:00+00:00
[2021-10-16 13:03:56,460] {python.py:152} INFO - Done. Returned value was: Valentine's Day,Comedy,Warner Bros.,54,4.184038462,17,$217.57 ,2010

[2021-10-16 13:03:56,632] {taskinstance.py:1280} INFO - Marking task as SUCCESS. dag_id=movie_chooser_dag, task_id=choose_movie_2, execution_date=20211016T110400, start_date=20211016T130355, end_date=20211016T130356
[2021-10-16 13:03:56,730] {local_task_job.py:154} INFO - Task exited with return code 0
[2021-10-16 13:03:57,052] {local_task_job.py:264} INFO - 0 downstream tasks scheduled from follow-on schedule check
