[2021-10-16 13:04:53,213] {taskinstance.py:1035} INFO - Dependencies all met for <TaskInstance: movie_chooser_dag.choose_movie_1 scheduled__2021-10-16T12:16:00+00:00 [queued]>
[2021-10-16 13:04:53,236] {taskinstance.py:1035} INFO - Dependencies all met for <TaskInstance: movie_chooser_dag.choose_movie_1 scheduled__2021-10-16T12:16:00+00:00 [queued]>
[2021-10-16 13:04:53,236] {taskinstance.py:1241} INFO - 
--------------------------------------------------------------------------------
[2021-10-16 13:04:53,236] {taskinstance.py:1242} INFO - Starting attempt 1 of 1
[2021-10-16 13:04:53,237] {taskinstance.py:1243} INFO - 
--------------------------------------------------------------------------------
[2021-10-16 13:04:53,277] {taskinstance.py:1262} INFO - Executing <Task(PythonOperator): choose_movie_1> on 2021-10-16 12:16:00+00:00
[2021-10-16 13:04:53,285] {standard_task_runner.py:52} INFO - Started process 424 to run task
[2021-10-16 13:04:53,299] {standard_task_runner.py:76} INFO - Running: ['***', 'tasks', 'run', 'movie_chooser_dag', 'choose_movie_1', 'scheduled__2021-10-16T12:16:00+00:00', '--job-id', '244', '--raw', '--subdir', 'DAGS_FOLDER/third_dag.py', '--cfg-path', '/tmp/tmpu6q87nrq', '--error-file', '/tmp/tmpas9vi19e']
[2021-10-16 13:04:53,299] {standard_task_runner.py:77} INFO - Job 244: Subtask choose_movie_1
[2021-10-16 13:04:53,377] {logging_mixin.py:109} INFO - Running <TaskInstance: movie_chooser_dag.choose_movie_1 scheduled__2021-10-16T12:16:00+00:00 [running]> on host e03fb9e01fd8
[2021-10-16 13:04:53,492] {taskinstance.py:1414} INFO - Exporting the following env vars:
AIRFLOW_CTX_DAG_OWNER=***
AIRFLOW_CTX_DAG_ID=movie_chooser_dag
AIRFLOW_CTX_TASK_ID=choose_movie_1
AIRFLOW_CTX_EXECUTION_DATE=2021-10-16T12:16:00+00:00
AIRFLOW_CTX_DAG_RUN_ID=scheduled__2021-10-16T12:16:00+00:00
[2021-10-16 13:04:53,515] {python.py:152} INFO - Done. Returned value was: 27 Dresses,Comedy,Fox,71,5.3436218,40,$160.31 ,2008

[2021-10-16 13:04:53,565] {taskinstance.py:1280} INFO - Marking task as SUCCESS. dag_id=movie_chooser_dag, task_id=choose_movie_1, execution_date=20211016T121600, start_date=20211016T130453, end_date=20211016T130453
[2021-10-16 13:04:53,635] {local_task_job.py:154} INFO - Task exited with return code 0
[2021-10-16 13:04:53,728] {local_task_job.py:264} INFO - 0 downstream tasks scheduled from follow-on schedule check
