[2021-10-16 13:05:27,418] {taskinstance.py:1035} INFO - Dependencies all met for <TaskInstance: movie_chooser_dag.choose_movie_1 scheduled__2021-10-16T12:48:00+00:00 [queued]>
[2021-10-16 13:05:27,573] {taskinstance.py:1035} INFO - Dependencies all met for <TaskInstance: movie_chooser_dag.choose_movie_1 scheduled__2021-10-16T12:48:00+00:00 [queued]>
[2021-10-16 13:05:27,573] {taskinstance.py:1241} INFO - 
--------------------------------------------------------------------------------
[2021-10-16 13:05:27,573] {taskinstance.py:1242} INFO - Starting attempt 1 of 1
[2021-10-16 13:05:27,579] {taskinstance.py:1243} INFO - 
--------------------------------------------------------------------------------
[2021-10-16 13:05:27,675] {taskinstance.py:1262} INFO - Executing <Task(PythonOperator): choose_movie_1> on 2021-10-16 12:48:00+00:00
[2021-10-16 13:05:27,791] {standard_task_runner.py:76} INFO - Running: ['***', 'tasks', 'run', 'movie_chooser_dag', 'choose_movie_1', 'scheduled__2021-10-16T12:48:00+00:00', '--job-id', '418', '--raw', '--subdir', 'DAGS_FOLDER/third_dag.py', '--cfg-path', '/tmp/tmpr82drjde', '--error-file', '/tmp/tmpzt6oqk6i']
[2021-10-16 13:05:27,793] {standard_task_runner.py:77} INFO - Job 418: Subtask choose_movie_1
[2021-10-16 13:05:27,739] {standard_task_runner.py:52} INFO - Started process 796 to run task
[2021-10-16 13:05:28,112] {logging_mixin.py:109} INFO - Running <TaskInstance: movie_chooser_dag.choose_movie_1 scheduled__2021-10-16T12:48:00+00:00 [running]> on host e03fb9e01fd8
[2021-10-16 13:05:28,376] {taskinstance.py:1414} INFO - Exporting the following env vars:
AIRFLOW_CTX_DAG_OWNER=***
AIRFLOW_CTX_DAG_ID=movie_chooser_dag
AIRFLOW_CTX_TASK_ID=choose_movie_1
AIRFLOW_CTX_EXECUTION_DATE=2021-10-16T12:48:00+00:00
AIRFLOW_CTX_DAG_RUN_ID=scheduled__2021-10-16T12:48:00+00:00
[2021-10-16 13:05:28,556] {python.py:152} INFO - Done. Returned value was: Jane Eyre,Romance,Universal,77,0,85,$30.15 ,2011

[2021-10-16 13:05:28,695] {taskinstance.py:1280} INFO - Marking task as SUCCESS. dag_id=movie_chooser_dag, task_id=choose_movie_1, execution_date=20211016T124800, start_date=20211016T130527, end_date=20211016T130528
[2021-10-16 13:05:28,802] {local_task_job.py:154} INFO - Task exited with return code 0
[2021-10-16 13:05:29,099] {local_task_job.py:264} INFO - 1 downstream tasks scheduled from follow-on schedule check
