[2021-10-16 13:05:36,225] {taskinstance.py:1035} INFO - Dependencies all met for <TaskInstance: fourth_dag.get_gross_year_2 scheduled__2021-10-16T12:10:00+00:00 [queued]>
[2021-10-16 13:05:36,450] {taskinstance.py:1035} INFO - Dependencies all met for <TaskInstance: fourth_dag.get_gross_year_2 scheduled__2021-10-16T12:10:00+00:00 [queued]>
[2021-10-16 13:05:36,450] {taskinstance.py:1241} INFO - 
--------------------------------------------------------------------------------
[2021-10-16 13:05:36,450] {taskinstance.py:1242} INFO - Starting attempt 1 of 1
[2021-10-16 13:05:36,450] {taskinstance.py:1243} INFO - 
--------------------------------------------------------------------------------
[2021-10-16 13:05:36,513] {taskinstance.py:1262} INFO - Executing <Task(PythonOperator): get_gross_year_2> on 2021-10-16 12:10:00+00:00
[2021-10-16 13:05:36,537] {standard_task_runner.py:76} INFO - Running: ['***', 'tasks', 'run', 'fourth_dag', 'get_gross_year_2', 'scheduled__2021-10-16T12:10:00+00:00', '--job-id', '448', '--raw', '--subdir', 'DAGS_FOLDER/fourth_dag.py', '--cfg-path', '/tmp/tmpzscy7ig6', '--error-file', '/tmp/tmpokieuig9']
[2021-10-16 13:05:36,538] {standard_task_runner.py:77} INFO - Job 448: Subtask get_gross_year_2
[2021-10-16 13:05:36,524] {standard_task_runner.py:52} INFO - Started process 863 to run task
[2021-10-16 13:05:36,818] {logging_mixin.py:109} INFO - Running <TaskInstance: fourth_dag.get_gross_year_2 scheduled__2021-10-16T12:10:00+00:00 [running]> on host e03fb9e01fd8
[2021-10-16 13:05:37,078] {taskinstance.py:1414} INFO - Exporting the following env vars:
AIRFLOW_CTX_DAG_OWNER=***
AIRFLOW_CTX_DAG_ID=fourth_dag
AIRFLOW_CTX_TASK_ID=get_gross_year_2
AIRFLOW_CTX_EXECUTION_DATE=2021-10-16T12:10:00+00:00
AIRFLOW_CTX_DAG_RUN_ID=scheduled__2021-10-16T12:10:00+00:00
[2021-10-16 13:05:37,114] {python.py:152} INFO - Done. Returned value was: ['$217.57 ', '2010\n']
[2021-10-16 13:05:37,236] {taskinstance.py:1280} INFO - Marking task as SUCCESS. dag_id=fourth_dag, task_id=get_gross_year_2, execution_date=20211016T121000, start_date=20211016T130536, end_date=20211016T130537
[2021-10-16 13:05:37,343] {local_task_job.py:154} INFO - Task exited with return code 0
[2021-10-16 13:05:37,672] {local_task_job.py:264} INFO - 0 downstream tasks scheduled from follow-on schedule check
