[2021-10-16 13:05:21,116] {taskinstance.py:1035} INFO - Dependencies all met for <TaskInstance: movie_chooser_dag.choose_movie_2 scheduled__2021-10-16T12:44:00+00:00 [queued]>
[2021-10-16 13:05:21,240] {taskinstance.py:1035} INFO - Dependencies all met for <TaskInstance: movie_chooser_dag.choose_movie_2 scheduled__2021-10-16T12:44:00+00:00 [queued]>
[2021-10-16 13:05:21,240] {taskinstance.py:1241} INFO - 
--------------------------------------------------------------------------------
[2021-10-16 13:05:21,240] {taskinstance.py:1242} INFO - Starting attempt 1 of 1
[2021-10-16 13:05:21,240] {taskinstance.py:1243} INFO - 
--------------------------------------------------------------------------------
[2021-10-16 13:05:21,476] {taskinstance.py:1262} INFO - Executing <Task(PythonOperator): choose_movie_2> on 2021-10-16 12:44:00+00:00
[2021-10-16 13:05:21,511] {standard_task_runner.py:52} INFO - Started process 743 to run task
[2021-10-16 13:05:21,529] {standard_task_runner.py:76} INFO - Running: ['***', 'tasks', 'run', 'movie_chooser_dag', 'choose_movie_2', 'scheduled__2021-10-16T12:44:00+00:00', '--job-id', '396', '--raw', '--subdir', 'DAGS_FOLDER/third_dag.py', '--cfg-path', '/tmp/tmpgppypftf', '--error-file', '/tmp/tmpvnacs7d2']
[2021-10-16 13:05:21,530] {standard_task_runner.py:77} INFO - Job 396: Subtask choose_movie_2
[2021-10-16 13:05:21,999] {logging_mixin.py:109} INFO - Running <TaskInstance: movie_chooser_dag.choose_movie_2 scheduled__2021-10-16T12:44:00+00:00 [running]> on host e03fb9e01fd8
[2021-10-16 13:05:22,566] {taskinstance.py:1414} INFO - Exporting the following env vars:
AIRFLOW_CTX_DAG_OWNER=***
AIRFLOW_CTX_DAG_ID=movie_chooser_dag
AIRFLOW_CTX_TASK_ID=choose_movie_2
AIRFLOW_CTX_EXECUTION_DATE=2021-10-16T12:44:00+00:00
AIRFLOW_CTX_DAG_RUN_ID=scheduled__2021-10-16T12:44:00+00:00
[2021-10-16 13:05:22,690] {python.py:152} INFO - Done. Returned value was: Midnight in Paris,Romence,Sony,84,8.744705882,93,$148.66 ,2011

[2021-10-16 13:05:22,910] {taskinstance.py:1280} INFO - Marking task as SUCCESS. dag_id=movie_chooser_dag, task_id=choose_movie_2, execution_date=20211016T124400, start_date=20211016T130521, end_date=20211016T130522
[2021-10-16 13:05:23,060] {local_task_job.py:154} INFO - Task exited with return code 0
[2021-10-16 13:05:23,192] {local_task_job.py:264} INFO - 0 downstream tasks scheduled from follow-on schedule check
