[2021-10-16 13:04:43,717] {taskinstance.py:1035} INFO - Dependencies all met for <TaskInstance: movie_chooser_dag.choose_movie_1 scheduled__2021-10-16T11:58:00+00:00 [queued]>
[2021-10-16 13:04:43,735] {taskinstance.py:1035} INFO - Dependencies all met for <TaskInstance: movie_chooser_dag.choose_movie_1 scheduled__2021-10-16T11:58:00+00:00 [queued]>
[2021-10-16 13:04:43,735] {taskinstance.py:1241} INFO - 
--------------------------------------------------------------------------------
[2021-10-16 13:04:43,735] {taskinstance.py:1242} INFO - Starting attempt 1 of 1
[2021-10-16 13:04:43,735] {taskinstance.py:1243} INFO - 
--------------------------------------------------------------------------------
[2021-10-16 13:04:43,767] {taskinstance.py:1262} INFO - Executing <Task(PythonOperator): choose_movie_1> on 2021-10-16 11:58:00+00:00
[2021-10-16 13:04:43,779] {standard_task_runner.py:76} INFO - Running: ['***', 'tasks', 'run', 'movie_chooser_dag', 'choose_movie_1', 'scheduled__2021-10-16T11:58:00+00:00', '--job-id', '217', '--raw', '--subdir', 'DAGS_FOLDER/third_dag.py', '--cfg-path', '/tmp/tmpmfys3p4s', '--error-file', '/tmp/tmp24sj2fra']
[2021-10-16 13:04:43,780] {standard_task_runner.py:77} INFO - Job 217: Subtask choose_movie_1
[2021-10-16 13:04:43,775] {standard_task_runner.py:52} INFO - Started process 369 to run task
[2021-10-16 13:04:43,835] {logging_mixin.py:109} INFO - Running <TaskInstance: movie_chooser_dag.choose_movie_1 scheduled__2021-10-16T11:58:00+00:00 [running]> on host e03fb9e01fd8
[2021-10-16 13:04:43,910] {taskinstance.py:1414} INFO - Exporting the following env vars:
AIRFLOW_CTX_DAG_OWNER=***
AIRFLOW_CTX_DAG_ID=movie_chooser_dag
AIRFLOW_CTX_TASK_ID=choose_movie_1
AIRFLOW_CTX_EXECUTION_DATE=2021-10-16T11:58:00+00:00
AIRFLOW_CTX_DAG_RUN_ID=scheduled__2021-10-16T11:58:00+00:00
[2021-10-16 13:04:43,927] {python.py:152} INFO - Done. Returned value was: Valentine's Day,Comedy,Warner Bros.,54,4.184038462,17,$217.57 ,2010

[2021-10-16 13:04:43,963] {taskinstance.py:1280} INFO - Marking task as SUCCESS. dag_id=movie_chooser_dag, task_id=choose_movie_1, execution_date=20211016T115800, start_date=20211016T130443, end_date=20211016T130443
[2021-10-16 13:04:43,997] {local_task_job.py:154} INFO - Task exited with return code 0
[2021-10-16 13:04:44,056] {local_task_job.py:264} INFO - 0 downstream tasks scheduled from follow-on schedule check
