[2021-10-16 13:31:03,806] {taskinstance.py:1035} INFO - Dependencies all met for <TaskInstance: fourth_dag.get_gross_year_0 scheduled__2021-10-16T13:28:00+00:00 [queued]>
[2021-10-16 13:31:03,830] {taskinstance.py:1035} INFO - Dependencies all met for <TaskInstance: fourth_dag.get_gross_year_0 scheduled__2021-10-16T13:28:00+00:00 [queued]>
[2021-10-16 13:31:03,830] {taskinstance.py:1241} INFO - 
--------------------------------------------------------------------------------
[2021-10-16 13:31:03,830] {taskinstance.py:1242} INFO - Starting attempt 1 of 1
[2021-10-16 13:31:03,830] {taskinstance.py:1243} INFO - 
--------------------------------------------------------------------------------
[2021-10-16 13:31:03,863] {taskinstance.py:1262} INFO - Executing <Task(PythonOperator): get_gross_year_0> on 2021-10-16 13:28:00+00:00
[2021-10-16 13:31:03,874] {standard_task_runner.py:52} INFO - Started process 2350 to run task
[2021-10-16 13:31:03,881] {standard_task_runner.py:76} INFO - Running: ['***', 'tasks', 'run', 'fourth_dag', 'get_gross_year_0', 'scheduled__2021-10-16T13:28:00+00:00', '--job-id', '649', '--raw', '--subdir', 'DAGS_FOLDER/fourth_dag.py', '--cfg-path', '/tmp/tmpd47ir6ic', '--error-file', '/tmp/tmp0a29o6jw']
[2021-10-16 13:31:03,882] {standard_task_runner.py:77} INFO - Job 649: Subtask get_gross_year_0
[2021-10-16 13:31:03,944] {logging_mixin.py:109} INFO - Running <TaskInstance: fourth_dag.get_gross_year_0 scheduled__2021-10-16T13:28:00+00:00 [running]> on host e03fb9e01fd8
[2021-10-16 13:31:04,025] {taskinstance.py:1414} INFO - Exporting the following env vars:
AIRFLOW_CTX_DAG_OWNER=***
AIRFLOW_CTX_DAG_ID=fourth_dag
AIRFLOW_CTX_TASK_ID=get_gross_year_0
AIRFLOW_CTX_EXECUTION_DATE=2021-10-16T13:28:00+00:00
AIRFLOW_CTX_DAG_RUN_ID=scheduled__2021-10-16T13:28:00+00:00
[2021-10-16 13:31:04,037] {python.py:152} INFO - Done. Returned value was: ['$29.37 ', '2007\n']
[2021-10-16 13:31:04,092] {taskinstance.py:1280} INFO - Marking task as SUCCESS. dag_id=fourth_dag, task_id=get_gross_year_0, execution_date=20211016T132800, start_date=20211016T133103, end_date=20211016T133104
[2021-10-16 13:31:04,136] {local_task_job.py:154} INFO - Task exited with return code 0
[2021-10-16 13:31:04,190] {local_task_job.py:264} INFO - 0 downstream tasks scheduled from follow-on schedule check
