[2021-10-16 13:06:04,168] {taskinstance.py:1035} INFO - Dependencies all met for <TaskInstance: fourth_dag.get_gross_year_2 scheduled__2021-10-16T13:02:00+00:00 [queued]>
[2021-10-16 13:06:04,194] {taskinstance.py:1035} INFO - Dependencies all met for <TaskInstance: fourth_dag.get_gross_year_2 scheduled__2021-10-16T13:02:00+00:00 [queued]>
[2021-10-16 13:06:04,194] {taskinstance.py:1241} INFO - 
--------------------------------------------------------------------------------
[2021-10-16 13:06:04,194] {taskinstance.py:1242} INFO - Starting attempt 1 of 1
[2021-10-16 13:06:04,195] {taskinstance.py:1243} INFO - 
--------------------------------------------------------------------------------
[2021-10-16 13:06:04,233] {taskinstance.py:1262} INFO - Executing <Task(PythonOperator): get_gross_year_2> on 2021-10-16 13:02:00+00:00
[2021-10-16 13:06:04,240] {standard_task_runner.py:52} INFO - Started process 1098 to run task
[2021-10-16 13:06:04,247] {standard_task_runner.py:76} INFO - Running: ['***', 'tasks', 'run', 'fourth_dag', 'get_gross_year_2', 'scheduled__2021-10-16T13:02:00+00:00', '--job-id', '561', '--raw', '--subdir', 'DAGS_FOLDER/fourth_dag.py', '--cfg-path', '/tmp/tmpygvyue2b', '--error-file', '/tmp/tmpan3m5j6u']
[2021-10-16 13:06:04,248] {standard_task_runner.py:77} INFO - Job 561: Subtask get_gross_year_2
[2021-10-16 13:06:04,317] {logging_mixin.py:109} INFO - Running <TaskInstance: fourth_dag.get_gross_year_2 scheduled__2021-10-16T13:02:00+00:00 [running]> on host e03fb9e01fd8
[2021-10-16 13:06:04,393] {taskinstance.py:1414} INFO - Exporting the following env vars:
AIRFLOW_CTX_DAG_OWNER=***
AIRFLOW_CTX_DAG_ID=fourth_dag
AIRFLOW_CTX_TASK_ID=get_gross_year_2
AIRFLOW_CTX_EXECUTION_DATE=2021-10-16T13:02:00+00:00
AIRFLOW_CTX_DAG_RUN_ID=scheduled__2021-10-16T13:02:00+00:00
[2021-10-16 13:06:04,406] {python.py:152} INFO - Done. Returned value was: ['$29.37 ', '2007\n']
[2021-10-16 13:06:04,468] {taskinstance.py:1280} INFO - Marking task as SUCCESS. dag_id=fourth_dag, task_id=get_gross_year_2, execution_date=20211016T130200, start_date=20211016T130604, end_date=20211016T130604
[2021-10-16 13:06:04,504] {local_task_job.py:154} INFO - Task exited with return code 0
[2021-10-16 13:06:04,589] {local_task_job.py:264} INFO - 0 downstream tasks scheduled from follow-on schedule check
