[2021-10-16 13:04:21,916] {taskinstance.py:1035} INFO - Dependencies all met for <TaskInstance: movie_chooser_dag.choose_movie_1 scheduled__2021-10-16T11:28:00+00:00 [queued]>
[2021-10-16 13:04:21,966] {taskinstance.py:1035} INFO - Dependencies all met for <TaskInstance: movie_chooser_dag.choose_movie_1 scheduled__2021-10-16T11:28:00+00:00 [queued]>
[2021-10-16 13:04:21,967] {taskinstance.py:1241} INFO - 
--------------------------------------------------------------------------------
[2021-10-16 13:04:21,967] {taskinstance.py:1242} INFO - Starting attempt 1 of 1
[2021-10-16 13:04:21,967] {taskinstance.py:1243} INFO - 
--------------------------------------------------------------------------------
[2021-10-16 13:04:22,013] {taskinstance.py:1262} INFO - Executing <Task(PythonOperator): choose_movie_1> on 2021-10-16 11:28:00+00:00
[2021-10-16 13:04:22,030] {standard_task_runner.py:76} INFO - Running: ['***', 'tasks', 'run', 'movie_chooser_dag', 'choose_movie_1', 'scheduled__2021-10-16T11:28:00+00:00', '--job-id', '164', '--raw', '--subdir', 'DAGS_FOLDER/third_dag.py', '--cfg-path', '/tmp/tmppzv0uefj', '--error-file', '/tmp/tmp8zv43487']
[2021-10-16 13:04:22,032] {standard_task_runner.py:77} INFO - Job 164: Subtask choose_movie_1
[2021-10-16 13:04:22,025] {standard_task_runner.py:52} INFO - Started process 242 to run task
[2021-10-16 13:04:22,119] {logging_mixin.py:109} INFO - Running <TaskInstance: movie_chooser_dag.choose_movie_1 scheduled__2021-10-16T11:28:00+00:00 [running]> on host e03fb9e01fd8
[2021-10-16 13:04:22,280] {taskinstance.py:1414} INFO - Exporting the following env vars:
AIRFLOW_CTX_DAG_OWNER=***
AIRFLOW_CTX_DAG_ID=movie_chooser_dag
AIRFLOW_CTX_TASK_ID=choose_movie_1
AIRFLOW_CTX_EXECUTION_DATE=2021-10-16T11:28:00+00:00
AIRFLOW_CTX_DAG_RUN_ID=scheduled__2021-10-16T11:28:00+00:00
[2021-10-16 13:04:22,298] {python.py:152} INFO - Done. Returned value was: Valentine's Day,Comedy,Warner Bros.,54,4.184038462,17,$217.57 ,2010

[2021-10-16 13:04:22,879] {taskinstance.py:1280} INFO - Marking task as SUCCESS. dag_id=movie_chooser_dag, task_id=choose_movie_1, execution_date=20211016T112800, start_date=20211016T130421, end_date=20211016T130422
[2021-10-16 13:04:22,958] {local_task_job.py:154} INFO - Task exited with return code 0
[2021-10-16 13:04:23,028] {local_task_job.py:264} INFO - 1 downstream tasks scheduled from follow-on schedule check
