[2021-10-16 13:05:49,729] {taskinstance.py:1035} INFO - Dependencies all met for <TaskInstance: fourth_dag.get_gross_year_1 scheduled__2021-10-16T12:32:00+00:00 [queued]>
[2021-10-16 13:05:49,799] {taskinstance.py:1035} INFO - Dependencies all met for <TaskInstance: fourth_dag.get_gross_year_1 scheduled__2021-10-16T12:32:00+00:00 [queued]>
[2021-10-16 13:05:49,800] {taskinstance.py:1241} INFO - 
--------------------------------------------------------------------------------
[2021-10-16 13:05:49,800] {taskinstance.py:1242} INFO - Starting attempt 1 of 1
[2021-10-16 13:05:49,800] {taskinstance.py:1243} INFO - 
--------------------------------------------------------------------------------
[2021-10-16 13:05:50,100] {taskinstance.py:1262} INFO - Executing <Task(PythonOperator): get_gross_year_1> on 2021-10-16 12:32:00+00:00
[2021-10-16 13:05:50,152] {standard_task_runner.py:76} INFO - Running: ['***', 'tasks', 'run', 'fourth_dag', 'get_gross_year_1', 'scheduled__2021-10-16T12:32:00+00:00', '--job-id', '499', '--raw', '--subdir', 'DAGS_FOLDER/fourth_dag.py', '--cfg-path', '/tmp/tmp6tyohm40', '--error-file', '/tmp/tmpahxafjmc']
[2021-10-16 13:05:50,153] {standard_task_runner.py:77} INFO - Job 499: Subtask get_gross_year_1
[2021-10-16 13:05:50,113] {standard_task_runner.py:52} INFO - Started process 964 to run task
[2021-10-16 13:05:50,538] {logging_mixin.py:109} INFO - Running <TaskInstance: fourth_dag.get_gross_year_1 scheduled__2021-10-16T12:32:00+00:00 [running]> on host e03fb9e01fd8
[2021-10-16 13:05:50,923] {taskinstance.py:1414} INFO - Exporting the following env vars:
AIRFLOW_CTX_DAG_OWNER=***
AIRFLOW_CTX_DAG_ID=fourth_dag
AIRFLOW_CTX_TASK_ID=get_gross_year_1
AIRFLOW_CTX_EXECUTION_DATE=2021-10-16T12:32:00+00:00
AIRFLOW_CTX_DAG_RUN_ID=scheduled__2021-10-16T12:32:00+00:00
[2021-10-16 13:05:50,967] {python.py:152} INFO - Done. Returned value was: ['$148.66 ', '2011\n']
[2021-10-16 13:05:51,054] {taskinstance.py:1280} INFO - Marking task as SUCCESS. dag_id=fourth_dag, task_id=get_gross_year_1, execution_date=20211016T123200, start_date=20211016T130549, end_date=20211016T130551
[2021-10-16 13:05:51,135] {local_task_job.py:154} INFO - Task exited with return code 0
[2021-10-16 13:05:51,493] {local_task_job.py:264} INFO - 1 downstream tasks scheduled from follow-on schedule check
