[2021-10-16 13:05:05,545] {taskinstance.py:1035} INFO - Dependencies all met for <TaskInstance: movie_chooser_dag.choose_movie_1 scheduled__2021-10-16T12:28:00+00:00 [queued]>
[2021-10-16 13:05:05,680] {taskinstance.py:1035} INFO - Dependencies all met for <TaskInstance: movie_chooser_dag.choose_movie_1 scheduled__2021-10-16T12:28:00+00:00 [queued]>
[2021-10-16 13:05:05,681] {taskinstance.py:1241} INFO - 
--------------------------------------------------------------------------------
[2021-10-16 13:05:05,681] {taskinstance.py:1242} INFO - Starting attempt 1 of 1
[2021-10-16 13:05:05,681] {taskinstance.py:1243} INFO - 
--------------------------------------------------------------------------------
[2021-10-16 13:05:05,844] {taskinstance.py:1262} INFO - Executing <Task(PythonOperator): choose_movie_1> on 2021-10-16 12:28:00+00:00
[2021-10-16 13:05:05,861] {standard_task_runner.py:52} INFO - Started process 563 to run task
[2021-10-16 13:05:05,891] {standard_task_runner.py:76} INFO - Running: ['***', 'tasks', 'run', 'movie_chooser_dag', 'choose_movie_1', 'scheduled__2021-10-16T12:28:00+00:00', '--job-id', '308', '--raw', '--subdir', 'DAGS_FOLDER/third_dag.py', '--cfg-path', '/tmp/tmpyc9qvzpn', '--error-file', '/tmp/tmp1mhcyxqo']
[2021-10-16 13:05:05,892] {standard_task_runner.py:77} INFO - Job 308: Subtask choose_movie_1
[2021-10-16 13:05:06,108] {logging_mixin.py:109} INFO - Running <TaskInstance: movie_chooser_dag.choose_movie_1 scheduled__2021-10-16T12:28:00+00:00 [running]> on host e03fb9e01fd8
[2021-10-16 13:05:06,195] {taskinstance.py:1414} INFO - Exporting the following env vars:
AIRFLOW_CTX_DAG_OWNER=***
AIRFLOW_CTX_DAG_ID=movie_chooser_dag
AIRFLOW_CTX_TASK_ID=choose_movie_1
AIRFLOW_CTX_EXECUTION_DATE=2021-10-16T12:28:00+00:00
AIRFLOW_CTX_DAG_RUN_ID=scheduled__2021-10-16T12:28:00+00:00
[2021-10-16 13:05:06,215] {python.py:152} INFO - Done. Returned value was: Midnight in Paris,Romence,Sony,84,8.744705882,93,$148.66 ,2011

[2021-10-16 13:05:06,441] {taskinstance.py:1280} INFO - Marking task as SUCCESS. dag_id=movie_chooser_dag, task_id=choose_movie_1, execution_date=20211016T122800, start_date=20211016T130505, end_date=20211016T130506
[2021-10-16 13:05:06,525] {local_task_job.py:154} INFO - Task exited with return code 0
[2021-10-16 13:05:06,657] {local_task_job.py:264} INFO - 0 downstream tasks scheduled from follow-on schedule check
