[2021-10-16 13:16:02,092] {taskinstance.py:1035} INFO - Dependencies all met for <TaskInstance: movie_chooser_dag.choose_movie_1 scheduled__2021-10-16T13:14:00+00:00 [queued]>
[2021-10-16 13:16:02,112] {taskinstance.py:1035} INFO - Dependencies all met for <TaskInstance: movie_chooser_dag.choose_movie_1 scheduled__2021-10-16T13:14:00+00:00 [queued]>
[2021-10-16 13:16:02,112] {taskinstance.py:1241} INFO - 
--------------------------------------------------------------------------------
[2021-10-16 13:16:02,113] {taskinstance.py:1242} INFO - Starting attempt 1 of 1
[2021-10-16 13:16:02,113] {taskinstance.py:1243} INFO - 
--------------------------------------------------------------------------------
[2021-10-16 13:16:02,167] {taskinstance.py:1262} INFO - Executing <Task(PythonOperator): choose_movie_1> on 2021-10-16 13:14:00+00:00
[2021-10-16 13:16:02,183] {standard_task_runner.py:76} INFO - Running: ['***', 'tasks', 'run', 'movie_chooser_dag', 'choose_movie_1', 'scheduled__2021-10-16T13:14:00+00:00', '--job-id', '597', '--raw', '--subdir', 'DAGS_FOLDER/third_dag.py', '--cfg-path', '/tmp/tmpo9zzprxx', '--error-file', '/tmp/tmpscu4oc_2']
[2021-10-16 13:16:02,184] {standard_task_runner.py:77} INFO - Job 597: Subtask choose_movie_1
[2021-10-16 13:16:02,176] {standard_task_runner.py:52} INFO - Started process 1596 to run task
[2021-10-16 13:16:02,251] {logging_mixin.py:109} INFO - Running <TaskInstance: movie_chooser_dag.choose_movie_1 scheduled__2021-10-16T13:14:00+00:00 [running]> on host e03fb9e01fd8
[2021-10-16 13:16:02,344] {taskinstance.py:1414} INFO - Exporting the following env vars:
AIRFLOW_CTX_DAG_OWNER=***
AIRFLOW_CTX_DAG_ID=movie_chooser_dag
AIRFLOW_CTX_TASK_ID=choose_movie_1
AIRFLOW_CTX_EXECUTION_DATE=2021-10-16T13:14:00+00:00
AIRFLOW_CTX_DAG_RUN_ID=scheduled__2021-10-16T13:14:00+00:00
[2021-10-16 13:16:02,362] {python.py:152} INFO - Done. Returned value was: No Reservations,Comedy,Warner Bros.,64,3.307180357,39,$92.60 ,2007

[2021-10-16 13:16:02,409] {taskinstance.py:1280} INFO - Marking task as SUCCESS. dag_id=movie_chooser_dag, task_id=choose_movie_1, execution_date=20211016T131400, start_date=20211016T131602, end_date=20211016T131602
[2021-10-16 13:16:02,443] {local_task_job.py:154} INFO - Task exited with return code 0
[2021-10-16 13:16:02,522] {local_task_job.py:264} INFO - 0 downstream tasks scheduled from follow-on schedule check
