[2021-10-16 13:42:02,346] {taskinstance.py:1035} INFO - Dependencies all met for <TaskInstance: movie_chooser_dag.choose_movie_1 scheduled__2021-10-16T13:40:00+00:00 [queued]>
[2021-10-16 13:42:02,379] {taskinstance.py:1035} INFO - Dependencies all met for <TaskInstance: movie_chooser_dag.choose_movie_1 scheduled__2021-10-16T13:40:00+00:00 [queued]>
[2021-10-16 13:42:02,379] {taskinstance.py:1241} INFO - 
--------------------------------------------------------------------------------
[2021-10-16 13:42:02,379] {taskinstance.py:1242} INFO - Starting attempt 1 of 1
[2021-10-16 13:42:02,379] {taskinstance.py:1243} INFO - 
--------------------------------------------------------------------------------
[2021-10-16 13:42:02,422] {taskinstance.py:1262} INFO - Executing <Task(PythonOperator): choose_movie_1> on 2021-10-16 13:40:00+00:00
[2021-10-16 13:42:02,439] {standard_task_runner.py:76} INFO - Running: ['***', 'tasks', 'run', 'movie_chooser_dag', 'choose_movie_1', 'scheduled__2021-10-16T13:40:00+00:00', '--job-id', '687', '--raw', '--subdir', 'DAGS_FOLDER/third_dag.py', '--cfg-path', '/tmp/tmpu6ycy36y', '--error-file', '/tmp/tmp3tuh78jc']
[2021-10-16 13:42:02,441] {standard_task_runner.py:77} INFO - Job 687: Subtask choose_movie_1
[2021-10-16 13:42:02,432] {standard_task_runner.py:52} INFO - Started process 2876 to run task
[2021-10-16 13:42:02,517] {logging_mixin.py:109} INFO - Running <TaskInstance: movie_chooser_dag.choose_movie_1 scheduled__2021-10-16T13:40:00+00:00 [running]> on host e03fb9e01fd8
[2021-10-16 13:42:02,610] {taskinstance.py:1414} INFO - Exporting the following env vars:
AIRFLOW_CTX_DAG_OWNER=***
AIRFLOW_CTX_DAG_ID=movie_chooser_dag
AIRFLOW_CTX_TASK_ID=choose_movie_1
AIRFLOW_CTX_EXECUTION_DATE=2021-10-16T13:40:00+00:00
AIRFLOW_CTX_DAG_RUN_ID=scheduled__2021-10-16T13:40:00+00:00
[2021-10-16 13:42:02,626] {python.py:152} INFO - Done. Returned value was: High School Musical 3: Senior Year,Comedy,Disney,76,22.91313646,65,$252.04 ,2008

[2021-10-16 13:42:02,661] {taskinstance.py:1280} INFO - Marking task as SUCCESS. dag_id=movie_chooser_dag, task_id=choose_movie_1, execution_date=20211016T134000, start_date=20211016T134202, end_date=20211016T134202
[2021-10-16 13:42:02,698] {local_task_job.py:154} INFO - Task exited with return code 0
[2021-10-16 13:42:02,772] {local_task_job.py:264} INFO - 0 downstream tasks scheduled from follow-on schedule check
