[2021-10-16 13:05:59,370] {taskinstance.py:1035} INFO - Dependencies all met for <TaskInstance: fourth_dag.get_gross_year_0 scheduled__2021-10-16T12:52:00+00:00 [queued]>
[2021-10-16 13:05:59,396] {taskinstance.py:1035} INFO - Dependencies all met for <TaskInstance: fourth_dag.get_gross_year_0 scheduled__2021-10-16T12:52:00+00:00 [queued]>
[2021-10-16 13:05:59,396] {taskinstance.py:1241} INFO - 
--------------------------------------------------------------------------------
[2021-10-16 13:05:59,396] {taskinstance.py:1242} INFO - Starting attempt 1 of 1
[2021-10-16 13:05:59,397] {taskinstance.py:1243} INFO - 
--------------------------------------------------------------------------------
[2021-10-16 13:05:59,436] {taskinstance.py:1262} INFO - Executing <Task(PythonOperator): get_gross_year_0> on 2021-10-16 12:52:00+00:00
[2021-10-16 13:05:59,449] {standard_task_runner.py:76} INFO - Running: ['***', 'tasks', 'run', 'fourth_dag', 'get_gross_year_0', 'scheduled__2021-10-16T12:52:00+00:00', '--job-id', '538', '--raw', '--subdir', 'DAGS_FOLDER/fourth_dag.py', '--cfg-path', '/tmp/tmpov3wemfc', '--error-file', '/tmp/tmpa3fx50c2']
[2021-10-16 13:05:59,450] {standard_task_runner.py:77} INFO - Job 538: Subtask get_gross_year_0
[2021-10-16 13:05:59,442] {standard_task_runner.py:52} INFO - Started process 1051 to run task
[2021-10-16 13:05:59,566] {logging_mixin.py:109} INFO - Running <TaskInstance: fourth_dag.get_gross_year_0 scheduled__2021-10-16T12:52:00+00:00 [running]> on host e03fb9e01fd8
[2021-10-16 13:05:59,692] {taskinstance.py:1414} INFO - Exporting the following env vars:
AIRFLOW_CTX_DAG_OWNER=***
AIRFLOW_CTX_DAG_ID=fourth_dag
AIRFLOW_CTX_TASK_ID=get_gross_year_0
AIRFLOW_CTX_EXECUTION_DATE=2021-10-16T12:52:00+00:00
AIRFLOW_CTX_DAG_RUN_ID=scheduled__2021-10-16T12:52:00+00:00
[2021-10-16 13:05:59,731] {python.py:152} INFO - Done. Returned value was: ['$160.31 ', '2008\n']
[2021-10-16 13:05:59,810] {taskinstance.py:1280} INFO - Marking task as SUCCESS. dag_id=fourth_dag, task_id=get_gross_year_0, execution_date=20211016T125200, start_date=20211016T130559, end_date=20211016T130559
[2021-10-16 13:05:59,902] {local_task_job.py:154} INFO - Task exited with return code 0
[2021-10-16 13:06:00,079] {local_task_job.py:264} INFO - 0 downstream tasks scheduled from follow-on schedule check
