[2021-10-16 13:05:23,572] {taskinstance.py:1035} INFO - Dependencies all met for <TaskInstance: movie_chooser_dag.choose_movie_0 scheduled__2021-10-16T12:46:00+00:00 [queued]>
[2021-10-16 13:05:23,604] {taskinstance.py:1035} INFO - Dependencies all met for <TaskInstance: movie_chooser_dag.choose_movie_0 scheduled__2021-10-16T12:46:00+00:00 [queued]>
[2021-10-16 13:05:23,605] {taskinstance.py:1241} INFO - 
--------------------------------------------------------------------------------
[2021-10-16 13:05:23,605] {taskinstance.py:1242} INFO - Starting attempt 1 of 1
[2021-10-16 13:05:23,605] {taskinstance.py:1243} INFO - 
--------------------------------------------------------------------------------
[2021-10-16 13:05:23,722] {taskinstance.py:1262} INFO - Executing <Task(PythonOperator): choose_movie_0> on 2021-10-16 12:46:00+00:00
[2021-10-16 13:05:23,791] {standard_task_runner.py:76} INFO - Running: ['***', 'tasks', 'run', 'movie_chooser_dag', 'choose_movie_0', 'scheduled__2021-10-16T12:46:00+00:00', '--job-id', '401', '--raw', '--subdir', 'DAGS_FOLDER/third_dag.py', '--cfg-path', '/tmp/tmp38lr354n', '--error-file', '/tmp/tmpzihggypc']
[2021-10-16 13:05:23,792] {standard_task_runner.py:77} INFO - Job 401: Subtask choose_movie_0
[2021-10-16 13:05:23,767] {standard_task_runner.py:52} INFO - Started process 763 to run task
[2021-10-16 13:05:24,016] {logging_mixin.py:109} INFO - Running <TaskInstance: movie_chooser_dag.choose_movie_0 scheduled__2021-10-16T12:46:00+00:00 [running]> on host e03fb9e01fd8
[2021-10-16 13:05:24,329] {taskinstance.py:1414} INFO - Exporting the following env vars:
AIRFLOW_CTX_DAG_OWNER=***
AIRFLOW_CTX_DAG_ID=movie_chooser_dag
AIRFLOW_CTX_TASK_ID=choose_movie_0
AIRFLOW_CTX_EXECUTION_DATE=2021-10-16T12:46:00+00:00
AIRFLOW_CTX_DAG_RUN_ID=scheduled__2021-10-16T12:46:00+00:00
[2021-10-16 13:05:24,367] {python.py:152} INFO - Done. Returned value was: 27 Dresses,Comedy,Fox,71,5.3436218,40,$160.31 ,2008

[2021-10-16 13:05:24,569] {taskinstance.py:1280} INFO - Marking task as SUCCESS. dag_id=movie_chooser_dag, task_id=choose_movie_0, execution_date=20211016T124600, start_date=20211016T130523, end_date=20211016T130524
[2021-10-16 13:05:24,673] {local_task_job.py:154} INFO - Task exited with return code 0
[2021-10-16 13:05:24,919] {local_task_job.py:264} INFO - 1 downstream tasks scheduled from follow-on schedule check
