[2021-10-16 13:05:21,272] {taskinstance.py:1035} INFO - Dependencies all met for <TaskInstance: movie_chooser_dag.choose_movie_2 scheduled__2021-10-16T12:42:00+00:00 [queued]>
[2021-10-16 13:05:21,436] {taskinstance.py:1035} INFO - Dependencies all met for <TaskInstance: movie_chooser_dag.choose_movie_2 scheduled__2021-10-16T12:42:00+00:00 [queued]>
[2021-10-16 13:05:21,437] {taskinstance.py:1241} INFO - 
--------------------------------------------------------------------------------
[2021-10-16 13:05:21,437] {taskinstance.py:1242} INFO - Starting attempt 1 of 1
[2021-10-16 13:05:21,437] {taskinstance.py:1243} INFO - 
--------------------------------------------------------------------------------
[2021-10-16 13:05:21,645] {taskinstance.py:1262} INFO - Executing <Task(PythonOperator): choose_movie_2> on 2021-10-16 12:42:00+00:00
[2021-10-16 13:05:21,700] {standard_task_runner.py:52} INFO - Started process 745 to run task
[2021-10-16 13:05:21,801] {standard_task_runner.py:76} INFO - Running: ['***', 'tasks', 'run', 'movie_chooser_dag', 'choose_movie_2', 'scheduled__2021-10-16T12:42:00+00:00', '--job-id', '395', '--raw', '--subdir', 'DAGS_FOLDER/third_dag.py', '--cfg-path', '/tmp/tmp6hjyli7v', '--error-file', '/tmp/tmpyb5kmoue']
[2021-10-16 13:05:21,809] {standard_task_runner.py:77} INFO - Job 395: Subtask choose_movie_2
[2021-10-16 13:05:22,224] {logging_mixin.py:109} INFO - Running <TaskInstance: movie_chooser_dag.choose_movie_2 scheduled__2021-10-16T12:42:00+00:00 [running]> on host e03fb9e01fd8
[2021-10-16 13:05:22,680] {taskinstance.py:1414} INFO - Exporting the following env vars:
AIRFLOW_CTX_DAG_OWNER=***
AIRFLOW_CTX_DAG_ID=movie_chooser_dag
AIRFLOW_CTX_TASK_ID=choose_movie_2
AIRFLOW_CTX_EXECUTION_DATE=2021-10-16T12:42:00+00:00
AIRFLOW_CTX_DAG_RUN_ID=scheduled__2021-10-16T12:42:00+00:00
[2021-10-16 13:05:22,762] {python.py:152} INFO - Done. Returned value was: High School Musical 3: Senior Year,Comedy,Disney,76,22.91313646,65,$252.04 ,2008

[2021-10-16 13:05:22,862] {taskinstance.py:1280} INFO - Marking task as SUCCESS. dag_id=movie_chooser_dag, task_id=choose_movie_2, execution_date=20211016T124200, start_date=20211016T130521, end_date=20211016T130522
[2021-10-16 13:05:23,074] {local_task_job.py:154} INFO - Task exited with return code 0
[2021-10-16 13:05:23,318] {local_task_job.py:264} INFO - 0 downstream tasks scheduled from follow-on schedule check
