[2021-10-16 13:04:51,712] {taskinstance.py:1035} INFO - Dependencies all met for <TaskInstance: movie_chooser_dag.choose_movie_0 scheduled__2021-10-16T12:10:00+00:00 [queued]>
[2021-10-16 13:04:51,750] {taskinstance.py:1035} INFO - Dependencies all met for <TaskInstance: movie_chooser_dag.choose_movie_0 scheduled__2021-10-16T12:10:00+00:00 [queued]>
[2021-10-16 13:04:51,750] {taskinstance.py:1241} INFO - 
--------------------------------------------------------------------------------
[2021-10-16 13:04:51,750] {taskinstance.py:1242} INFO - Starting attempt 1 of 1
[2021-10-16 13:04:51,750] {taskinstance.py:1243} INFO - 
--------------------------------------------------------------------------------
[2021-10-16 13:04:51,787] {taskinstance.py:1262} INFO - Executing <Task(PythonOperator): choose_movie_0> on 2021-10-16 12:10:00+00:00
[2021-10-16 13:04:51,800] {standard_task_runner.py:76} INFO - Running: ['***', 'tasks', 'run', 'movie_chooser_dag', 'choose_movie_0', 'scheduled__2021-10-16T12:10:00+00:00', '--job-id', '240', '--raw', '--subdir', 'DAGS_FOLDER/third_dag.py', '--cfg-path', '/tmp/tmp5rjnlk0e', '--error-file', '/tmp/tmpm3t6u9tm']
[2021-10-16 13:04:51,801] {standard_task_runner.py:77} INFO - Job 240: Subtask choose_movie_0
[2021-10-16 13:04:51,795] {standard_task_runner.py:52} INFO - Started process 414 to run task
[2021-10-16 13:04:51,879] {logging_mixin.py:109} INFO - Running <TaskInstance: movie_chooser_dag.choose_movie_0 scheduled__2021-10-16T12:10:00+00:00 [running]> on host e03fb9e01fd8
[2021-10-16 13:04:51,996] {taskinstance.py:1414} INFO - Exporting the following env vars:
AIRFLOW_CTX_DAG_OWNER=***
AIRFLOW_CTX_DAG_ID=movie_chooser_dag
AIRFLOW_CTX_TASK_ID=choose_movie_0
AIRFLOW_CTX_EXECUTION_DATE=2021-10-16T12:10:00+00:00
AIRFLOW_CTX_DAG_RUN_ID=scheduled__2021-10-16T12:10:00+00:00
[2021-10-16 13:04:52,025] {python.py:152} INFO - Done. Returned value was: Valentine's Day,Comedy,Warner Bros.,54,4.184038462,17,$217.57 ,2010

[2021-10-16 13:04:52,474] {taskinstance.py:1280} INFO - Marking task as SUCCESS. dag_id=movie_chooser_dag, task_id=choose_movie_0, execution_date=20211016T121000, start_date=20211016T130451, end_date=20211016T130452
[2021-10-16 13:04:52,542] {local_task_job.py:154} INFO - Task exited with return code 0
[2021-10-16 13:04:52,654] {local_task_job.py:264} INFO - 0 downstream tasks scheduled from follow-on schedule check
