[2021-10-16 13:04:05,573] {taskinstance.py:1035} INFO - Dependencies all met for <TaskInstance: movie_chooser_dag.choose_movie_0 scheduled__2021-10-16T11:12:00+00:00 [queued]>
[2021-10-16 13:04:05,911] {taskinstance.py:1035} INFO - Dependencies all met for <TaskInstance: movie_chooser_dag.choose_movie_0 scheduled__2021-10-16T11:12:00+00:00 [queued]>
[2021-10-16 13:04:05,912] {taskinstance.py:1241} INFO - 
--------------------------------------------------------------------------------
[2021-10-16 13:04:05,912] {taskinstance.py:1242} INFO - Starting attempt 1 of 1
[2021-10-16 13:04:05,912] {taskinstance.py:1243} INFO - 
--------------------------------------------------------------------------------
[2021-10-16 13:04:06,056] {taskinstance.py:1262} INFO - Executing <Task(PythonOperator): choose_movie_0> on 2021-10-16 11:12:00+00:00
[2021-10-16 13:04:06,090] {standard_task_runner.py:76} INFO - Running: ['***', 'tasks', 'run', 'movie_chooser_dag', 'choose_movie_0', 'scheduled__2021-10-16T11:12:00+00:00', '--job-id', '134', '--raw', '--subdir', 'DAGS_FOLDER/third_dag.py', '--cfg-path', '/tmp/tmp_as3_qdj', '--error-file', '/tmp/tmpw8143m8v']
[2021-10-16 13:04:06,103] {standard_task_runner.py:77} INFO - Job 134: Subtask choose_movie_0
[2021-10-16 13:04:06,085] {standard_task_runner.py:52} INFO - Started process 183 to run task
[2021-10-16 13:04:06,298] {logging_mixin.py:109} INFO - Running <TaskInstance: movie_chooser_dag.choose_movie_0 scheduled__2021-10-16T11:12:00+00:00 [running]> on host e03fb9e01fd8
[2021-10-16 13:04:06,521] {taskinstance.py:1414} INFO - Exporting the following env vars:
AIRFLOW_CTX_DAG_OWNER=***
AIRFLOW_CTX_DAG_ID=movie_chooser_dag
AIRFLOW_CTX_TASK_ID=choose_movie_0
AIRFLOW_CTX_EXECUTION_DATE=2021-10-16T11:12:00+00:00
AIRFLOW_CTX_DAG_RUN_ID=scheduled__2021-10-16T11:12:00+00:00
[2021-10-16 13:04:06,569] {python.py:152} INFO - Done. Returned value was: Youth in Revolt,Comedy,The Weinstein Company,52,1.09,68,$19.62 ,2010

[2021-10-16 13:04:07,405] {taskinstance.py:1280} INFO - Marking task as SUCCESS. dag_id=movie_chooser_dag, task_id=choose_movie_0, execution_date=20211016T111200, start_date=20211016T130405, end_date=20211016T130407
[2021-10-16 13:04:07,522] {local_task_job.py:154} INFO - Task exited with return code 0
[2021-10-16 13:04:07,751] {local_task_job.py:264} INFO - 0 downstream tasks scheduled from follow-on schedule check
