[2021-10-16 13:05:27,489] {taskinstance.py:1035} INFO - Dependencies all met for <TaskInstance: movie_chooser_dag.choose_movie_1 scheduled__2021-10-16T12:50:00+00:00 [queued]>
[2021-10-16 13:05:27,740] {taskinstance.py:1035} INFO - Dependencies all met for <TaskInstance: movie_chooser_dag.choose_movie_1 scheduled__2021-10-16T12:50:00+00:00 [queued]>
[2021-10-16 13:05:27,740] {taskinstance.py:1241} INFO - 
--------------------------------------------------------------------------------
[2021-10-16 13:05:27,740] {taskinstance.py:1242} INFO - Starting attempt 1 of 1
[2021-10-16 13:05:27,741] {taskinstance.py:1243} INFO - 
--------------------------------------------------------------------------------
[2021-10-16 13:05:27,926] {taskinstance.py:1262} INFO - Executing <Task(PythonOperator): choose_movie_1> on 2021-10-16 12:50:00+00:00
[2021-10-16 13:05:28,004] {standard_task_runner.py:76} INFO - Running: ['***', 'tasks', 'run', 'movie_chooser_dag', 'choose_movie_1', 'scheduled__2021-10-16T12:50:00+00:00', '--job-id', '419', '--raw', '--subdir', 'DAGS_FOLDER/third_dag.py', '--cfg-path', '/tmp/tmpfb4ipkmf', '--error-file', '/tmp/tmp4225iff2']
[2021-10-16 13:05:28,006] {standard_task_runner.py:77} INFO - Job 419: Subtask choose_movie_1
[2021-10-16 13:05:27,973] {standard_task_runner.py:52} INFO - Started process 797 to run task
[2021-10-16 13:05:28,450] {logging_mixin.py:109} INFO - Running <TaskInstance: movie_chooser_dag.choose_movie_1 scheduled__2021-10-16T12:50:00+00:00 [running]> on host e03fb9e01fd8
[2021-10-16 13:05:28,978] {taskinstance.py:1414} INFO - Exporting the following env vars:
AIRFLOW_CTX_DAG_OWNER=***
AIRFLOW_CTX_DAG_ID=movie_chooser_dag
AIRFLOW_CTX_TASK_ID=choose_movie_1
AIRFLOW_CTX_EXECUTION_DATE=2021-10-16T12:50:00+00:00
AIRFLOW_CTX_DAG_RUN_ID=scheduled__2021-10-16T12:50:00+00:00
[2021-10-16 13:05:29,087] {python.py:152} INFO - Done. Returned value was: License to Wed,Comedy,Warner Bros.,55,1.9802064,8,$69.31 ,2007

[2021-10-16 13:05:29,194] {taskinstance.py:1280} INFO - Marking task as SUCCESS. dag_id=movie_chooser_dag, task_id=choose_movie_1, execution_date=20211016T125000, start_date=20211016T130527, end_date=20211016T130529
[2021-10-16 13:05:29,278] {local_task_job.py:154} INFO - Task exited with return code 0
[2021-10-16 13:05:29,589] {local_task_job.py:264} INFO - 0 downstream tasks scheduled from follow-on schedule check
