[2021-10-16 13:12:02,476] {taskinstance.py:1035} INFO - Dependencies all met for <TaskInstance: movie_chooser_dag.choose_movie_1 scheduled__2021-10-16T13:10:00+00:00 [queued]>
[2021-10-16 13:12:02,519] {taskinstance.py:1035} INFO - Dependencies all met for <TaskInstance: movie_chooser_dag.choose_movie_1 scheduled__2021-10-16T13:10:00+00:00 [queued]>
[2021-10-16 13:12:02,519] {taskinstance.py:1241} INFO - 
--------------------------------------------------------------------------------
[2021-10-16 13:12:02,519] {taskinstance.py:1242} INFO - Starting attempt 1 of 1
[2021-10-16 13:12:02,520] {taskinstance.py:1243} INFO - 
--------------------------------------------------------------------------------
[2021-10-16 13:12:02,610] {taskinstance.py:1262} INFO - Executing <Task(PythonOperator): choose_movie_1> on 2021-10-16 13:10:00+00:00
[2021-10-16 13:12:02,632] {standard_task_runner.py:76} INFO - Running: ['***', 'tasks', 'run', 'movie_chooser_dag', 'choose_movie_1', 'scheduled__2021-10-16T13:10:00+00:00', '--job-id', '581', '--raw', '--subdir', 'DAGS_FOLDER/third_dag.py', '--cfg-path', '/tmp/tmp3wrpphi9', '--error-file', '/tmp/tmpngu6wj6y']
[2021-10-16 13:12:02,633] {standard_task_runner.py:77} INFO - Job 581: Subtask choose_movie_1
[2021-10-16 13:12:02,619] {standard_task_runner.py:52} INFO - Started process 1398 to run task
[2021-10-16 13:12:02,779] {logging_mixin.py:109} INFO - Running <TaskInstance: movie_chooser_dag.choose_movie_1 scheduled__2021-10-16T13:10:00+00:00 [running]> on host e03fb9e01fd8
[2021-10-16 13:12:02,941] {taskinstance.py:1414} INFO - Exporting the following env vars:
AIRFLOW_CTX_DAG_OWNER=***
AIRFLOW_CTX_DAG_ID=movie_chooser_dag
AIRFLOW_CTX_TASK_ID=choose_movie_1
AIRFLOW_CTX_EXECUTION_DATE=2021-10-16T13:10:00+00:00
AIRFLOW_CTX_DAG_RUN_ID=scheduled__2021-10-16T13:10:00+00:00
[2021-10-16 13:12:02,962] {python.py:152} INFO - Done. Returned value was: Across the Universe,romance,Independent,84,0.652603178,54,$29.37 ,2007

[2021-10-16 13:12:03,032] {taskinstance.py:1280} INFO - Marking task as SUCCESS. dag_id=movie_chooser_dag, task_id=choose_movie_1, execution_date=20211016T131000, start_date=20211016T131202, end_date=20211016T131203
[2021-10-16 13:12:03,108] {local_task_job.py:154} INFO - Task exited with return code 0
[2021-10-16 13:12:03,261] {local_task_job.py:264} INFO - 0 downstream tasks scheduled from follow-on schedule check
