[2021-10-16 10:44:02,115] {taskinstance.py:1035} INFO - Dependencies all met for <TaskInstance: movie_chooser_dag.choose_movie_2 scheduled__2021-10-16T10:42:00+00:00 [queued]>
[2021-10-16 10:44:02,143] {taskinstance.py:1035} INFO - Dependencies all met for <TaskInstance: movie_chooser_dag.choose_movie_2 scheduled__2021-10-16T10:42:00+00:00 [queued]>
[2021-10-16 10:44:02,143] {taskinstance.py:1241} INFO - 
--------------------------------------------------------------------------------
[2021-10-16 10:44:02,144] {taskinstance.py:1242} INFO - Starting attempt 1 of 1
[2021-10-16 10:44:02,144] {taskinstance.py:1243} INFO - 
--------------------------------------------------------------------------------
[2021-10-16 10:44:02,175] {taskinstance.py:1262} INFO - Executing <Task(PythonOperator): choose_movie_2> on 2021-10-16 10:42:00+00:00
[2021-10-16 10:44:02,188] {standard_task_runner.py:76} INFO - Running: ['***', 'tasks', 'run', 'movie_chooser_dag', 'choose_movie_2', 'scheduled__2021-10-16T10:42:00+00:00', '--job-id', '63', '--raw', '--subdir', 'DAGS_FOLDER/third_dag.py', '--cfg-path', '/tmp/tmpclogvdzv', '--error-file', '/tmp/tmpd9mtczpu']
[2021-10-16 10:44:02,189] {standard_task_runner.py:77} INFO - Job 63: Subtask choose_movie_2
[2021-10-16 10:44:02,183] {standard_task_runner.py:52} INFO - Started process 1162 to run task
[2021-10-16 10:44:02,250] {logging_mixin.py:109} INFO - Running <TaskInstance: movie_chooser_dag.choose_movie_2 scheduled__2021-10-16T10:42:00+00:00 [running]> on host e03fb9e01fd8
[2021-10-16 10:44:02,318] {taskinstance.py:1414} INFO - Exporting the following env vars:
AIRFLOW_CTX_DAG_OWNER=***
AIRFLOW_CTX_DAG_ID=movie_chooser_dag
AIRFLOW_CTX_TASK_ID=choose_movie_2
AIRFLOW_CTX_EXECUTION_DATE=2021-10-16T10:42:00+00:00
AIRFLOW_CTX_DAG_RUN_ID=scheduled__2021-10-16T10:42:00+00:00
[2021-10-16 10:44:02,332] {python.py:152} INFO - Done. Returned value was: Over Her Dead Body,Comedy,New Line,47,2.071,15,$20.71 ,2008

[2021-10-16 10:44:02,366] {taskinstance.py:1280} INFO - Marking task as SUCCESS. dag_id=movie_chooser_dag, task_id=choose_movie_2, execution_date=20211016T104200, start_date=20211016T104402, end_date=20211016T104402
[2021-10-16 10:44:02,405] {local_task_job.py:154} INFO - Task exited with return code 0
[2021-10-16 10:44:02,459] {local_task_job.py:264} INFO - 1 downstream tasks scheduled from follow-on schedule check
