[2021-10-16 13:45:03,761] {taskinstance.py:1035} INFO - Dependencies all met for <TaskInstance: fourth_dag.get_gross_year_0 scheduled__2021-10-16T13:42:00+00:00 [queued]>
[2021-10-16 13:45:03,790] {taskinstance.py:1035} INFO - Dependencies all met for <TaskInstance: fourth_dag.get_gross_year_0 scheduled__2021-10-16T13:42:00+00:00 [queued]>
[2021-10-16 13:45:03,791] {taskinstance.py:1241} INFO - 
--------------------------------------------------------------------------------
[2021-10-16 13:45:03,791] {taskinstance.py:1242} INFO - Starting attempt 1 of 1
[2021-10-16 13:45:03,791] {taskinstance.py:1243} INFO - 
--------------------------------------------------------------------------------
[2021-10-16 13:45:03,836] {taskinstance.py:1262} INFO - Executing <Task(PythonOperator): get_gross_year_0> on 2021-10-16 13:42:00+00:00
[2021-10-16 13:45:03,854] {standard_task_runner.py:76} INFO - Running: ['***', 'tasks', 'run', 'fourth_dag', 'get_gross_year_0', 'scheduled__2021-10-16T13:42:00+00:00', '--job-id', '698', '--raw', '--subdir', 'DAGS_FOLDER/fourth_dag.py', '--cfg-path', '/tmp/tmpkkr22k6e', '--error-file', '/tmp/tmppg5alobd']
[2021-10-16 13:45:03,856] {standard_task_runner.py:77} INFO - Job 698: Subtask get_gross_year_0
[2021-10-16 13:45:03,848] {standard_task_runner.py:52} INFO - Started process 3025 to run task
[2021-10-16 13:45:03,929] {logging_mixin.py:109} INFO - Running <TaskInstance: fourth_dag.get_gross_year_0 scheduled__2021-10-16T13:42:00+00:00 [running]> on host e03fb9e01fd8
[2021-10-16 13:45:04,015] {taskinstance.py:1414} INFO - Exporting the following env vars:
AIRFLOW_CTX_DAG_OWNER=***
AIRFLOW_CTX_DAG_ID=fourth_dag
AIRFLOW_CTX_TASK_ID=get_gross_year_0
AIRFLOW_CTX_EXECUTION_DATE=2021-10-16T13:42:00+00:00
AIRFLOW_CTX_DAG_RUN_ID=scheduled__2021-10-16T13:42:00+00:00
[2021-10-16 13:45:04,031] {python.py:152} INFO - Done. Returned value was: ['$92.60 ', '2007\n']
[2021-10-16 13:45:04,095] {taskinstance.py:1280} INFO - Marking task as SUCCESS. dag_id=fourth_dag, task_id=get_gross_year_0, execution_date=20211016T134200, start_date=20211016T134503, end_date=20211016T134504
[2021-10-16 13:45:04,156] {local_task_job.py:154} INFO - Task exited with return code 0
[2021-10-16 13:45:04,229] {local_task_job.py:264} INFO - 0 downstream tasks scheduled from follow-on schedule check
