[2021-10-16 13:05:48,816] {taskinstance.py:1035} INFO - Dependencies all met for <TaskInstance: fourth_dag.get_gross_year_2 scheduled__2021-10-16T12:30:00+00:00 [queued]>
[2021-10-16 13:05:48,916] {taskinstance.py:1035} INFO - Dependencies all met for <TaskInstance: fourth_dag.get_gross_year_2 scheduled__2021-10-16T12:30:00+00:00 [queued]>
[2021-10-16 13:05:48,917] {taskinstance.py:1241} INFO - 
--------------------------------------------------------------------------------
[2021-10-16 13:05:48,917] {taskinstance.py:1242} INFO - Starting attempt 1 of 1
[2021-10-16 13:05:48,917] {taskinstance.py:1243} INFO - 
--------------------------------------------------------------------------------
[2021-10-16 13:05:49,129] {taskinstance.py:1262} INFO - Executing <Task(PythonOperator): get_gross_year_2> on 2021-10-16 12:30:00+00:00
[2021-10-16 13:05:49,180] {standard_task_runner.py:76} INFO - Running: ['***', 'tasks', 'run', 'fourth_dag', 'get_gross_year_2', 'scheduled__2021-10-16T12:30:00+00:00', '--job-id', '495', '--raw', '--subdir', 'DAGS_FOLDER/fourth_dag.py', '--cfg-path', '/tmp/tmpg5cbr_9f', '--error-file', '/tmp/tmp740hcp6j']
[2021-10-16 13:05:49,181] {standard_task_runner.py:77} INFO - Job 495: Subtask get_gross_year_2
[2021-10-16 13:05:49,168] {standard_task_runner.py:52} INFO - Started process 961 to run task
[2021-10-16 13:05:49,301] {logging_mixin.py:109} INFO - Running <TaskInstance: fourth_dag.get_gross_year_2 scheduled__2021-10-16T12:30:00+00:00 [running]> on host e03fb9e01fd8
[2021-10-16 13:05:49,497] {taskinstance.py:1414} INFO - Exporting the following env vars:
AIRFLOW_CTX_DAG_OWNER=***
AIRFLOW_CTX_DAG_ID=fourth_dag
AIRFLOW_CTX_TASK_ID=get_gross_year_2
AIRFLOW_CTX_EXECUTION_DATE=2021-10-16T12:30:00+00:00
AIRFLOW_CTX_DAG_RUN_ID=scheduled__2021-10-16T12:30:00+00:00
[2021-10-16 13:05:49,514] {python.py:152} INFO - Done. Returned value was: ['$217.57 ', '2010\n']
[2021-10-16 13:05:49,689] {taskinstance.py:1280} INFO - Marking task as SUCCESS. dag_id=fourth_dag, task_id=get_gross_year_2, execution_date=20211016T123000, start_date=20211016T130548, end_date=20211016T130549
[2021-10-16 13:05:49,799] {local_task_job.py:154} INFO - Task exited with return code 0
[2021-10-16 13:05:49,973] {local_task_job.py:264} INFO - 1 downstream tasks scheduled from follow-on schedule check
