[2021-10-16 13:04:28,004] {taskinstance.py:1035} INFO - Dependencies all met for <TaskInstance: movie_chooser_dag.choose_movie_2 scheduled__2021-10-16T11:34:00+00:00 [queued]>
[2021-10-16 13:04:28,026] {taskinstance.py:1035} INFO - Dependencies all met for <TaskInstance: movie_chooser_dag.choose_movie_2 scheduled__2021-10-16T11:34:00+00:00 [queued]>
[2021-10-16 13:04:28,027] {taskinstance.py:1241} INFO - 
--------------------------------------------------------------------------------
[2021-10-16 13:04:28,027] {taskinstance.py:1242} INFO - Starting attempt 1 of 1
[2021-10-16 13:04:28,027] {taskinstance.py:1243} INFO - 
--------------------------------------------------------------------------------
[2021-10-16 13:04:28,055] {taskinstance.py:1262} INFO - Executing <Task(PythonOperator): choose_movie_2> on 2021-10-16 11:34:00+00:00
[2021-10-16 13:04:28,068] {standard_task_runner.py:76} INFO - Running: ['***', 'tasks', 'run', 'movie_chooser_dag', 'choose_movie_2', 'scheduled__2021-10-16T11:34:00+00:00', '--job-id', '177', '--raw', '--subdir', 'DAGS_FOLDER/third_dag.py', '--cfg-path', '/tmp/tmp6hn7k42i', '--error-file', '/tmp/tmpyf8utgb0']
[2021-10-16 13:04:28,069] {standard_task_runner.py:77} INFO - Job 177: Subtask choose_movie_2
[2021-10-16 13:04:28,063] {standard_task_runner.py:52} INFO - Started process 276 to run task
[2021-10-16 13:04:28,128] {logging_mixin.py:109} INFO - Running <TaskInstance: movie_chooser_dag.choose_movie_2 scheduled__2021-10-16T11:34:00+00:00 [running]> on host e03fb9e01fd8
[2021-10-16 13:04:28,204] {taskinstance.py:1414} INFO - Exporting the following env vars:
AIRFLOW_CTX_DAG_OWNER=***
AIRFLOW_CTX_DAG_ID=movie_chooser_dag
AIRFLOW_CTX_TASK_ID=choose_movie_2
AIRFLOW_CTX_EXECUTION_DATE=2021-10-16T11:34:00+00:00
AIRFLOW_CTX_DAG_RUN_ID=scheduled__2021-10-16T11:34:00+00:00
[2021-10-16 13:04:28,218] {python.py:152} INFO - Done. Returned value was: Valentine's Day,Comedy,Warner Bros.,54,4.184038462,17,$217.57 ,2010

[2021-10-16 13:04:28,582] {taskinstance.py:1280} INFO - Marking task as SUCCESS. dag_id=movie_chooser_dag, task_id=choose_movie_2, execution_date=20211016T113400, start_date=20211016T130428, end_date=20211016T130428
[2021-10-16 13:04:28,613] {local_task_job.py:154} INFO - Task exited with return code 0
[2021-10-16 13:04:28,677] {local_task_job.py:264} INFO - 1 downstream tasks scheduled from follow-on schedule check
