[2021-10-16 10:43:03,331] {taskinstance.py:1035} INFO - Dependencies all met for <TaskInstance: fourth_dag.get_gross_year_1 scheduled__2021-10-16T10:40:00+00:00 [queued]>
[2021-10-16 10:43:03,370] {taskinstance.py:1035} INFO - Dependencies all met for <TaskInstance: fourth_dag.get_gross_year_1 scheduled__2021-10-16T10:40:00+00:00 [queued]>
[2021-10-16 10:43:03,371] {taskinstance.py:1241} INFO - 
--------------------------------------------------------------------------------
[2021-10-16 10:43:03,371] {taskinstance.py:1242} INFO - Starting attempt 1 of 1
[2021-10-16 10:43:03,371] {taskinstance.py:1243} INFO - 
--------------------------------------------------------------------------------
[2021-10-16 10:43:03,394] {taskinstance.py:1262} INFO - Executing <Task(PythonOperator): get_gross_year_1> on 2021-10-16 10:40:00+00:00
[2021-10-16 10:43:03,404] {standard_task_runner.py:76} INFO - Running: ['***', 'tasks', 'run', 'fourth_dag', 'get_gross_year_1', 'scheduled__2021-10-16T10:40:00+00:00', '--job-id', '60', '--raw', '--subdir', 'DAGS_FOLDER/fourth_dag.py', '--cfg-path', '/tmp/tmp2n4192p7', '--error-file', '/tmp/tmpdyjr9i_8']
[2021-10-16 10:43:03,405] {standard_task_runner.py:77} INFO - Job 60: Subtask get_gross_year_1
[2021-10-16 10:43:03,400] {standard_task_runner.py:52} INFO - Started process 1115 to run task
[2021-10-16 10:43:03,463] {logging_mixin.py:109} INFO - Running <TaskInstance: fourth_dag.get_gross_year_1 scheduled__2021-10-16T10:40:00+00:00 [running]> on host e03fb9e01fd8
[2021-10-16 10:43:03,533] {taskinstance.py:1414} INFO - Exporting the following env vars:
AIRFLOW_CTX_DAG_OWNER=***
AIRFLOW_CTX_DAG_ID=fourth_dag
AIRFLOW_CTX_TASK_ID=get_gross_year_1
AIRFLOW_CTX_EXECUTION_DATE=2021-10-16T10:40:00+00:00
AIRFLOW_CTX_DAG_RUN_ID=scheduled__2021-10-16T10:40:00+00:00
[2021-10-16 10:43:03,544] {python.py:152} INFO - Done. Returned value was: ['$376.66 ', '2008\n']
[2021-10-16 10:43:03,588] {taskinstance.py:1280} INFO - Marking task as SUCCESS. dag_id=fourth_dag, task_id=get_gross_year_1, execution_date=20211016T104000, start_date=20211016T104303, end_date=20211016T104303
[2021-10-16 10:43:03,620] {local_task_job.py:154} INFO - Task exited with return code 0
[2021-10-16 10:43:03,685] {local_task_job.py:264} INFO - 0 downstream tasks scheduled from follow-on schedule check
