[2021-10-16 13:05:39,431] {taskinstance.py:1035} INFO - Dependencies all met for <TaskInstance: fourth_dag.get_gross_year_1 scheduled__2021-10-16T12:14:00+00:00 [queued]>
[2021-10-16 13:05:39,524] {taskinstance.py:1035} INFO - Dependencies all met for <TaskInstance: fourth_dag.get_gross_year_1 scheduled__2021-10-16T12:14:00+00:00 [queued]>
[2021-10-16 13:05:39,524] {taskinstance.py:1241} INFO - 
--------------------------------------------------------------------------------
[2021-10-16 13:05:39,524] {taskinstance.py:1242} INFO - Starting attempt 1 of 1
[2021-10-16 13:05:39,524] {taskinstance.py:1243} INFO - 
--------------------------------------------------------------------------------
[2021-10-16 13:05:39,671] {taskinstance.py:1262} INFO - Executing <Task(PythonOperator): get_gross_year_1> on 2021-10-16 12:14:00+00:00
[2021-10-16 13:05:39,736] {standard_task_runner.py:52} INFO - Started process 892 to run task
[2021-10-16 13:05:39,867] {standard_task_runner.py:76} INFO - Running: ['***', 'tasks', 'run', 'fourth_dag', 'get_gross_year_1', 'scheduled__2021-10-16T12:14:00+00:00', '--job-id', '460', '--raw', '--subdir', 'DAGS_FOLDER/fourth_dag.py', '--cfg-path', '/tmp/tmpnplbx0wf', '--error-file', '/tmp/tmpbi2bt_fs']
[2021-10-16 13:05:39,897] {standard_task_runner.py:77} INFO - Job 460: Subtask get_gross_year_1
[2021-10-16 13:05:40,200] {logging_mixin.py:109} INFO - Running <TaskInstance: fourth_dag.get_gross_year_1 scheduled__2021-10-16T12:14:00+00:00 [running]> on host e03fb9e01fd8
[2021-10-16 13:05:40,699] {taskinstance.py:1414} INFO - Exporting the following env vars:
AIRFLOW_CTX_DAG_OWNER=***
AIRFLOW_CTX_DAG_ID=fourth_dag
AIRFLOW_CTX_TASK_ID=get_gross_year_1
AIRFLOW_CTX_EXECUTION_DATE=2021-10-16T12:14:00+00:00
AIRFLOW_CTX_DAG_RUN_ID=scheduled__2021-10-16T12:14:00+00:00
[2021-10-16 13:05:40,730] {python.py:152} INFO - Done. Returned value was: ['$30.15 ', '2011\n']
[2021-10-16 13:05:40,833] {taskinstance.py:1280} INFO - Marking task as SUCCESS. dag_id=fourth_dag, task_id=get_gross_year_1, execution_date=20211016T121400, start_date=20211016T130539, end_date=20211016T130540
[2021-10-16 13:05:40,944] {local_task_job.py:154} INFO - Task exited with return code 0
[2021-10-16 13:05:41,238] {local_task_job.py:264} INFO - 0 downstream tasks scheduled from follow-on schedule check
