[2021-10-16 13:04:30,029] {taskinstance.py:1035} INFO - Dependencies all met for <TaskInstance: movie_chooser_dag.choose_movie_0 scheduled__2021-10-16T11:38:00+00:00 [queued]>
[2021-10-16 13:04:30,074] {taskinstance.py:1035} INFO - Dependencies all met for <TaskInstance: movie_chooser_dag.choose_movie_0 scheduled__2021-10-16T11:38:00+00:00 [queued]>
[2021-10-16 13:04:30,074] {taskinstance.py:1241} INFO - 
--------------------------------------------------------------------------------
[2021-10-16 13:04:30,075] {taskinstance.py:1242} INFO - Starting attempt 1 of 1
[2021-10-16 13:04:30,075] {taskinstance.py:1243} INFO - 
--------------------------------------------------------------------------------
[2021-10-16 13:04:30,159] {taskinstance.py:1262} INFO - Executing <Task(PythonOperator): choose_movie_0> on 2021-10-16 11:38:00+00:00
[2021-10-16 13:04:30,207] {standard_task_runner.py:76} INFO - Running: ['***', 'tasks', 'run', 'movie_chooser_dag', 'choose_movie_0', 'scheduled__2021-10-16T11:38:00+00:00', '--job-id', '182', '--raw', '--subdir', 'DAGS_FOLDER/third_dag.py', '--cfg-path', '/tmp/tmpcf7eed5i', '--error-file', '/tmp/tmp22m4gij5']
[2021-10-16 13:04:30,208] {standard_task_runner.py:77} INFO - Job 182: Subtask choose_movie_0
[2021-10-16 13:04:30,187] {standard_task_runner.py:52} INFO - Started process 288 to run task
[2021-10-16 13:04:30,294] {logging_mixin.py:109} INFO - Running <TaskInstance: movie_chooser_dag.choose_movie_0 scheduled__2021-10-16T11:38:00+00:00 [running]> on host e03fb9e01fd8
[2021-10-16 13:04:30,393] {taskinstance.py:1414} INFO - Exporting the following env vars:
AIRFLOW_CTX_DAG_OWNER=***
AIRFLOW_CTX_DAG_ID=movie_chooser_dag
AIRFLOW_CTX_TASK_ID=choose_movie_0
AIRFLOW_CTX_EXECUTION_DATE=2021-10-16T11:38:00+00:00
AIRFLOW_CTX_DAG_RUN_ID=scheduled__2021-10-16T11:38:00+00:00
[2021-10-16 13:04:30,408] {python.py:152} INFO - Done. Returned value was: 27 Dresses,Comedy,Fox,71,5.3436218,40,$160.31 ,2008

[2021-10-16 13:04:30,439] {taskinstance.py:1280} INFO - Marking task as SUCCESS. dag_id=movie_chooser_dag, task_id=choose_movie_0, execution_date=20211016T113800, start_date=20211016T130430, end_date=20211016T130430
[2021-10-16 13:04:30,479] {local_task_job.py:154} INFO - Task exited with return code 0
[2021-10-16 13:04:31,023] {local_task_job.py:264} INFO - 0 downstream tasks scheduled from follow-on schedule check
