[2021-10-16 13:04:56,093] {taskinstance.py:1035} INFO - Dependencies all met for <TaskInstance: fourth_dag.get_gross_year_1 scheduled__2021-10-16T10:50:00+00:00 [queued]>
[2021-10-16 13:04:56,146] {taskinstance.py:1035} INFO - Dependencies all met for <TaskInstance: fourth_dag.get_gross_year_1 scheduled__2021-10-16T10:50:00+00:00 [queued]>
[2021-10-16 13:04:56,147] {taskinstance.py:1241} INFO - 
--------------------------------------------------------------------------------
[2021-10-16 13:04:56,147] {taskinstance.py:1242} INFO - Starting attempt 1 of 1
[2021-10-16 13:04:56,147] {taskinstance.py:1243} INFO - 
--------------------------------------------------------------------------------
[2021-10-16 13:04:56,203] {taskinstance.py:1262} INFO - Executing <Task(PythonOperator): get_gross_year_1> on 2021-10-16 10:50:00+00:00
[2021-10-16 13:04:56,250] {standard_task_runner.py:76} INFO - Running: ['***', 'tasks', 'run', 'fourth_dag', 'get_gross_year_1', 'scheduled__2021-10-16T10:50:00+00:00', '--job-id', '257', '--raw', '--subdir', 'DAGS_FOLDER/fourth_dag.py', '--cfg-path', '/tmp/tmp0_k6fqc4', '--error-file', '/tmp/tmpcci38mfq']
[2021-10-16 13:04:56,251] {standard_task_runner.py:77} INFO - Job 257: Subtask get_gross_year_1
[2021-10-16 13:04:56,253] {standard_task_runner.py:52} INFO - Started process 454 to run task
[2021-10-16 13:04:56,374] {logging_mixin.py:109} INFO - Running <TaskInstance: fourth_dag.get_gross_year_1 scheduled__2021-10-16T10:50:00+00:00 [running]> on host e03fb9e01fd8
[2021-10-16 13:04:56,515] {taskinstance.py:1414} INFO - Exporting the following env vars:
AIRFLOW_CTX_DAG_OWNER=***
AIRFLOW_CTX_DAG_ID=fourth_dag
AIRFLOW_CTX_TASK_ID=get_gross_year_1
AIRFLOW_CTX_EXECUTION_DATE=2021-10-16T10:50:00+00:00
AIRFLOW_CTX_DAG_RUN_ID=scheduled__2021-10-16T10:50:00+00:00
[2021-10-16 13:04:56,534] {python.py:152} INFO - Done. Returned value was: ['$252.04 ', '2008\n']
[2021-10-16 13:04:56,599] {taskinstance.py:1280} INFO - Marking task as SUCCESS. dag_id=fourth_dag, task_id=get_gross_year_1, execution_date=20211016T105000, start_date=20211016T130456, end_date=20211016T130456
[2021-10-16 13:04:56,695] {local_task_job.py:154} INFO - Task exited with return code 0
[2021-10-16 13:04:56,818] {local_task_job.py:264} INFO - 1 downstream tasks scheduled from follow-on schedule check
