[2021-10-16 13:05:00,473] {taskinstance.py:1035} INFO - Dependencies all met for <TaskInstance: movie_chooser_dag.choose_movie_1 scheduled__2021-10-16T12:22:00+00:00 [queued]>
[2021-10-16 13:05:00,539] {taskinstance.py:1035} INFO - Dependencies all met for <TaskInstance: movie_chooser_dag.choose_movie_1 scheduled__2021-10-16T12:22:00+00:00 [queued]>
[2021-10-16 13:05:00,540] {taskinstance.py:1241} INFO - 
--------------------------------------------------------------------------------
[2021-10-16 13:05:00,540] {taskinstance.py:1242} INFO - Starting attempt 1 of 1
[2021-10-16 13:05:00,540] {taskinstance.py:1243} INFO - 
--------------------------------------------------------------------------------
[2021-10-16 13:05:00,620] {taskinstance.py:1262} INFO - Executing <Task(PythonOperator): choose_movie_1> on 2021-10-16 12:22:00+00:00
[2021-10-16 13:05:00,644] {standard_task_runner.py:76} INFO - Running: ['***', 'tasks', 'run', 'movie_chooser_dag', 'choose_movie_1', 'scheduled__2021-10-16T12:22:00+00:00', '--job-id', '276', '--raw', '--subdir', 'DAGS_FOLDER/third_dag.py', '--cfg-path', '/tmp/tmp0znu4jnd', '--error-file', '/tmp/tmpqy376b_y']
[2021-10-16 13:05:00,645] {standard_task_runner.py:77} INFO - Job 276: Subtask choose_movie_1
[2021-10-16 13:05:00,632] {standard_task_runner.py:52} INFO - Started process 504 to run task
[2021-10-16 13:05:00,758] {logging_mixin.py:109} INFO - Running <TaskInstance: movie_chooser_dag.choose_movie_1 scheduled__2021-10-16T12:22:00+00:00 [running]> on host e03fb9e01fd8
[2021-10-16 13:05:00,987] {taskinstance.py:1414} INFO - Exporting the following env vars:
AIRFLOW_CTX_DAG_OWNER=***
AIRFLOW_CTX_DAG_ID=movie_chooser_dag
AIRFLOW_CTX_TASK_ID=choose_movie_1
AIRFLOW_CTX_EXECUTION_DATE=2021-10-16T12:22:00+00:00
AIRFLOW_CTX_DAG_RUN_ID=scheduled__2021-10-16T12:22:00+00:00
[2021-10-16 13:05:01,027] {python.py:152} INFO - Done. Returned value was: Across the Universe,romance,Independent,84,0.652603178,54,$29.37 ,2007

[2021-10-16 13:05:01,508] {taskinstance.py:1280} INFO - Marking task as SUCCESS. dag_id=movie_chooser_dag, task_id=choose_movie_1, execution_date=20211016T122200, start_date=20211016T130500, end_date=20211016T130501
[2021-10-16 13:05:01,536] {local_task_job.py:154} INFO - Task exited with return code 0
[2021-10-16 13:05:01,613] {local_task_job.py:264} INFO - 0 downstream tasks scheduled from follow-on schedule check
