[2021-10-16 10:46:01,942] {taskinstance.py:1035} INFO - Dependencies all met for <TaskInstance: movie_chooser_dag.choose_movie_1 scheduled__2021-10-16T10:44:00+00:00 [queued]>
[2021-10-16 10:46:01,977] {taskinstance.py:1035} INFO - Dependencies all met for <TaskInstance: movie_chooser_dag.choose_movie_1 scheduled__2021-10-16T10:44:00+00:00 [queued]>
[2021-10-16 10:46:01,978] {taskinstance.py:1241} INFO - 
--------------------------------------------------------------------------------
[2021-10-16 10:46:01,978] {taskinstance.py:1242} INFO - Starting attempt 1 of 1
[2021-10-16 10:46:01,978] {taskinstance.py:1243} INFO - 
--------------------------------------------------------------------------------
[2021-10-16 10:46:02,022] {taskinstance.py:1262} INFO - Executing <Task(PythonOperator): choose_movie_1> on 2021-10-16 10:44:00+00:00
[2021-10-16 10:46:02,031] {standard_task_runner.py:52} INFO - Started process 1267 to run task
[2021-10-16 10:46:02,043] {standard_task_runner.py:76} INFO - Running: ['***', 'tasks', 'run', 'movie_chooser_dag', 'choose_movie_1', 'scheduled__2021-10-16T10:44:00+00:00', '--job-id', '71', '--raw', '--subdir', 'DAGS_FOLDER/third_dag.py', '--cfg-path', '/tmp/tmpv0opqxuo', '--error-file', '/tmp/tmpivdwamf_']
[2021-10-16 10:46:02,044] {standard_task_runner.py:77} INFO - Job 71: Subtask choose_movie_1
[2021-10-16 10:46:02,121] {logging_mixin.py:109} INFO - Running <TaskInstance: movie_chooser_dag.choose_movie_1 scheduled__2021-10-16T10:44:00+00:00 [running]> on host e03fb9e01fd8
[2021-10-16 10:46:02,198] {taskinstance.py:1414} INFO - Exporting the following env vars:
AIRFLOW_CTX_DAG_OWNER=***
AIRFLOW_CTX_DAG_ID=movie_chooser_dag
AIRFLOW_CTX_TASK_ID=choose_movie_1
AIRFLOW_CTX_EXECUTION_DATE=2021-10-16T10:44:00+00:00
AIRFLOW_CTX_DAG_RUN_ID=scheduled__2021-10-16T10:44:00+00:00
[2021-10-16 10:46:02,218] {python.py:152} INFO - Done. Returned value was: Jane Eyre,Romance,Universal,77,0,85,$30.15 ,2011

[2021-10-16 10:46:02,271] {taskinstance.py:1280} INFO - Marking task as SUCCESS. dag_id=movie_chooser_dag, task_id=choose_movie_1, execution_date=20211016T104400, start_date=20211016T104601, end_date=20211016T104602
[2021-10-16 10:46:02,298] {local_task_job.py:154} INFO - Task exited with return code 0
[2021-10-16 10:46:02,352] {local_task_job.py:264} INFO - 1 downstream tasks scheduled from follow-on schedule check
