[2021-10-16 13:05:10,109] {taskinstance.py:1035} INFO - Dependencies all met for <TaskInstance: movie_chooser_dag.choose_movie_1 scheduled__2021-10-16T12:32:00+00:00 [queued]>
[2021-10-16 13:05:10,168] {taskinstance.py:1035} INFO - Dependencies all met for <TaskInstance: movie_chooser_dag.choose_movie_1 scheduled__2021-10-16T12:32:00+00:00 [queued]>
[2021-10-16 13:05:10,169] {taskinstance.py:1241} INFO - 
--------------------------------------------------------------------------------
[2021-10-16 13:05:10,169] {taskinstance.py:1242} INFO - Starting attempt 1 of 1
[2021-10-16 13:05:10,169] {taskinstance.py:1243} INFO - 
--------------------------------------------------------------------------------
[2021-10-16 13:05:10,236] {taskinstance.py:1262} INFO - Executing <Task(PythonOperator): choose_movie_1> on 2021-10-16 12:32:00+00:00
[2021-10-16 13:05:10,250] {standard_task_runner.py:52} INFO - Started process 622 to run task
[2021-10-16 13:05:10,272] {standard_task_runner.py:76} INFO - Running: ['***', 'tasks', 'run', 'movie_chooser_dag', 'choose_movie_1', 'scheduled__2021-10-16T12:32:00+00:00', '--job-id', '339', '--raw', '--subdir', 'DAGS_FOLDER/third_dag.py', '--cfg-path', '/tmp/tmpxv0dkvhq', '--error-file', '/tmp/tmp0iz28mym']
[2021-10-16 13:05:10,273] {standard_task_runner.py:77} INFO - Job 339: Subtask choose_movie_1
[2021-10-16 13:05:10,396] {logging_mixin.py:109} INFO - Running <TaskInstance: movie_chooser_dag.choose_movie_1 scheduled__2021-10-16T12:32:00+00:00 [running]> on host e03fb9e01fd8
[2021-10-16 13:05:10,545] {taskinstance.py:1414} INFO - Exporting the following env vars:
AIRFLOW_CTX_DAG_OWNER=***
AIRFLOW_CTX_DAG_ID=movie_chooser_dag
AIRFLOW_CTX_TASK_ID=choose_movie_1
AIRFLOW_CTX_EXECUTION_DATE=2021-10-16T12:32:00+00:00
AIRFLOW_CTX_DAG_RUN_ID=scheduled__2021-10-16T12:32:00+00:00
[2021-10-16 13:05:10,566] {python.py:152} INFO - Done. Returned value was: Midnight in Paris,Romence,Sony,84,8.744705882,93,$148.66 ,2011

[2021-10-16 13:05:10,865] {taskinstance.py:1280} INFO - Marking task as SUCCESS. dag_id=movie_chooser_dag, task_id=choose_movie_1, execution_date=20211016T123200, start_date=20211016T130510, end_date=20211016T130510
[2021-10-16 13:05:10,939] {local_task_job.py:154} INFO - Task exited with return code 0
[2021-10-16 13:05:11,028] {local_task_job.py:264} INFO - 1 downstream tasks scheduled from follow-on schedule check
