[2021-10-16 10:40:01,863] {taskinstance.py:1035} INFO - Dependencies all met for <TaskInstance: movie_chooser_dag.choose_movie_2 scheduled__2021-10-16T10:38:00+00:00 [queued]>
[2021-10-16 10:40:01,893] {taskinstance.py:1035} INFO - Dependencies all met for <TaskInstance: movie_chooser_dag.choose_movie_2 scheduled__2021-10-16T10:38:00+00:00 [queued]>
[2021-10-16 10:40:01,893] {taskinstance.py:1241} INFO - 
--------------------------------------------------------------------------------
[2021-10-16 10:40:01,893] {taskinstance.py:1242} INFO - Starting attempt 1 of 1
[2021-10-16 10:40:01,893] {taskinstance.py:1243} INFO - 
--------------------------------------------------------------------------------
[2021-10-16 10:40:01,912] {taskinstance.py:1262} INFO - Executing <Task(PythonOperator): choose_movie_2> on 2021-10-16 10:38:00+00:00
[2021-10-16 10:40:01,923] {standard_task_runner.py:76} INFO - Running: ['***', 'tasks', 'run', 'movie_chooser_dag', 'choose_movie_2', 'scheduled__2021-10-16T10:38:00+00:00', '--job-id', '52', '--raw', '--subdir', 'DAGS_FOLDER/third_dag.py', '--cfg-path', '/tmp/tmpmud08dro', '--error-file', '/tmp/tmpcor4ac45']
[2021-10-16 10:40:01,924] {standard_task_runner.py:77} INFO - Job 52: Subtask choose_movie_2
[2021-10-16 10:40:01,919] {standard_task_runner.py:52} INFO - Started process 959 to run task
[2021-10-16 10:40:01,982] {logging_mixin.py:109} INFO - Running <TaskInstance: movie_chooser_dag.choose_movie_2 scheduled__2021-10-16T10:38:00+00:00 [running]> on host e03fb9e01fd8
[2021-10-16 10:40:02,051] {taskinstance.py:1414} INFO - Exporting the following env vars:
AIRFLOW_CTX_DAG_OWNER=***
AIRFLOW_CTX_DAG_ID=movie_chooser_dag
AIRFLOW_CTX_TASK_ID=choose_movie_2
AIRFLOW_CTX_EXECUTION_DATE=2021-10-16T10:38:00+00:00
AIRFLOW_CTX_DAG_RUN_ID=scheduled__2021-10-16T10:38:00+00:00
[2021-10-16 10:40:02,066] {python.py:152} INFO - Done. Returned value was: Killers,Action,Lionsgate,45,1.245333333,11,$93.40 ,2010

[2021-10-16 10:40:02,097] {taskinstance.py:1280} INFO - Marking task as SUCCESS. dag_id=movie_chooser_dag, task_id=choose_movie_2, execution_date=20211016T103800, start_date=20211016T104001, end_date=20211016T104002
[2021-10-16 10:40:02,140] {local_task_job.py:154} INFO - Task exited with return code 0
[2021-10-16 10:40:02,209] {local_task_job.py:264} INFO - 0 downstream tasks scheduled from follow-on schedule check
