[2021-10-16 13:05:00,759] {taskinstance.py:1035} INFO - Dependencies all met for <TaskInstance: fourth_dag.get_gross_year_2 scheduled__2021-10-16T11:04:00+00:00 [queued]>
[2021-10-16 13:05:00,802] {taskinstance.py:1035} INFO - Dependencies all met for <TaskInstance: fourth_dag.get_gross_year_2 scheduled__2021-10-16T11:04:00+00:00 [queued]>
[2021-10-16 13:05:00,802] {taskinstance.py:1241} INFO - 
--------------------------------------------------------------------------------
[2021-10-16 13:05:00,803] {taskinstance.py:1242} INFO - Starting attempt 1 of 1
[2021-10-16 13:05:00,803] {taskinstance.py:1243} INFO - 
--------------------------------------------------------------------------------
[2021-10-16 13:05:00,854] {taskinstance.py:1262} INFO - Executing <Task(PythonOperator): get_gross_year_2> on 2021-10-16 11:04:00+00:00
[2021-10-16 13:05:00,863] {standard_task_runner.py:52} INFO - Started process 509 to run task
[2021-10-16 13:05:00,879] {standard_task_runner.py:76} INFO - Running: ['***', 'tasks', 'run', 'fourth_dag', 'get_gross_year_2', 'scheduled__2021-10-16T11:04:00+00:00', '--job-id', '283', '--raw', '--subdir', 'DAGS_FOLDER/fourth_dag.py', '--cfg-path', '/tmp/tmp3fzwiiu6', '--error-file', '/tmp/tmpl5kww0ui']
[2021-10-16 13:05:00,880] {standard_task_runner.py:77} INFO - Job 283: Subtask get_gross_year_2
[2021-10-16 13:05:01,041] {logging_mixin.py:109} INFO - Running <TaskInstance: fourth_dag.get_gross_year_2 scheduled__2021-10-16T11:04:00+00:00 [running]> on host e03fb9e01fd8
[2021-10-16 13:05:01,180] {taskinstance.py:1414} INFO - Exporting the following env vars:
AIRFLOW_CTX_DAG_OWNER=***
AIRFLOW_CTX_DAG_ID=fourth_dag
AIRFLOW_CTX_TASK_ID=get_gross_year_2
AIRFLOW_CTX_EXECUTION_DATE=2021-10-16T11:04:00+00:00
AIRFLOW_CTX_DAG_RUN_ID=scheduled__2021-10-16T11:04:00+00:00
[2021-10-16 13:05:01,198] {python.py:152} INFO - Done. Returned value was: ['$217.57 ', '2010\n']
[2021-10-16 13:05:01,289] {taskinstance.py:1280} INFO - Marking task as SUCCESS. dag_id=fourth_dag, task_id=get_gross_year_2, execution_date=20211016T110400, start_date=20211016T130500, end_date=20211016T130501
[2021-10-16 13:05:01,345] {local_task_job.py:154} INFO - Task exited with return code 0
[2021-10-16 13:05:01,425] {local_task_job.py:264} INFO - 0 downstream tasks scheduled from follow-on schedule check
