[2021-10-16 13:05:00,674] {taskinstance.py:1035} INFO - Dependencies all met for <TaskInstance: fourth_dag.get_gross_year_0 scheduled__2021-10-16T11:04:00+00:00 [queued]>
[2021-10-16 13:05:00,730] {taskinstance.py:1035} INFO - Dependencies all met for <TaskInstance: fourth_dag.get_gross_year_0 scheduled__2021-10-16T11:04:00+00:00 [queued]>
[2021-10-16 13:05:00,730] {taskinstance.py:1241} INFO - 
--------------------------------------------------------------------------------
[2021-10-16 13:05:00,730] {taskinstance.py:1242} INFO - Starting attempt 1 of 1
[2021-10-16 13:05:00,731] {taskinstance.py:1243} INFO - 
--------------------------------------------------------------------------------
[2021-10-16 13:05:00,815] {taskinstance.py:1262} INFO - Executing <Task(PythonOperator): get_gross_year_0> on 2021-10-16 11:04:00+00:00
[2021-10-16 13:05:00,830] {standard_task_runner.py:76} INFO - Running: ['***', 'tasks', 'run', 'fourth_dag', 'get_gross_year_0', 'scheduled__2021-10-16T11:04:00+00:00', '--job-id', '281', '--raw', '--subdir', 'DAGS_FOLDER/fourth_dag.py', '--cfg-path', '/tmp/tmpol4s18dl', '--error-file', '/tmp/tmplb3i4_qu']
[2021-10-16 13:05:00,831] {standard_task_runner.py:77} INFO - Job 281: Subtask get_gross_year_0
[2021-10-16 13:05:00,826] {standard_task_runner.py:52} INFO - Started process 507 to run task
[2021-10-16 13:05:00,977] {logging_mixin.py:109} INFO - Running <TaskInstance: fourth_dag.get_gross_year_0 scheduled__2021-10-16T11:04:00+00:00 [running]> on host e03fb9e01fd8
[2021-10-16 13:05:01,139] {taskinstance.py:1414} INFO - Exporting the following env vars:
AIRFLOW_CTX_DAG_OWNER=***
AIRFLOW_CTX_DAG_ID=fourth_dag
AIRFLOW_CTX_TASK_ID=get_gross_year_0
AIRFLOW_CTX_EXECUTION_DATE=2021-10-16T11:04:00+00:00
AIRFLOW_CTX_DAG_RUN_ID=scheduled__2021-10-16T11:04:00+00:00
[2021-10-16 13:05:01,160] {python.py:152} INFO - Done. Returned value was: ['$20.10 ', '2010\n']
[2021-10-16 13:05:01,227] {taskinstance.py:1280} INFO - Marking task as SUCCESS. dag_id=fourth_dag, task_id=get_gross_year_0, execution_date=20211016T110400, start_date=20211016T130500, end_date=20211016T130501
[2021-10-16 13:05:01,301] {local_task_job.py:154} INFO - Task exited with return code 0
[2021-10-16 13:05:01,400] {local_task_job.py:264} INFO - 1 downstream tasks scheduled from follow-on schedule check
