[2021-10-16 13:05:31,022] {taskinstance.py:1035} INFO - Dependencies all met for <TaskInstance: fourth_dag.get_gross_year_0 scheduled__2021-10-16T12:00:00+00:00 [queued]>
[2021-10-16 13:05:31,260] {taskinstance.py:1035} INFO - Dependencies all met for <TaskInstance: fourth_dag.get_gross_year_0 scheduled__2021-10-16T12:00:00+00:00 [queued]>
[2021-10-16 13:05:31,261] {taskinstance.py:1241} INFO - 
--------------------------------------------------------------------------------
[2021-10-16 13:05:31,261] {taskinstance.py:1242} INFO - Starting attempt 1 of 1
[2021-10-16 13:05:31,261] {taskinstance.py:1243} INFO - 
--------------------------------------------------------------------------------
[2021-10-16 13:05:31,749] {taskinstance.py:1262} INFO - Executing <Task(PythonOperator): get_gross_year_0> on 2021-10-16 12:00:00+00:00
[2021-10-16 13:05:31,789] {standard_task_runner.py:76} INFO - Running: ['***', 'tasks', 'run', 'fourth_dag', 'get_gross_year_0', 'scheduled__2021-10-16T12:00:00+00:00', '--job-id', '429', '--raw', '--subdir', 'DAGS_FOLDER/fourth_dag.py', '--cfg-path', '/tmp/tmpnyqf0ioa', '--error-file', '/tmp/tmpt77a3670']
[2021-10-16 13:05:31,790] {standard_task_runner.py:77} INFO - Job 429: Subtask get_gross_year_0
[2021-10-16 13:05:31,770] {standard_task_runner.py:52} INFO - Started process 826 to run task
[2021-10-16 13:05:32,120] {logging_mixin.py:109} INFO - Running <TaskInstance: fourth_dag.get_gross_year_0 scheduled__2021-10-16T12:00:00+00:00 [running]> on host e03fb9e01fd8
[2021-10-16 13:05:32,690] {taskinstance.py:1414} INFO - Exporting the following env vars:
AIRFLOW_CTX_DAG_OWNER=***
AIRFLOW_CTX_DAG_ID=fourth_dag
AIRFLOW_CTX_TASK_ID=get_gross_year_0
AIRFLOW_CTX_EXECUTION_DATE=2021-10-16T12:00:00+00:00
AIRFLOW_CTX_DAG_RUN_ID=scheduled__2021-10-16T12:00:00+00:00
[2021-10-16 13:05:32,811] {python.py:152} INFO - Done. Returned value was: ['$160.31 ', '2008\n']
[2021-10-16 13:05:33,021] {taskinstance.py:1280} INFO - Marking task as SUCCESS. dag_id=fourth_dag, task_id=get_gross_year_0, execution_date=20211016T120000, start_date=20211016T130531, end_date=20211016T130533
[2021-10-16 13:05:33,175] {local_task_job.py:154} INFO - Task exited with return code 0
[2021-10-16 13:05:34,220] {local_task_job.py:264} INFO - 1 downstream tasks scheduled from follow-on schedule check
