[2021-10-16 13:35:04,528] {taskinstance.py:1035} INFO - Dependencies all met for <TaskInstance: fourth_dag.get_gross_year_1 scheduled__2021-10-16T13:32:00+00:00 [queued]>
[2021-10-16 13:35:04,553] {taskinstance.py:1035} INFO - Dependencies all met for <TaskInstance: fourth_dag.get_gross_year_1 scheduled__2021-10-16T13:32:00+00:00 [queued]>
[2021-10-16 13:35:04,554] {taskinstance.py:1241} INFO - 
--------------------------------------------------------------------------------
[2021-10-16 13:35:04,554] {taskinstance.py:1242} INFO - Starting attempt 1 of 1
[2021-10-16 13:35:04,554] {taskinstance.py:1243} INFO - 
--------------------------------------------------------------------------------
[2021-10-16 13:35:04,658] {taskinstance.py:1262} INFO - Executing <Task(PythonOperator): get_gross_year_1> on 2021-10-16 13:32:00+00:00
[2021-10-16 13:35:04,670] {standard_task_runner.py:76} INFO - Running: ['***', 'tasks', 'run', 'fourth_dag', 'get_gross_year_1', 'scheduled__2021-10-16T13:32:00+00:00', '--job-id', '661', '--raw', '--subdir', 'DAGS_FOLDER/fourth_dag.py', '--cfg-path', '/tmp/tmp6wn4q1g0', '--error-file', '/tmp/tmpw26n6io6']
[2021-10-16 13:35:04,672] {standard_task_runner.py:77} INFO - Job 661: Subtask get_gross_year_1
[2021-10-16 13:35:04,666] {standard_task_runner.py:52} INFO - Started process 2545 to run task
[2021-10-16 13:35:04,743] {logging_mixin.py:109} INFO - Running <TaskInstance: fourth_dag.get_gross_year_1 scheduled__2021-10-16T13:32:00+00:00 [running]> on host e03fb9e01fd8
[2021-10-16 13:35:04,832] {taskinstance.py:1414} INFO - Exporting the following env vars:
AIRFLOW_CTX_DAG_OWNER=***
AIRFLOW_CTX_DAG_ID=fourth_dag
AIRFLOW_CTX_TASK_ID=get_gross_year_1
AIRFLOW_CTX_EXECUTION_DATE=2021-10-16T13:32:00+00:00
AIRFLOW_CTX_DAG_RUN_ID=scheduled__2021-10-16T13:32:00+00:00
[2021-10-16 13:35:04,846] {python.py:152} INFO - Done. Returned value was: ['$42.05 ', '2010\n']
[2021-10-16 13:35:04,902] {taskinstance.py:1280} INFO - Marking task as SUCCESS. dag_id=fourth_dag, task_id=get_gross_year_1, execution_date=20211016T133200, start_date=20211016T133504, end_date=20211016T133504
[2021-10-16 13:35:04,934] {local_task_job.py:154} INFO - Task exited with return code 0
[2021-10-16 13:35:04,998] {local_task_job.py:264} INFO - 1 downstream tasks scheduled from follow-on schedule check
