[2021-10-16 10:24:10,845] {taskinstance.py:1035} INFO - Dependencies all met for <TaskInstance: second_dag.choose_movie_1 scheduled__2021-10-15T10:23:52.989357+00:00 [queued]>
[2021-10-16 10:24:10,877] {taskinstance.py:1035} INFO - Dependencies all met for <TaskInstance: second_dag.choose_movie_1 scheduled__2021-10-15T10:23:52.989357+00:00 [queued]>
[2021-10-16 10:24:10,878] {taskinstance.py:1241} INFO - 
--------------------------------------------------------------------------------
[2021-10-16 10:24:10,878] {taskinstance.py:1242} INFO - Starting attempt 1 of 1
[2021-10-16 10:24:10,878] {taskinstance.py:1243} INFO - 
--------------------------------------------------------------------------------
[2021-10-16 10:24:10,921] {taskinstance.py:1262} INFO - Executing <Task(PythonOperator): choose_movie_1> on 2021-10-15 10:23:52.989357+00:00
[2021-10-16 10:24:10,935] {standard_task_runner.py:76} INFO - Running: ['***', 'tasks', 'run', 'second_dag', 'choose_movie_1', 'scheduled__2021-10-15T10:23:52.989357+00:00', '--job-id', '4', '--raw', '--subdir', 'DAGS_FOLDER/second_dag.py', '--cfg-path', '/tmp/tmp8jdh6s_5', '--error-file', '/tmp/tmptux1m4pu']
[2021-10-16 10:24:10,936] {standard_task_runner.py:77} INFO - Job 4: Subtask choose_movie_1
[2021-10-16 10:24:10,930] {standard_task_runner.py:52} INFO - Started process 178 to run task
[2021-10-16 10:24:11,002] {logging_mixin.py:109} INFO - Running <TaskInstance: second_dag.choose_movie_1 scheduled__2021-10-15T10:23:52.989357+00:00 [running]> on host e03fb9e01fd8
[2021-10-16 10:24:11,091] {taskinstance.py:1414} INFO - Exporting the following env vars:
AIRFLOW_CTX_DAG_OWNER=***
AIRFLOW_CTX_DAG_ID=second_dag
AIRFLOW_CTX_TASK_ID=choose_movie_1
AIRFLOW_CTX_EXECUTION_DATE=2021-10-15T10:23:52.989357+00:00
AIRFLOW_CTX_DAG_RUN_ID=scheduled__2021-10-15T10:23:52.989357+00:00
[2021-10-16 10:24:11,092] {logging_mixin.py:109} INFO - Twilight,Romance,Summit,82,10.18002703,49,$376.66 ,2008
[2021-10-16 10:24:11,092] {logging_mixin.py:109} INFO - 
[2021-10-16 10:24:11,092] {python.py:152} INFO - Done. Returned value was: Twilight,Romance,Summit,82,10.18002703,49,$376.66 ,2008

[2021-10-16 10:24:11,129] {taskinstance.py:1280} INFO - Marking task as SUCCESS. dag_id=second_dag, task_id=choose_movie_1, execution_date=20211015T102352, start_date=20211016T102410, end_date=20211016T102411
[2021-10-16 10:24:11,191] {local_task_job.py:154} INFO - Task exited with return code 0
[2021-10-16 10:24:11,265] {local_task_job.py:264} INFO - 0 downstream tasks scheduled from follow-on schedule check
