[2021-10-16 13:05:19,598] {taskinstance.py:1035} INFO - Dependencies all met for <TaskInstance: fourth_dag.get_gross_year_2 scheduled__2021-10-16T11:54:00+00:00 [queued]>
[2021-10-16 13:05:19,662] {taskinstance.py:1035} INFO - Dependencies all met for <TaskInstance: fourth_dag.get_gross_year_2 scheduled__2021-10-16T11:54:00+00:00 [queued]>
[2021-10-16 13:05:19,662] {taskinstance.py:1241} INFO - 
--------------------------------------------------------------------------------
[2021-10-16 13:05:19,663] {taskinstance.py:1242} INFO - Starting attempt 1 of 1
[2021-10-16 13:05:19,663] {taskinstance.py:1243} INFO - 
--------------------------------------------------------------------------------
[2021-10-16 13:05:19,964] {taskinstance.py:1262} INFO - Executing <Task(PythonOperator): get_gross_year_2> on 2021-10-16 11:54:00+00:00
[2021-10-16 13:05:20,116] {standard_task_runner.py:76} INFO - Running: ['***', 'tasks', 'run', 'fourth_dag', 'get_gross_year_2', 'scheduled__2021-10-16T11:54:00+00:00', '--job-id', '390', '--raw', '--subdir', 'DAGS_FOLDER/fourth_dag.py', '--cfg-path', '/tmp/tmp448cj0qe', '--error-file', '/tmp/tmpr_q_461m']
[2021-10-16 13:05:20,117] {standard_task_runner.py:77} INFO - Job 390: Subtask get_gross_year_2
[2021-10-16 13:05:20,041] {standard_task_runner.py:52} INFO - Started process 736 to run task
[2021-10-16 13:05:20,316] {logging_mixin.py:109} INFO - Running <TaskInstance: fourth_dag.get_gross_year_2 scheduled__2021-10-16T11:54:00+00:00 [running]> on host e03fb9e01fd8
[2021-10-16 13:05:20,690] {taskinstance.py:1414} INFO - Exporting the following env vars:
AIRFLOW_CTX_DAG_OWNER=***
AIRFLOW_CTX_DAG_ID=fourth_dag
AIRFLOW_CTX_TASK_ID=get_gross_year_2
AIRFLOW_CTX_EXECUTION_DATE=2021-10-16T11:54:00+00:00
AIRFLOW_CTX_DAG_RUN_ID=scheduled__2021-10-16T11:54:00+00:00
[2021-10-16 13:05:20,764] {python.py:152} INFO - Done. Returned value was: ['$217.57 ', '2010\n']
[2021-10-16 13:05:21,708] {taskinstance.py:1280} INFO - Marking task as SUCCESS. dag_id=fourth_dag, task_id=get_gross_year_2, execution_date=20211016T115400, start_date=20211016T130519, end_date=20211016T130521
[2021-10-16 13:05:21,896] {local_task_job.py:154} INFO - Task exited with return code 0
[2021-10-16 13:05:22,215] {local_task_job.py:264} INFO - 1 downstream tasks scheduled from follow-on schedule check
