[2021-10-16 13:04:46,674] {taskinstance.py:1035} INFO - Dependencies all met for <TaskInstance: movie_chooser_dag.choose_movie_2 scheduled__2021-10-16T12:02:00+00:00 [queued]>
[2021-10-16 13:04:46,697] {taskinstance.py:1035} INFO - Dependencies all met for <TaskInstance: movie_chooser_dag.choose_movie_2 scheduled__2021-10-16T12:02:00+00:00 [queued]>
[2021-10-16 13:04:46,698] {taskinstance.py:1241} INFO - 
--------------------------------------------------------------------------------
[2021-10-16 13:04:46,698] {taskinstance.py:1242} INFO - Starting attempt 1 of 1
[2021-10-16 13:04:46,698] {taskinstance.py:1243} INFO - 
--------------------------------------------------------------------------------
[2021-10-16 13:04:46,725] {taskinstance.py:1262} INFO - Executing <Task(PythonOperator): choose_movie_2> on 2021-10-16 12:02:00+00:00
[2021-10-16 13:04:46,735] {standard_task_runner.py:76} INFO - Running: ['***', 'tasks', 'run', 'movie_chooser_dag', 'choose_movie_2', 'scheduled__2021-10-16T12:02:00+00:00', '--job-id', '226', '--raw', '--subdir', 'DAGS_FOLDER/third_dag.py', '--cfg-path', '/tmp/tmpjjnn0zip', '--error-file', '/tmp/tmpquuirgk2']
[2021-10-16 13:04:46,736] {standard_task_runner.py:77} INFO - Job 226: Subtask choose_movie_2
[2021-10-16 13:04:46,731] {standard_task_runner.py:52} INFO - Started process 385 to run task
[2021-10-16 13:04:46,793] {logging_mixin.py:109} INFO - Running <TaskInstance: movie_chooser_dag.choose_movie_2 scheduled__2021-10-16T12:02:00+00:00 [running]> on host e03fb9e01fd8
[2021-10-16 13:04:46,866] {taskinstance.py:1414} INFO - Exporting the following env vars:
AIRFLOW_CTX_DAG_OWNER=***
AIRFLOW_CTX_DAG_ID=movie_chooser_dag
AIRFLOW_CTX_TASK_ID=choose_movie_2
AIRFLOW_CTX_EXECUTION_DATE=2021-10-16T12:02:00+00:00
AIRFLOW_CTX_DAG_RUN_ID=scheduled__2021-10-16T12:02:00+00:00
[2021-10-16 13:04:46,885] {python.py:152} INFO - Done. Returned value was: Love & Other Drugs,Comedy,Fox,55,1.817666667,48,$54.53 ,2010

[2021-10-16 13:04:46,921] {taskinstance.py:1280} INFO - Marking task as SUCCESS. dag_id=movie_chooser_dag, task_id=choose_movie_2, execution_date=20211016T120200, start_date=20211016T130446, end_date=20211016T130446
[2021-10-16 13:04:46,952] {local_task_job.py:154} INFO - Task exited with return code 0
[2021-10-16 13:04:47,010] {local_task_job.py:264} INFO - 1 downstream tasks scheduled from follow-on schedule check
