[2021-10-16 13:04:34,259] {taskinstance.py:1035} INFO - Dependencies all met for <TaskInstance: fourth_dag.get_gross_year_2 scheduled__2021-10-16T11:18:00+00:00 [queued]>
[2021-10-16 13:04:34,285] {taskinstance.py:1035} INFO - Dependencies all met for <TaskInstance: fourth_dag.get_gross_year_2 scheduled__2021-10-16T11:18:00+00:00 [queued]>
[2021-10-16 13:04:34,285] {taskinstance.py:1241} INFO - 
--------------------------------------------------------------------------------
[2021-10-16 13:04:34,285] {taskinstance.py:1242} INFO - Starting attempt 1 of 1
[2021-10-16 13:04:34,285] {taskinstance.py:1243} INFO - 
--------------------------------------------------------------------------------
[2021-10-16 13:04:34,315] {taskinstance.py:1262} INFO - Executing <Task(PythonOperator): get_gross_year_2> on 2021-10-16 11:18:00+00:00
[2021-10-16 13:04:34,323] {standard_task_runner.py:52} INFO - Started process 302 to run task
[2021-10-16 13:04:34,342] {standard_task_runner.py:76} INFO - Running: ['***', 'tasks', 'run', 'fourth_dag', 'get_gross_year_2', 'scheduled__2021-10-16T11:18:00+00:00', '--job-id', '191', '--raw', '--subdir', 'DAGS_FOLDER/fourth_dag.py', '--cfg-path', '/tmp/tmphzt814x3', '--error-file', '/tmp/tmp_p7ral_2']
[2021-10-16 13:04:34,342] {standard_task_runner.py:77} INFO - Job 191: Subtask get_gross_year_2
[2021-10-16 13:04:34,409] {logging_mixin.py:109} INFO - Running <TaskInstance: fourth_dag.get_gross_year_2 scheduled__2021-10-16T11:18:00+00:00 [running]> on host e03fb9e01fd8
[2021-10-16 13:04:34,492] {taskinstance.py:1414} INFO - Exporting the following env vars:
AIRFLOW_CTX_DAG_OWNER=***
AIRFLOW_CTX_DAG_ID=fourth_dag
AIRFLOW_CTX_TASK_ID=get_gross_year_2
AIRFLOW_CTX_EXECUTION_DATE=2021-10-16T11:18:00+00:00
AIRFLOW_CTX_DAG_RUN_ID=scheduled__2021-10-16T11:18:00+00:00
[2021-10-16 13:04:34,505] {python.py:152} INFO - Done. Returned value was: ['$217.57 ', '2010\n']
[2021-10-16 13:04:34,539] {taskinstance.py:1280} INFO - Marking task as SUCCESS. dag_id=fourth_dag, task_id=get_gross_year_2, execution_date=20211016T111800, start_date=20211016T130434, end_date=20211016T130434
[2021-10-16 13:04:34,565] {local_task_job.py:154} INFO - Task exited with return code 0
[2021-10-16 13:04:34,625] {local_task_job.py:264} INFO - 1 downstream tasks scheduled from follow-on schedule check
