[2021-10-16 13:05:43,768] {taskinstance.py:1035} INFO - Dependencies all met for <TaskInstance: movie_chooser_dag.choose_movie_0 scheduled__2021-10-16T13:02:00+00:00 [queued]>
[2021-10-16 13:05:43,956] {taskinstance.py:1035} INFO - Dependencies all met for <TaskInstance: movie_chooser_dag.choose_movie_0 scheduled__2021-10-16T13:02:00+00:00 [queued]>
[2021-10-16 13:05:43,956] {taskinstance.py:1241} INFO - 
--------------------------------------------------------------------------------
[2021-10-16 13:05:43,956] {taskinstance.py:1242} INFO - Starting attempt 1 of 1
[2021-10-16 13:05:43,956] {taskinstance.py:1243} INFO - 
--------------------------------------------------------------------------------
[2021-10-16 13:05:44,270] {taskinstance.py:1262} INFO - Executing <Task(PythonOperator): choose_movie_0> on 2021-10-16 13:02:00+00:00
[2021-10-16 13:05:44,309] {standard_task_runner.py:76} INFO - Running: ['***', 'tasks', 'run', 'movie_chooser_dag', 'choose_movie_0', 'scheduled__2021-10-16T13:02:00+00:00', '--job-id', '478', '--raw', '--subdir', 'DAGS_FOLDER/third_dag.py', '--cfg-path', '/tmp/tmp4etp6tsu', '--error-file', '/tmp/tmpho3qtw2x']
[2021-10-16 13:05:44,310] {standard_task_runner.py:77} INFO - Job 478: Subtask choose_movie_0
[2021-10-16 13:05:44,281] {standard_task_runner.py:52} INFO - Started process 927 to run task
[2021-10-16 13:05:44,624] {logging_mixin.py:109} INFO - Running <TaskInstance: movie_chooser_dag.choose_movie_0 scheduled__2021-10-16T13:02:00+00:00 [running]> on host e03fb9e01fd8
[2021-10-16 13:05:45,230] {taskinstance.py:1414} INFO - Exporting the following env vars:
AIRFLOW_CTX_DAG_OWNER=***
AIRFLOW_CTX_DAG_ID=movie_chooser_dag
AIRFLOW_CTX_TASK_ID=choose_movie_0
AIRFLOW_CTX_EXECUTION_DATE=2021-10-16T13:02:00+00:00
AIRFLOW_CTX_DAG_RUN_ID=scheduled__2021-10-16T13:02:00+00:00
[2021-10-16 13:05:45,364] {python.py:152} INFO - Done. Returned value was: Going the Distance,Comedy,Warner Bros.,56,1.3140625,53,$42.05 ,2010

[2021-10-16 13:05:45,565] {taskinstance.py:1280} INFO - Marking task as SUCCESS. dag_id=movie_chooser_dag, task_id=choose_movie_0, execution_date=20211016T130200, start_date=20211016T130543, end_date=20211016T130545
[2021-10-16 13:05:45,777] {local_task_job.py:154} INFO - Task exited with return code 0
[2021-10-16 13:05:46,031] {local_task_job.py:264} INFO - 0 downstream tasks scheduled from follow-on schedule check
