[2021-10-16 10:43:03,299] {taskinstance.py:1035} INFO - Dependencies all met for <TaskInstance: fourth_dag.get_gross_year_2 scheduled__2021-10-16T10:40:00+00:00 [queued]>
[2021-10-16 10:43:03,335] {taskinstance.py:1035} INFO - Dependencies all met for <TaskInstance: fourth_dag.get_gross_year_2 scheduled__2021-10-16T10:40:00+00:00 [queued]>
[2021-10-16 10:43:03,336] {taskinstance.py:1241} INFO - 
--------------------------------------------------------------------------------
[2021-10-16 10:43:03,336] {taskinstance.py:1242} INFO - Starting attempt 1 of 1
[2021-10-16 10:43:03,336] {taskinstance.py:1243} INFO - 
--------------------------------------------------------------------------------
[2021-10-16 10:43:03,378] {taskinstance.py:1262} INFO - Executing <Task(PythonOperator): get_gross_year_2> on 2021-10-16 10:40:00+00:00
[2021-10-16 10:43:03,390] {standard_task_runner.py:76} INFO - Running: ['***', 'tasks', 'run', 'fourth_dag', 'get_gross_year_2', 'scheduled__2021-10-16T10:40:00+00:00', '--job-id', '61', '--raw', '--subdir', 'DAGS_FOLDER/fourth_dag.py', '--cfg-path', '/tmp/tmp1er9878q', '--error-file', '/tmp/tmp4d7jjgky']
[2021-10-16 10:43:03,391] {standard_task_runner.py:77} INFO - Job 61: Subtask get_gross_year_2
[2021-10-16 10:43:03,385] {standard_task_runner.py:52} INFO - Started process 1114 to run task
[2021-10-16 10:43:03,454] {logging_mixin.py:109} INFO - Running <TaskInstance: fourth_dag.get_gross_year_2 scheduled__2021-10-16T10:40:00+00:00 [running]> on host e03fb9e01fd8
[2021-10-16 10:43:03,525] {taskinstance.py:1414} INFO - Exporting the following env vars:
AIRFLOW_CTX_DAG_OWNER=***
AIRFLOW_CTX_DAG_ID=fourth_dag
AIRFLOW_CTX_TASK_ID=get_gross_year_2
AIRFLOW_CTX_EXECUTION_DATE=2021-10-16T10:40:00+00:00
AIRFLOW_CTX_DAG_RUN_ID=scheduled__2021-10-16T10:40:00+00:00
[2021-10-16 10:43:03,537] {python.py:152} INFO - Done. Returned value was: ['$20.71 ', '2008\n']
[2021-10-16 10:43:03,571] {taskinstance.py:1280} INFO - Marking task as SUCCESS. dag_id=fourth_dag, task_id=get_gross_year_2, execution_date=20211016T104000, start_date=20211016T104303, end_date=20211016T104303
[2021-10-16 10:43:03,606] {local_task_job.py:154} INFO - Task exited with return code 0
[2021-10-16 10:43:03,667] {local_task_job.py:264} INFO - 1 downstream tasks scheduled from follow-on schedule check
