[2021-10-16 13:04:18,618] {taskinstance.py:1035} INFO - Dependencies all met for <TaskInstance: movie_chooser_dag.choose_movie_0 scheduled__2021-10-16T11:24:00+00:00 [queued]>
[2021-10-16 13:04:18,650] {taskinstance.py:1035} INFO - Dependencies all met for <TaskInstance: movie_chooser_dag.choose_movie_0 scheduled__2021-10-16T11:24:00+00:00 [queued]>
[2021-10-16 13:04:18,650] {taskinstance.py:1241} INFO - 
--------------------------------------------------------------------------------
[2021-10-16 13:04:18,650] {taskinstance.py:1242} INFO - Starting attempt 1 of 1
[2021-10-16 13:04:18,650] {taskinstance.py:1243} INFO - 
--------------------------------------------------------------------------------
[2021-10-16 13:04:18,680] {taskinstance.py:1262} INFO - Executing <Task(PythonOperator): choose_movie_0> on 2021-10-16 11:24:00+00:00
[2021-10-16 13:04:18,691] {standard_task_runner.py:76} INFO - Running: ['***', 'tasks', 'run', 'movie_chooser_dag', 'choose_movie_0', 'scheduled__2021-10-16T11:24:00+00:00', '--job-id', '157', '--raw', '--subdir', 'DAGS_FOLDER/third_dag.py', '--cfg-path', '/tmp/tmp9d_wk14x', '--error-file', '/tmp/tmppp3jkmx9']
[2021-10-16 13:04:18,692] {standard_task_runner.py:77} INFO - Job 157: Subtask choose_movie_0
[2021-10-16 13:04:18,687] {standard_task_runner.py:52} INFO - Started process 227 to run task
[2021-10-16 13:04:18,765] {logging_mixin.py:109} INFO - Running <TaskInstance: movie_chooser_dag.choose_movie_0 scheduled__2021-10-16T11:24:00+00:00 [running]> on host e03fb9e01fd8
[2021-10-16 13:04:18,854] {taskinstance.py:1414} INFO - Exporting the following env vars:
AIRFLOW_CTX_DAG_OWNER=***
AIRFLOW_CTX_DAG_ID=movie_chooser_dag
AIRFLOW_CTX_TASK_ID=choose_movie_0
AIRFLOW_CTX_EXECUTION_DATE=2021-10-16T11:24:00+00:00
AIRFLOW_CTX_DAG_RUN_ID=scheduled__2021-10-16T11:24:00+00:00
[2021-10-16 13:04:18,884] {python.py:152} INFO - Done. Returned value was: 27 Dresses,Comedy,Fox,71,5.3436218,40,$160.31 ,2008

[2021-10-16 13:04:18,969] {taskinstance.py:1280} INFO - Marking task as SUCCESS. dag_id=movie_chooser_dag, task_id=choose_movie_0, execution_date=20211016T112400, start_date=20211016T130418, end_date=20211016T130418
[2021-10-16 13:04:19,007] {local_task_job.py:154} INFO - Task exited with return code 0
[2021-10-16 13:04:19,083] {local_task_job.py:264} INFO - 0 downstream tasks scheduled from follow-on schedule check
