[2021-10-16 10:49:03,172] {taskinstance.py:1035} INFO - Dependencies all met for <TaskInstance: fourth_dag.get_gross_year_0 scheduled__2021-10-16T10:46:00+00:00 [queued]>
[2021-10-16 10:49:03,207] {taskinstance.py:1035} INFO - Dependencies all met for <TaskInstance: fourth_dag.get_gross_year_0 scheduled__2021-10-16T10:46:00+00:00 [queued]>
[2021-10-16 10:49:03,207] {taskinstance.py:1241} INFO - 
--------------------------------------------------------------------------------
[2021-10-16 10:49:03,207] {taskinstance.py:1242} INFO - Starting attempt 1 of 1
[2021-10-16 10:49:03,207] {taskinstance.py:1243} INFO - 
--------------------------------------------------------------------------------
[2021-10-16 10:49:03,252] {taskinstance.py:1262} INFO - Executing <Task(PythonOperator): get_gross_year_0> on 2021-10-16 10:46:00+00:00
[2021-10-16 10:49:03,266] {standard_task_runner.py:76} INFO - Running: ['***', 'tasks', 'run', 'fourth_dag', 'get_gross_year_0', 'scheduled__2021-10-16T10:46:00+00:00', '--job-id', '81', '--raw', '--subdir', 'DAGS_FOLDER/fourth_dag.py', '--cfg-path', '/tmp/tmp3afsuwrn', '--error-file', '/tmp/tmpj03epo4i']
[2021-10-16 10:49:03,267] {standard_task_runner.py:77} INFO - Job 81: Subtask get_gross_year_0
[2021-10-16 10:49:03,261] {standard_task_runner.py:52} INFO - Started process 1414 to run task
[2021-10-16 10:49:03,327] {logging_mixin.py:109} INFO - Running <TaskInstance: fourth_dag.get_gross_year_0 scheduled__2021-10-16T10:46:00+00:00 [running]> on host e03fb9e01fd8
[2021-10-16 10:49:03,402] {taskinstance.py:1414} INFO - Exporting the following env vars:
AIRFLOW_CTX_DAG_OWNER=***
AIRFLOW_CTX_DAG_ID=fourth_dag
AIRFLOW_CTX_TASK_ID=get_gross_year_0
AIRFLOW_CTX_EXECUTION_DATE=2021-10-16T10:46:00+00:00
AIRFLOW_CTX_DAG_RUN_ID=scheduled__2021-10-16T10:46:00+00:00
[2021-10-16 10:49:03,415] {python.py:152} INFO - Done. Returned value was: ['$30.15 ', '2011\n']
[2021-10-16 10:49:03,474] {taskinstance.py:1280} INFO - Marking task as SUCCESS. dag_id=fourth_dag, task_id=get_gross_year_0, execution_date=20211016T104600, start_date=20211016T104903, end_date=20211016T104903
[2021-10-16 10:49:03,525] {local_task_job.py:154} INFO - Task exited with return code 0
[2021-10-16 10:49:03,575] {local_task_job.py:264} INFO - 0 downstream tasks scheduled from follow-on schedule check
