[2021-10-16 13:54:02,007] {taskinstance.py:1035} INFO - Dependencies all met for <TaskInstance: movie_chooser_dag.choose_movie_2 scheduled__2021-10-16T13:52:00+00:00 [queued]>
[2021-10-16 13:54:02,029] {taskinstance.py:1035} INFO - Dependencies all met for <TaskInstance: movie_chooser_dag.choose_movie_2 scheduled__2021-10-16T13:52:00+00:00 [queued]>
[2021-10-16 13:54:02,029] {taskinstance.py:1241} INFO - 
--------------------------------------------------------------------------------
[2021-10-16 13:54:02,029] {taskinstance.py:1242} INFO - Starting attempt 1 of 1
[2021-10-16 13:54:02,029] {taskinstance.py:1243} INFO - 
--------------------------------------------------------------------------------
[2021-10-16 13:54:02,087] {taskinstance.py:1262} INFO - Executing <Task(PythonOperator): choose_movie_2> on 2021-10-16 13:52:00+00:00
[2021-10-16 13:54:02,104] {standard_task_runner.py:76} INFO - Running: ['***', 'tasks', 'run', 'movie_chooser_dag', 'choose_movie_2', 'scheduled__2021-10-16T13:52:00+00:00', '--job-id', '729', '--raw', '--subdir', 'DAGS_FOLDER/third_dag.py', '--cfg-path', '/tmp/tmpjl8onwas', '--error-file', '/tmp/tmp1tuc89_l']
[2021-10-16 13:54:02,105] {standard_task_runner.py:77} INFO - Job 729: Subtask choose_movie_2
[2021-10-16 13:54:02,097] {standard_task_runner.py:52} INFO - Started process 3464 to run task
[2021-10-16 13:54:02,177] {logging_mixin.py:109} INFO - Running <TaskInstance: movie_chooser_dag.choose_movie_2 scheduled__2021-10-16T13:52:00+00:00 [running]> on host e03fb9e01fd8
[2021-10-16 13:54:02,261] {taskinstance.py:1414} INFO - Exporting the following env vars:
AIRFLOW_CTX_DAG_OWNER=***
AIRFLOW_CTX_DAG_ID=movie_chooser_dag
AIRFLOW_CTX_TASK_ID=choose_movie_2
AIRFLOW_CTX_EXECUTION_DATE=2021-10-16T13:52:00+00:00
AIRFLOW_CTX_DAG_RUN_ID=scheduled__2021-10-16T13:52:00+00:00
[2021-10-16 13:54:02,277] {python.py:152} INFO - Done. Returned value was: No Reservations,Comedy,Warner Bros.,64,3.307180357,39,$92.60 ,2007

[2021-10-16 13:54:02,315] {taskinstance.py:1280} INFO - Marking task as SUCCESS. dag_id=movie_chooser_dag, task_id=choose_movie_2, execution_date=20211016T135200, start_date=20211016T135402, end_date=20211016T135402
[2021-10-16 13:54:02,362] {local_task_job.py:154} INFO - Task exited with return code 0
[2021-10-16 13:54:02,427] {local_task_job.py:264} INFO - 1 downstream tasks scheduled from follow-on schedule check
