[2021-10-16 13:04:54,090] {taskinstance.py:1035} INFO - Dependencies all met for <TaskInstance: movie_chooser_dag.choose_movie_2 scheduled__2021-10-16T12:18:00+00:00 [queued]>
[2021-10-16 13:04:54,115] {taskinstance.py:1035} INFO - Dependencies all met for <TaskInstance: movie_chooser_dag.choose_movie_2 scheduled__2021-10-16T12:18:00+00:00 [queued]>
[2021-10-16 13:04:54,116] {taskinstance.py:1241} INFO - 
--------------------------------------------------------------------------------
[2021-10-16 13:04:54,116] {taskinstance.py:1242} INFO - Starting attempt 1 of 1
[2021-10-16 13:04:54,118] {taskinstance.py:1243} INFO - 
--------------------------------------------------------------------------------
[2021-10-16 13:04:54,148] {taskinstance.py:1262} INFO - Executing <Task(PythonOperator): choose_movie_2> on 2021-10-16 12:18:00+00:00
[2021-10-16 13:04:54,158] {standard_task_runner.py:52} INFO - Started process 435 to run task
[2021-10-16 13:04:54,169] {standard_task_runner.py:76} INFO - Running: ['***', 'tasks', 'run', 'movie_chooser_dag', 'choose_movie_2', 'scheduled__2021-10-16T12:18:00+00:00', '--job-id', '250', '--raw', '--subdir', 'DAGS_FOLDER/third_dag.py', '--cfg-path', '/tmp/tmpjbwgbgrv', '--error-file', '/tmp/tmpkqvz38sl']
[2021-10-16 13:04:54,169] {standard_task_runner.py:77} INFO - Job 250: Subtask choose_movie_2
[2021-10-16 13:04:54,255] {logging_mixin.py:109} INFO - Running <TaskInstance: movie_chooser_dag.choose_movie_2 scheduled__2021-10-16T12:18:00+00:00 [running]> on host e03fb9e01fd8
[2021-10-16 13:04:54,394] {taskinstance.py:1414} INFO - Exporting the following env vars:
AIRFLOW_CTX_DAG_OWNER=***
AIRFLOW_CTX_DAG_ID=movie_chooser_dag
AIRFLOW_CTX_TASK_ID=choose_movie_2
AIRFLOW_CTX_EXECUTION_DATE=2021-10-16T12:18:00+00:00
AIRFLOW_CTX_DAG_RUN_ID=scheduled__2021-10-16T12:18:00+00:00
[2021-10-16 13:04:54,432] {python.py:152} INFO - Done. Returned value was: Valentine's Day,Comedy,Warner Bros.,54,4.184038462,17,$217.57 ,2010

[2021-10-16 13:04:55,006] {taskinstance.py:1280} INFO - Marking task as SUCCESS. dag_id=movie_chooser_dag, task_id=choose_movie_2, execution_date=20211016T121800, start_date=20211016T130454, end_date=20211016T130455
[2021-10-16 13:04:55,096] {local_task_job.py:154} INFO - Task exited with return code 0
[2021-10-16 13:04:55,220] {local_task_job.py:264} INFO - 0 downstream tasks scheduled from follow-on schedule check
