[2021-10-16 13:45:03,714] {taskinstance.py:1035} INFO - Dependencies all met for <TaskInstance: fourth_dag.get_gross_year_1 scheduled__2021-10-16T13:42:00+00:00 [queued]>
[2021-10-16 13:45:03,739] {taskinstance.py:1035} INFO - Dependencies all met for <TaskInstance: fourth_dag.get_gross_year_1 scheduled__2021-10-16T13:42:00+00:00 [queued]>
[2021-10-16 13:45:03,739] {taskinstance.py:1241} INFO - 
--------------------------------------------------------------------------------
[2021-10-16 13:45:03,739] {taskinstance.py:1242} INFO - Starting attempt 1 of 1
[2021-10-16 13:45:03,739] {taskinstance.py:1243} INFO - 
--------------------------------------------------------------------------------
[2021-10-16 13:45:03,806] {taskinstance.py:1262} INFO - Executing <Task(PythonOperator): get_gross_year_1> on 2021-10-16 13:42:00+00:00
[2021-10-16 13:45:03,824] {standard_task_runner.py:76} INFO - Running: ['***', 'tasks', 'run', 'fourth_dag', 'get_gross_year_1', 'scheduled__2021-10-16T13:42:00+00:00', '--job-id', '697', '--raw', '--subdir', 'DAGS_FOLDER/fourth_dag.py', '--cfg-path', '/tmp/tmpsp3t1nqq', '--error-file', '/tmp/tmpk2566hp5']
[2021-10-16 13:45:03,825] {standard_task_runner.py:77} INFO - Job 697: Subtask get_gross_year_1
[2021-10-16 13:45:03,814] {standard_task_runner.py:52} INFO - Started process 3024 to run task
[2021-10-16 13:45:03,897] {logging_mixin.py:109} INFO - Running <TaskInstance: fourth_dag.get_gross_year_1 scheduled__2021-10-16T13:42:00+00:00 [running]> on host e03fb9e01fd8
[2021-10-16 13:45:03,991] {taskinstance.py:1414} INFO - Exporting the following env vars:
AIRFLOW_CTX_DAG_OWNER=***
AIRFLOW_CTX_DAG_ID=fourth_dag
AIRFLOW_CTX_TASK_ID=get_gross_year_1
AIRFLOW_CTX_EXECUTION_DATE=2021-10-16T13:42:00+00:00
AIRFLOW_CTX_DAG_RUN_ID=scheduled__2021-10-16T13:42:00+00:00
[2021-10-16 13:45:04,007] {python.py:152} INFO - Done. Returned value was: ['$252.04 ', '2008\n']
[2021-10-16 13:45:04,049] {taskinstance.py:1280} INFO - Marking task as SUCCESS. dag_id=fourth_dag, task_id=get_gross_year_1, execution_date=20211016T134200, start_date=20211016T134503, end_date=20211016T134504
[2021-10-16 13:45:04,095] {local_task_job.py:154} INFO - Task exited with return code 0
[2021-10-16 13:45:04,163] {local_task_job.py:264} INFO - 1 downstream tasks scheduled from follow-on schedule check
