[2021-10-16 10:39:03,846] {taskinstance.py:1035} INFO - Dependencies all met for <TaskInstance: fourth_dag.get_gross_year_1 scheduled__2021-10-16T10:36:00+00:00 [queued]>
[2021-10-16 10:39:03,888] {taskinstance.py:1035} INFO - Dependencies all met for <TaskInstance: fourth_dag.get_gross_year_1 scheduled__2021-10-16T10:36:00+00:00 [queued]>
[2021-10-16 10:39:03,888] {taskinstance.py:1241} INFO - 
--------------------------------------------------------------------------------
[2021-10-16 10:39:03,888] {taskinstance.py:1242} INFO - Starting attempt 1 of 1
[2021-10-16 10:39:03,888] {taskinstance.py:1243} INFO - 
--------------------------------------------------------------------------------
[2021-10-16 10:39:03,907] {taskinstance.py:1262} INFO - Executing <Task(PythonOperator): get_gross_year_1> on 2021-10-16 10:36:00+00:00
[2021-10-16 10:39:03,919] {standard_task_runner.py:76} INFO - Running: ['***', 'tasks', 'run', 'fourth_dag', 'get_gross_year_1', 'scheduled__2021-10-16T10:36:00+00:00', '--job-id', '47', '--raw', '--subdir', 'DAGS_FOLDER/fourth_dag.py', '--cfg-path', '/tmp/tmpw94e0vj8', '--error-file', '/tmp/tmp7663jehz']
[2021-10-16 10:39:03,920] {standard_task_runner.py:77} INFO - Job 47: Subtask get_gross_year_1
[2021-10-16 10:39:03,914] {standard_task_runner.py:52} INFO - Started process 910 to run task
[2021-10-16 10:39:03,984] {logging_mixin.py:109} INFO - Running <TaskInstance: fourth_dag.get_gross_year_1 scheduled__2021-10-16T10:36:00+00:00 [running]> on host e03fb9e01fd8
[2021-10-16 10:39:04,060] {taskinstance.py:1414} INFO - Exporting the following env vars:
AIRFLOW_CTX_DAG_OWNER=***
AIRFLOW_CTX_DAG_ID=fourth_dag
AIRFLOW_CTX_TASK_ID=get_gross_year_1
AIRFLOW_CTX_EXECUTION_DATE=2021-10-16T10:36:00+00:00
AIRFLOW_CTX_DAG_RUN_ID=scheduled__2021-10-16T10:36:00+00:00
[2021-10-16 10:39:04,073] {python.py:152} INFO - Done. Returned value was: ['$93.40 ', '2010\n']
[2021-10-16 10:39:04,109] {taskinstance.py:1280} INFO - Marking task as SUCCESS. dag_id=fourth_dag, task_id=get_gross_year_1, execution_date=20211016T103600, start_date=20211016T103903, end_date=20211016T103904
[2021-10-16 10:39:04,136] {local_task_job.py:154} INFO - Task exited with return code 0
[2021-10-16 10:39:04,190] {local_task_job.py:264} INFO - 0 downstream tasks scheduled from follow-on schedule check
