[2021-10-16 13:15:03,760] {taskinstance.py:1035} INFO - Dependencies all met for <TaskInstance: fourth_dag.get_gross_year_2 scheduled__2021-10-16T13:12:00+00:00 [queued]>
[2021-10-16 13:15:03,780] {taskinstance.py:1035} INFO - Dependencies all met for <TaskInstance: fourth_dag.get_gross_year_2 scheduled__2021-10-16T13:12:00+00:00 [queued]>
[2021-10-16 13:15:03,780] {taskinstance.py:1241} INFO - 
--------------------------------------------------------------------------------
[2021-10-16 13:15:03,780] {taskinstance.py:1242} INFO - Starting attempt 1 of 1
[2021-10-16 13:15:03,780] {taskinstance.py:1243} INFO - 
--------------------------------------------------------------------------------
[2021-10-16 13:15:03,844] {taskinstance.py:1262} INFO - Executing <Task(PythonOperator): get_gross_year_2> on 2021-10-16 13:12:00+00:00
[2021-10-16 13:15:03,856] {standard_task_runner.py:76} INFO - Running: ['***', 'tasks', 'run', 'fourth_dag', 'get_gross_year_2', 'scheduled__2021-10-16T13:12:00+00:00', '--job-id', '592', '--raw', '--subdir', 'DAGS_FOLDER/fourth_dag.py', '--cfg-path', '/tmp/tmps79id373', '--error-file', '/tmp/tmpfbfw6oac']
[2021-10-16 13:15:03,857] {standard_task_runner.py:77} INFO - Job 592: Subtask get_gross_year_2
[2021-10-16 13:15:03,851] {standard_task_runner.py:52} INFO - Started process 1544 to run task
[2021-10-16 13:15:03,921] {logging_mixin.py:109} INFO - Running <TaskInstance: fourth_dag.get_gross_year_2 scheduled__2021-10-16T13:12:00+00:00 [running]> on host e03fb9e01fd8
[2021-10-16 13:15:04,002] {taskinstance.py:1414} INFO - Exporting the following env vars:
AIRFLOW_CTX_DAG_OWNER=***
AIRFLOW_CTX_DAG_ID=fourth_dag
AIRFLOW_CTX_TASK_ID=get_gross_year_2
AIRFLOW_CTX_EXECUTION_DATE=2021-10-16T13:12:00+00:00
AIRFLOW_CTX_DAG_RUN_ID=scheduled__2021-10-16T13:12:00+00:00
[2021-10-16 13:15:04,015] {python.py:152} INFO - Done. Returned value was: ['$92.60 ', '2007\n']
[2021-10-16 13:15:04,067] {taskinstance.py:1280} INFO - Marking task as SUCCESS. dag_id=fourth_dag, task_id=get_gross_year_2, execution_date=20211016T131200, start_date=20211016T131503, end_date=20211016T131504
[2021-10-16 13:15:04,114] {local_task_job.py:154} INFO - Task exited with return code 0
[2021-10-16 13:15:04,189] {local_task_job.py:264} INFO - 0 downstream tasks scheduled from follow-on schedule check
