[2021-10-16 10:24:10,936] {taskinstance.py:1035} INFO - Dependencies all met for <TaskInstance: second_dag.choose_movie_2 scheduled__2021-10-15T10:23:52.989357+00:00 [queued]>
[2021-10-16 10:24:10,969] {taskinstance.py:1035} INFO - Dependencies all met for <TaskInstance: second_dag.choose_movie_2 scheduled__2021-10-15T10:23:52.989357+00:00 [queued]>
[2021-10-16 10:24:10,969] {taskinstance.py:1241} INFO - 
--------------------------------------------------------------------------------
[2021-10-16 10:24:10,969] {taskinstance.py:1242} INFO - Starting attempt 1 of 1
[2021-10-16 10:24:10,970] {taskinstance.py:1243} INFO - 
--------------------------------------------------------------------------------
[2021-10-16 10:24:10,993] {taskinstance.py:1262} INFO - Executing <Task(PythonOperator): choose_movie_2> on 2021-10-15 10:23:52.989357+00:00
[2021-10-16 10:24:11,005] {standard_task_runner.py:76} INFO - Running: ['***', 'tasks', 'run', 'second_dag', 'choose_movie_2', 'scheduled__2021-10-15T10:23:52.989357+00:00', '--job-id', '6', '--raw', '--subdir', 'DAGS_FOLDER/second_dag.py', '--cfg-path', '/tmp/tmpsqwqvjx0', '--error-file', '/tmp/tmpi7ykypx2']
[2021-10-16 10:24:11,006] {standard_task_runner.py:77} INFO - Job 6: Subtask choose_movie_2
[2021-10-16 10:24:11,000] {standard_task_runner.py:52} INFO - Started process 180 to run task
[2021-10-16 10:24:11,068] {logging_mixin.py:109} INFO - Running <TaskInstance: second_dag.choose_movie_2 scheduled__2021-10-15T10:23:52.989357+00:00 [running]> on host e03fb9e01fd8
[2021-10-16 10:24:11,144] {taskinstance.py:1414} INFO - Exporting the following env vars:
AIRFLOW_CTX_DAG_OWNER=***
AIRFLOW_CTX_DAG_ID=second_dag
AIRFLOW_CTX_TASK_ID=choose_movie_2
AIRFLOW_CTX_EXECUTION_DATE=2021-10-15T10:23:52.989357+00:00
AIRFLOW_CTX_DAG_RUN_ID=scheduled__2021-10-15T10:23:52.989357+00:00
[2021-10-16 10:24:11,145] {logging_mixin.py:109} INFO - Jane Eyre,Romance,Universal,77,0,85,$30.15 ,2011
[2021-10-16 10:24:11,145] {logging_mixin.py:109} INFO - 
[2021-10-16 10:24:11,145] {python.py:152} INFO - Done. Returned value was: Jane Eyre,Romance,Universal,77,0,85,$30.15 ,2011

[2021-10-16 10:24:11,182] {taskinstance.py:1280} INFO - Marking task as SUCCESS. dag_id=second_dag, task_id=choose_movie_2, execution_date=20211015T102352, start_date=20211016T102410, end_date=20211016T102411
[2021-10-16 10:24:11,221] {local_task_job.py:154} INFO - Task exited with return code 0
[2021-10-16 10:24:11,285] {local_task_job.py:264} INFO - 0 downstream tasks scheduled from follow-on schedule check
