[2021-10-16 13:40:02,996] {taskinstance.py:1035} INFO - Dependencies all met for <TaskInstance: movie_chooser_dag.choose_movie_1 scheduled__2021-10-16T13:38:00+00:00 [queued]>
[2021-10-16 13:40:03,022] {taskinstance.py:1035} INFO - Dependencies all met for <TaskInstance: movie_chooser_dag.choose_movie_1 scheduled__2021-10-16T13:38:00+00:00 [queued]>
[2021-10-16 13:40:03,022] {taskinstance.py:1241} INFO - 
--------------------------------------------------------------------------------
[2021-10-16 13:40:03,022] {taskinstance.py:1242} INFO - Starting attempt 1 of 1
[2021-10-16 13:40:03,022] {taskinstance.py:1243} INFO - 
--------------------------------------------------------------------------------
[2021-10-16 13:40:03,081] {taskinstance.py:1262} INFO - Executing <Task(PythonOperator): choose_movie_1> on 2021-10-16 13:38:00+00:00
[2021-10-16 13:40:03,095] {standard_task_runner.py:76} INFO - Running: ['***', 'tasks', 'run', 'movie_chooser_dag', 'choose_movie_1', 'scheduled__2021-10-16T13:38:00+00:00', '--job-id', '681', '--raw', '--subdir', 'DAGS_FOLDER/third_dag.py', '--cfg-path', '/tmp/tmp79z56str', '--error-file', '/tmp/tmp6hfe6if8']
[2021-10-16 13:40:03,096] {standard_task_runner.py:77} INFO - Job 681: Subtask choose_movie_1
[2021-10-16 13:40:03,089] {standard_task_runner.py:52} INFO - Started process 2781 to run task
[2021-10-16 13:40:03,176] {logging_mixin.py:109} INFO - Running <TaskInstance: movie_chooser_dag.choose_movie_1 scheduled__2021-10-16T13:38:00+00:00 [running]> on host e03fb9e01fd8
[2021-10-16 13:40:03,289] {taskinstance.py:1414} INFO - Exporting the following env vars:
AIRFLOW_CTX_DAG_OWNER=***
AIRFLOW_CTX_DAG_ID=movie_chooser_dag
AIRFLOW_CTX_TASK_ID=choose_movie_1
AIRFLOW_CTX_EXECUTION_DATE=2021-10-16T13:38:00+00:00
AIRFLOW_CTX_DAG_RUN_ID=scheduled__2021-10-16T13:38:00+00:00
[2021-10-16 13:40:03,317] {python.py:152} INFO - Done. Returned value was: No Reservations,Comedy,Warner Bros.,64,3.307180357,39,$92.60 ,2007

[2021-10-16 13:40:03,356] {taskinstance.py:1280} INFO - Marking task as SUCCESS. dag_id=movie_chooser_dag, task_id=choose_movie_1, execution_date=20211016T133800, start_date=20211016T134002, end_date=20211016T134003
[2021-10-16 13:40:03,396] {local_task_job.py:154} INFO - Task exited with return code 0
[2021-10-16 13:40:03,456] {local_task_job.py:264} INFO - 0 downstream tasks scheduled from follow-on schedule check
