[2021-10-16 13:04:38,562] {taskinstance.py:1035} INFO - Dependencies all met for <TaskInstance: movie_chooser_dag.choose_movie_1 scheduled__2021-10-16T11:50:00+00:00 [queued]>
[2021-10-16 13:04:38,584] {taskinstance.py:1035} INFO - Dependencies all met for <TaskInstance: movie_chooser_dag.choose_movie_1 scheduled__2021-10-16T11:50:00+00:00 [queued]>
[2021-10-16 13:04:38,584] {taskinstance.py:1241} INFO - 
--------------------------------------------------------------------------------
[2021-10-16 13:04:38,585] {taskinstance.py:1242} INFO - Starting attempt 1 of 1
[2021-10-16 13:04:38,585] {taskinstance.py:1243} INFO - 
--------------------------------------------------------------------------------
[2021-10-16 13:04:38,612] {taskinstance.py:1262} INFO - Executing <Task(PythonOperator): choose_movie_1> on 2021-10-16 11:50:00+00:00
[2021-10-16 13:04:38,625] {standard_task_runner.py:76} INFO - Running: ['***', 'tasks', 'run', 'movie_chooser_dag', 'choose_movie_1', 'scheduled__2021-10-16T11:50:00+00:00', '--job-id', '203', '--raw', '--subdir', 'DAGS_FOLDER/third_dag.py', '--cfg-path', '/tmp/tmp3yq7cwxz', '--error-file', '/tmp/tmpbjp0cvnl']
[2021-10-16 13:04:38,626] {standard_task_runner.py:77} INFO - Job 203: Subtask choose_movie_1
[2021-10-16 13:04:38,620] {standard_task_runner.py:52} INFO - Started process 330 to run task
[2021-10-16 13:04:38,689] {logging_mixin.py:109} INFO - Running <TaskInstance: movie_chooser_dag.choose_movie_1 scheduled__2021-10-16T11:50:00+00:00 [running]> on host e03fb9e01fd8
[2021-10-16 13:04:38,765] {taskinstance.py:1414} INFO - Exporting the following env vars:
AIRFLOW_CTX_DAG_OWNER=***
AIRFLOW_CTX_DAG_ID=movie_chooser_dag
AIRFLOW_CTX_TASK_ID=choose_movie_1
AIRFLOW_CTX_EXECUTION_DATE=2021-10-16T11:50:00+00:00
AIRFLOW_CTX_DAG_RUN_ID=scheduled__2021-10-16T11:50:00+00:00
[2021-10-16 13:04:38,782] {python.py:152} INFO - Done. Returned value was: 27 Dresses,Comedy,Fox,71,5.3436218,40,$160.31 ,2008

[2021-10-16 13:04:39,110] {taskinstance.py:1280} INFO - Marking task as SUCCESS. dag_id=movie_chooser_dag, task_id=choose_movie_1, execution_date=20211016T115000, start_date=20211016T130438, end_date=20211016T130439
[2021-10-16 13:04:39,164] {local_task_job.py:154} INFO - Task exited with return code 0
[2021-10-16 13:04:39,227] {local_task_job.py:264} INFO - 1 downstream tasks scheduled from follow-on schedule check
