[2021-10-16 13:05:42,848] {taskinstance.py:1035} INFO - Dependencies all met for <TaskInstance: movie_chooser_dag.choose_movie_2 scheduled__2021-10-16T12:58:00+00:00 [queued]>
[2021-10-16 13:05:43,028] {taskinstance.py:1035} INFO - Dependencies all met for <TaskInstance: movie_chooser_dag.choose_movie_2 scheduled__2021-10-16T12:58:00+00:00 [queued]>
[2021-10-16 13:05:43,028] {taskinstance.py:1241} INFO - 
--------------------------------------------------------------------------------
[2021-10-16 13:05:43,028] {taskinstance.py:1242} INFO - Starting attempt 1 of 1
[2021-10-16 13:05:43,029] {taskinstance.py:1243} INFO - 
--------------------------------------------------------------------------------
[2021-10-16 13:05:43,198] {taskinstance.py:1262} INFO - Executing <Task(PythonOperator): choose_movie_2> on 2021-10-16 12:58:00+00:00
[2021-10-16 13:05:43,254] {standard_task_runner.py:76} INFO - Running: ['***', 'tasks', 'run', 'movie_chooser_dag', 'choose_movie_2', 'scheduled__2021-10-16T12:58:00+00:00', '--job-id', '474', '--raw', '--subdir', 'DAGS_FOLDER/third_dag.py', '--cfg-path', '/tmp/tmp1xjmq1pc', '--error-file', '/tmp/tmpw9yu6fih']
[2021-10-16 13:05:43,255] {standard_task_runner.py:77} INFO - Job 474: Subtask choose_movie_2
[2021-10-16 13:05:43,234] {standard_task_runner.py:52} INFO - Started process 921 to run task
[2021-10-16 13:05:43,502] {logging_mixin.py:109} INFO - Running <TaskInstance: movie_chooser_dag.choose_movie_2 scheduled__2021-10-16T12:58:00+00:00 [running]> on host e03fb9e01fd8
[2021-10-16 13:05:44,024] {taskinstance.py:1414} INFO - Exporting the following env vars:
AIRFLOW_CTX_DAG_OWNER=***
AIRFLOW_CTX_DAG_ID=movie_chooser_dag
AIRFLOW_CTX_TASK_ID=choose_movie_2
AIRFLOW_CTX_EXECUTION_DATE=2021-10-16T12:58:00+00:00
AIRFLOW_CTX_DAG_RUN_ID=scheduled__2021-10-16T12:58:00+00:00
[2021-10-16 13:05:44,088] {python.py:152} INFO - Done. Returned value was: Youth in Revolt,Comedy,The Weinstein Company,52,1.09,68,$19.62 ,2010

[2021-10-16 13:05:44,188] {taskinstance.py:1280} INFO - Marking task as SUCCESS. dag_id=movie_chooser_dag, task_id=choose_movie_2, execution_date=20211016T125800, start_date=20211016T130542, end_date=20211016T130544
[2021-10-16 13:05:44,303] {local_task_job.py:154} INFO - Task exited with return code 0
[2021-10-16 13:05:44,802] {local_task_job.py:264} INFO - 0 downstream tasks scheduled from follow-on schedule check
