[2021-10-16 10:34:02,455] {taskinstance.py:1035} INFO - Dependencies all met for <TaskInstance: movie_chooser_dag.choose_movie_1 scheduled__2021-10-16T10:32:00+00:00 [queued]>
[2021-10-16 10:34:02,491] {taskinstance.py:1035} INFO - Dependencies all met for <TaskInstance: movie_chooser_dag.choose_movie_1 scheduled__2021-10-16T10:32:00+00:00 [queued]>
[2021-10-16 10:34:02,492] {taskinstance.py:1241} INFO - 
--------------------------------------------------------------------------------
[2021-10-16 10:34:02,492] {taskinstance.py:1242} INFO - Starting attempt 1 of 1
[2021-10-16 10:34:02,492] {taskinstance.py:1243} INFO - 
--------------------------------------------------------------------------------
[2021-10-16 10:34:02,513] {taskinstance.py:1262} INFO - Executing <Task(PythonOperator): choose_movie_1> on 2021-10-16 10:32:00+00:00
[2021-10-16 10:34:02,525] {standard_task_runner.py:76} INFO - Running: ['***', 'tasks', 'run', 'movie_chooser_dag', 'choose_movie_1', 'scheduled__2021-10-16T10:32:00+00:00', '--job-id', '25', '--raw', '--subdir', 'DAGS_FOLDER/third_dag.py', '--cfg-path', '/tmp/tmpouj6apjl', '--error-file', '/tmp/tmp8fk7h77i']
[2021-10-16 10:34:02,526] {standard_task_runner.py:77} INFO - Job 25: Subtask choose_movie_1
[2021-10-16 10:34:02,521] {standard_task_runner.py:52} INFO - Started process 643 to run task
[2021-10-16 10:34:02,584] {logging_mixin.py:109} INFO - Running <TaskInstance: movie_chooser_dag.choose_movie_1 scheduled__2021-10-16T10:32:00+00:00 [running]> on host e03fb9e01fd8
[2021-10-16 10:34:02,660] {taskinstance.py:1414} INFO - Exporting the following env vars:
AIRFLOW_CTX_DAG_OWNER=***
AIRFLOW_CTX_DAG_ID=movie_chooser_dag
AIRFLOW_CTX_TASK_ID=choose_movie_1
AIRFLOW_CTX_EXECUTION_DATE=2021-10-16T10:32:00+00:00
AIRFLOW_CTX_DAG_RUN_ID=scheduled__2021-10-16T10:32:00+00:00
[2021-10-16 10:34:02,676] {python.py:152} INFO - Done. Returned value was: Jane Eyre,Romance,Universal,77,0,85,$30.15 ,2011

[2021-10-16 10:34:02,731] {taskinstance.py:1280} INFO - Marking task as SUCCESS. dag_id=movie_chooser_dag, task_id=choose_movie_1, execution_date=20211016T103200, start_date=20211016T103402, end_date=20211016T103402
[2021-10-16 10:34:02,783] {local_task_job.py:154} INFO - Task exited with return code 0
[2021-10-16 10:34:02,852] {local_task_job.py:264} INFO - 0 downstream tasks scheduled from follow-on schedule check
