[2021-10-16 13:56:02,573] {taskinstance.py:1035} INFO - Dependencies all met for <TaskInstance: fourth_dag.wait_movie_to_be_choosen scheduled__2021-10-16T13:54:00+00:00 [queued]>
[2021-10-16 13:56:02,607] {taskinstance.py:1035} INFO - Dependencies all met for <TaskInstance: fourth_dag.wait_movie_to_be_choosen scheduled__2021-10-16T13:54:00+00:00 [queued]>
[2021-10-16 13:56:02,607] {taskinstance.py:1241} INFO - 
--------------------------------------------------------------------------------
[2021-10-16 13:56:02,607] {taskinstance.py:1242} INFO - Starting attempt 1 of 1
[2021-10-16 13:56:02,607] {taskinstance.py:1243} INFO - 
--------------------------------------------------------------------------------
[2021-10-16 13:56:02,673] {taskinstance.py:1262} INFO - Executing <Task(ExternalTaskSensor): wait_movie_to_be_choosen> on 2021-10-16 13:54:00+00:00
[2021-10-16 13:56:02,696] {standard_task_runner.py:76} INFO - Running: ['***', 'tasks', 'run', 'fourth_dag', 'wait_movie_to_be_choosen', 'scheduled__2021-10-16T13:54:00+00:00', '--job-id', '737', '--raw', '--subdir', 'DAGS_FOLDER/fourth_dag.py', '--cfg-path', '/tmp/tmpus3iqq5p', '--error-file', '/tmp/tmplcm6dc6x']
[2021-10-16 13:56:02,685] {standard_task_runner.py:52} INFO - Started process 3561 to run task
[2021-10-16 13:56:02,697] {standard_task_runner.py:77} INFO - Job 737: Subtask wait_movie_to_be_choosen
[2021-10-16 13:56:02,798] {logging_mixin.py:109} INFO - Running <TaskInstance: fourth_dag.wait_movie_to_be_choosen scheduled__2021-10-16T13:54:00+00:00 [running]> on host e03fb9e01fd8
[2021-10-16 13:56:02,938] {taskinstance.py:1414} INFO - Exporting the following env vars:
AIRFLOW_CTX_DAG_OWNER=***
AIRFLOW_CTX_DAG_ID=fourth_dag
AIRFLOW_CTX_TASK_ID=wait_movie_to_be_choosen
AIRFLOW_CTX_EXECUTION_DATE=2021-10-16T13:54:00+00:00
AIRFLOW_CTX_DAG_RUN_ID=scheduled__2021-10-16T13:54:00+00:00
[2021-10-16 13:56:02,941] {warnings.py:99} WARNING - /home/***/.local/lib/python3.6/site-packages/***/models/taskinstance.py:1917: DeprecationWarning: Accessing 'execution_date' from the template is deprecated and will be removed in a future version. Please use 'data_interval_start' instead.
  warnings.warn(message, DeprecationWarning)

[2021-10-16 13:56:02,941] {external_task.py:173} INFO - Poking for tasks None in dag movie_chooser_dag on 2021-10-16T13:54:00+00:00 ... 
