[2021-10-16 13:05:44,085] {taskinstance.py:1035} INFO - Dependencies all met for <TaskInstance: fourth_dag.get_gross_year_1 scheduled__2021-10-16T12:24:00+00:00 [queued]>
[2021-10-16 13:05:44,248] {taskinstance.py:1035} INFO - Dependencies all met for <TaskInstance: fourth_dag.get_gross_year_1 scheduled__2021-10-16T12:24:00+00:00 [queued]>
[2021-10-16 13:05:44,248] {taskinstance.py:1241} INFO - 
--------------------------------------------------------------------------------
[2021-10-16 13:05:44,248] {taskinstance.py:1242} INFO - Starting attempt 1 of 1
[2021-10-16 13:05:44,249] {taskinstance.py:1243} INFO - 
--------------------------------------------------------------------------------
[2021-10-16 13:05:44,404] {taskinstance.py:1262} INFO - Executing <Task(PythonOperator): get_gross_year_1> on 2021-10-16 12:24:00+00:00
[2021-10-16 13:05:44,444] {standard_task_runner.py:76} INFO - Running: ['***', 'tasks', 'run', 'fourth_dag', 'get_gross_year_1', 'scheduled__2021-10-16T12:24:00+00:00', '--job-id', '479', '--raw', '--subdir', 'DAGS_FOLDER/fourth_dag.py', '--cfg-path', '/tmp/tmpt4svc_ux', '--error-file', '/tmp/tmp3ephbq9t']
[2021-10-16 13:05:44,445] {standard_task_runner.py:77} INFO - Job 479: Subtask get_gross_year_1
[2021-10-16 13:05:44,432] {standard_task_runner.py:52} INFO - Started process 928 to run task
[2021-10-16 13:05:44,639] {logging_mixin.py:109} INFO - Running <TaskInstance: fourth_dag.get_gross_year_1 scheduled__2021-10-16T12:24:00+00:00 [running]> on host e03fb9e01fd8
[2021-10-16 13:05:44,901] {taskinstance.py:1414} INFO - Exporting the following env vars:
AIRFLOW_CTX_DAG_OWNER=***
AIRFLOW_CTX_DAG_ID=fourth_dag
AIRFLOW_CTX_TASK_ID=get_gross_year_1
AIRFLOW_CTX_EXECUTION_DATE=2021-10-16T12:24:00+00:00
AIRFLOW_CTX_DAG_RUN_ID=scheduled__2021-10-16T12:24:00+00:00
[2021-10-16 13:05:44,988] {python.py:152} INFO - Done. Returned value was: ['$30.15 ', '2011\n']
[2021-10-16 13:05:45,378] {taskinstance.py:1280} INFO - Marking task as SUCCESS. dag_id=fourth_dag, task_id=get_gross_year_1, execution_date=20211016T122400, start_date=20211016T130544, end_date=20211016T130545
[2021-10-16 13:05:45,629] {local_task_job.py:154} INFO - Task exited with return code 0
[2021-10-16 13:05:45,953] {local_task_job.py:264} INFO - 0 downstream tasks scheduled from follow-on schedule check
