[2021-10-16 13:04:23,670] {taskinstance.py:1035} INFO - Dependencies all met for <TaskInstance: movie_chooser_dag.choose_movie_0 scheduled__2021-10-16T11:30:00+00:00 [queued]>
[2021-10-16 13:04:23,705] {taskinstance.py:1035} INFO - Dependencies all met for <TaskInstance: movie_chooser_dag.choose_movie_0 scheduled__2021-10-16T11:30:00+00:00 [queued]>
[2021-10-16 13:04:23,706] {taskinstance.py:1241} INFO - 
--------------------------------------------------------------------------------
[2021-10-16 13:04:23,706] {taskinstance.py:1242} INFO - Starting attempt 1 of 1
[2021-10-16 13:04:23,706] {taskinstance.py:1243} INFO - 
--------------------------------------------------------------------------------
[2021-10-16 13:04:23,745] {taskinstance.py:1262} INFO - Executing <Task(PythonOperator): choose_movie_0> on 2021-10-16 11:30:00+00:00
[2021-10-16 13:04:23,756] {standard_task_runner.py:52} INFO - Started process 255 to run task
[2021-10-16 13:04:23,764] {standard_task_runner.py:76} INFO - Running: ['***', 'tasks', 'run', 'movie_chooser_dag', 'choose_movie_0', 'scheduled__2021-10-16T11:30:00+00:00', '--job-id', '167', '--raw', '--subdir', 'DAGS_FOLDER/third_dag.py', '--cfg-path', '/tmp/tmpwik08rv6', '--error-file', '/tmp/tmp9lfurn1e']
[2021-10-16 13:04:23,765] {standard_task_runner.py:77} INFO - Job 167: Subtask choose_movie_0
[2021-10-16 13:04:23,847] {logging_mixin.py:109} INFO - Running <TaskInstance: movie_chooser_dag.choose_movie_0 scheduled__2021-10-16T11:30:00+00:00 [running]> on host e03fb9e01fd8
[2021-10-16 13:04:23,955] {taskinstance.py:1414} INFO - Exporting the following env vars:
AIRFLOW_CTX_DAG_OWNER=***
AIRFLOW_CTX_DAG_ID=movie_chooser_dag
AIRFLOW_CTX_TASK_ID=choose_movie_0
AIRFLOW_CTX_EXECUTION_DATE=2021-10-16T11:30:00+00:00
AIRFLOW_CTX_DAG_RUN_ID=scheduled__2021-10-16T11:30:00+00:00
[2021-10-16 13:04:23,981] {python.py:152} INFO - Done. Returned value was: 27 Dresses,Comedy,Fox,71,5.3436218,40,$160.31 ,2008

[2021-10-16 13:04:24,034] {taskinstance.py:1280} INFO - Marking task as SUCCESS. dag_id=movie_chooser_dag, task_id=choose_movie_0, execution_date=20211016T113000, start_date=20211016T130423, end_date=20211016T130424
[2021-10-16 13:04:24,113] {local_task_job.py:154} INFO - Task exited with return code 0
[2021-10-16 13:04:24,199] {local_task_job.py:264} INFO - 0 downstream tasks scheduled from follow-on schedule check
