[2021-10-16 13:53:04,272] {taskinstance.py:1035} INFO - Dependencies all met for <TaskInstance: fourth_dag.get_gross_year_0 scheduled__2021-10-16T13:50:00+00:00 [queued]>
[2021-10-16 13:53:04,295] {taskinstance.py:1035} INFO - Dependencies all met for <TaskInstance: fourth_dag.get_gross_year_0 scheduled__2021-10-16T13:50:00+00:00 [queued]>
[2021-10-16 13:53:04,295] {taskinstance.py:1241} INFO - 
--------------------------------------------------------------------------------
[2021-10-16 13:53:04,295] {taskinstance.py:1242} INFO - Starting attempt 1 of 1
[2021-10-16 13:53:04,295] {taskinstance.py:1243} INFO - 
--------------------------------------------------------------------------------
[2021-10-16 13:53:04,362] {taskinstance.py:1262} INFO - Executing <Task(PythonOperator): get_gross_year_0> on 2021-10-16 13:50:00+00:00
[2021-10-16 13:53:04,376] {standard_task_runner.py:76} INFO - Running: ['***', 'tasks', 'run', 'fourth_dag', 'get_gross_year_0', 'scheduled__2021-10-16T13:50:00+00:00', '--job-id', '726', '--raw', '--subdir', 'DAGS_FOLDER/fourth_dag.py', '--cfg-path', '/tmp/tmptyxt7aok', '--error-file', '/tmp/tmpfi1s89kn']
[2021-10-16 13:53:04,377] {standard_task_runner.py:77} INFO - Job 726: Subtask get_gross_year_0
[2021-10-16 13:53:04,371] {standard_task_runner.py:52} INFO - Started process 3411 to run task
[2021-10-16 13:53:04,448] {logging_mixin.py:109} INFO - Running <TaskInstance: fourth_dag.get_gross_year_0 scheduled__2021-10-16T13:50:00+00:00 [running]> on host e03fb9e01fd8
[2021-10-16 13:53:04,527] {taskinstance.py:1414} INFO - Exporting the following env vars:
AIRFLOW_CTX_DAG_OWNER=***
AIRFLOW_CTX_DAG_ID=fourth_dag
AIRFLOW_CTX_TASK_ID=get_gross_year_0
AIRFLOW_CTX_EXECUTION_DATE=2021-10-16T13:50:00+00:00
AIRFLOW_CTX_DAG_RUN_ID=scheduled__2021-10-16T13:50:00+00:00
[2021-10-16 13:53:04,541] {python.py:152} INFO - Done. Returned value was: ['$42.05 ', '2010\n']
[2021-10-16 13:53:04,580] {taskinstance.py:1280} INFO - Marking task as SUCCESS. dag_id=fourth_dag, task_id=get_gross_year_0, execution_date=20211016T135000, start_date=20211016T135304, end_date=20211016T135304
[2021-10-16 13:53:04,635] {local_task_job.py:154} INFO - Task exited with return code 0
[2021-10-16 13:53:04,704] {local_task_job.py:264} INFO - 1 downstream tasks scheduled from follow-on schedule check
