[2021-10-16 13:46:01,989] {taskinstance.py:1035} INFO - Dependencies all met for <TaskInstance: movie_chooser_dag.choose_movie_1 scheduled__2021-10-16T13:44:00+00:00 [queued]>
[2021-10-16 13:46:02,010] {taskinstance.py:1035} INFO - Dependencies all met for <TaskInstance: movie_chooser_dag.choose_movie_1 scheduled__2021-10-16T13:44:00+00:00 [queued]>
[2021-10-16 13:46:02,010] {taskinstance.py:1241} INFO - 
--------------------------------------------------------------------------------
[2021-10-16 13:46:02,011] {taskinstance.py:1242} INFO - Starting attempt 1 of 1
[2021-10-16 13:46:02,011] {taskinstance.py:1243} INFO - 
--------------------------------------------------------------------------------
[2021-10-16 13:46:02,067] {taskinstance.py:1262} INFO - Executing <Task(PythonOperator): choose_movie_1> on 2021-10-16 13:44:00+00:00
[2021-10-16 13:46:02,078] {standard_task_runner.py:52} INFO - Started process 3073 to run task
[2021-10-16 13:46:02,094] {standard_task_runner.py:76} INFO - Running: ['***', 'tasks', 'run', 'movie_chooser_dag', 'choose_movie_1', 'scheduled__2021-10-16T13:44:00+00:00', '--job-id', '701', '--raw', '--subdir', 'DAGS_FOLDER/third_dag.py', '--cfg-path', '/tmp/tmp8571eyae', '--error-file', '/tmp/tmpx6jl6t8d']
[2021-10-16 13:46:02,095] {standard_task_runner.py:77} INFO - Job 701: Subtask choose_movie_1
[2021-10-16 13:46:02,163] {logging_mixin.py:109} INFO - Running <TaskInstance: movie_chooser_dag.choose_movie_1 scheduled__2021-10-16T13:44:00+00:00 [running]> on host e03fb9e01fd8
[2021-10-16 13:46:02,256] {taskinstance.py:1414} INFO - Exporting the following env vars:
AIRFLOW_CTX_DAG_OWNER=***
AIRFLOW_CTX_DAG_ID=movie_chooser_dag
AIRFLOW_CTX_TASK_ID=choose_movie_1
AIRFLOW_CTX_EXECUTION_DATE=2021-10-16T13:44:00+00:00
AIRFLOW_CTX_DAG_RUN_ID=scheduled__2021-10-16T13:44:00+00:00
[2021-10-16 13:46:02,282] {python.py:152} INFO - Done. Returned value was: No Reservations,Comedy,Warner Bros.,64,3.307180357,39,$92.60 ,2007

[2021-10-16 13:46:02,323] {taskinstance.py:1280} INFO - Marking task as SUCCESS. dag_id=movie_chooser_dag, task_id=choose_movie_1, execution_date=20211016T134400, start_date=20211016T134601, end_date=20211016T134602
[2021-10-16 13:46:02,385] {local_task_job.py:154} INFO - Task exited with return code 0
[2021-10-16 13:46:02,442] {local_task_job.py:264} INFO - 0 downstream tasks scheduled from follow-on schedule check
