[2021-10-16 13:05:48,646] {taskinstance.py:1035} INFO - Dependencies all met for <TaskInstance: fourth_dag.get_gross_year_1 scheduled__2021-10-16T12:30:00+00:00 [queued]>
[2021-10-16 13:05:48,742] {taskinstance.py:1035} INFO - Dependencies all met for <TaskInstance: fourth_dag.get_gross_year_1 scheduled__2021-10-16T12:30:00+00:00 [queued]>
[2021-10-16 13:05:48,742] {taskinstance.py:1241} INFO - 
--------------------------------------------------------------------------------
[2021-10-16 13:05:48,742] {taskinstance.py:1242} INFO - Starting attempt 1 of 1
[2021-10-16 13:05:48,743] {taskinstance.py:1243} INFO - 
--------------------------------------------------------------------------------
[2021-10-16 13:05:49,100] {taskinstance.py:1262} INFO - Executing <Task(PythonOperator): get_gross_year_1> on 2021-10-16 12:30:00+00:00
[2021-10-16 13:05:49,131] {standard_task_runner.py:52} INFO - Started process 960 to run task
[2021-10-16 13:05:49,147] {standard_task_runner.py:76} INFO - Running: ['***', 'tasks', 'run', 'fourth_dag', 'get_gross_year_1', 'scheduled__2021-10-16T12:30:00+00:00', '--job-id', '494', '--raw', '--subdir', 'DAGS_FOLDER/fourth_dag.py', '--cfg-path', '/tmp/tmptcdhsxmz', '--error-file', '/tmp/tmpcny2uj0q']
[2021-10-16 13:05:49,185] {standard_task_runner.py:77} INFO - Job 494: Subtask get_gross_year_1
[2021-10-16 13:05:49,373] {logging_mixin.py:109} INFO - Running <TaskInstance: fourth_dag.get_gross_year_1 scheduled__2021-10-16T12:30:00+00:00 [running]> on host e03fb9e01fd8
[2021-10-16 13:05:49,556] {taskinstance.py:1414} INFO - Exporting the following env vars:
AIRFLOW_CTX_DAG_OWNER=***
AIRFLOW_CTX_DAG_ID=fourth_dag
AIRFLOW_CTX_TASK_ID=get_gross_year_1
AIRFLOW_CTX_EXECUTION_DATE=2021-10-16T12:30:00+00:00
AIRFLOW_CTX_DAG_RUN_ID=scheduled__2021-10-16T12:30:00+00:00
[2021-10-16 13:05:49,578] {python.py:152} INFO - Done. Returned value was: ['$30.15 ', '2011\n']
[2021-10-16 13:05:49,829] {taskinstance.py:1280} INFO - Marking task as SUCCESS. dag_id=fourth_dag, task_id=get_gross_year_1, execution_date=20211016T123000, start_date=20211016T130548, end_date=20211016T130549
[2021-10-16 13:05:49,955] {local_task_job.py:154} INFO - Task exited with return code 0
[2021-10-16 13:05:50,131] {local_task_job.py:264} INFO - 0 downstream tasks scheduled from follow-on schedule check
