[2021-10-16 10:36:01,776] {taskinstance.py:1035} INFO - Dependencies all met for <TaskInstance: movie_chooser_dag.choose_movie_2 scheduled__2021-10-16T10:34:00+00:00 [queued]>
[2021-10-16 10:36:01,810] {taskinstance.py:1035} INFO - Dependencies all met for <TaskInstance: movie_chooser_dag.choose_movie_2 scheduled__2021-10-16T10:34:00+00:00 [queued]>
[2021-10-16 10:36:01,810] {taskinstance.py:1241} INFO - 
--------------------------------------------------------------------------------
[2021-10-16 10:36:01,810] {taskinstance.py:1242} INFO - Starting attempt 1 of 1
[2021-10-16 10:36:01,810] {taskinstance.py:1243} INFO - 
--------------------------------------------------------------------------------
[2021-10-16 10:36:01,843] {taskinstance.py:1262} INFO - Executing <Task(PythonOperator): choose_movie_2> on 2021-10-16 10:34:00+00:00
[2021-10-16 10:36:01,861] {standard_task_runner.py:76} INFO - Running: ['***', 'tasks', 'run', 'movie_chooser_dag', 'choose_movie_2', 'scheduled__2021-10-16T10:34:00+00:00', '--job-id', '30', '--raw', '--subdir', 'DAGS_FOLDER/third_dag.py', '--cfg-path', '/tmp/tmpzhnktww2', '--error-file', '/tmp/tmpy_9c9i3y']
[2021-10-16 10:36:01,862] {standard_task_runner.py:77} INFO - Job 30: Subtask choose_movie_2
[2021-10-16 10:36:01,852] {standard_task_runner.py:52} INFO - Started process 751 to run task
[2021-10-16 10:36:01,966] {logging_mixin.py:109} INFO - Running <TaskInstance: movie_chooser_dag.choose_movie_2 scheduled__2021-10-16T10:34:00+00:00 [running]> on host e03fb9e01fd8
[2021-10-16 10:36:02,126] {taskinstance.py:1414} INFO - Exporting the following env vars:
AIRFLOW_CTX_DAG_OWNER=***
AIRFLOW_CTX_DAG_ID=movie_chooser_dag
AIRFLOW_CTX_TASK_ID=choose_movie_2
AIRFLOW_CTX_EXECUTION_DATE=2021-10-16T10:34:00+00:00
AIRFLOW_CTX_DAG_RUN_ID=scheduled__2021-10-16T10:34:00+00:00
[2021-10-16 10:36:02,145] {python.py:152} INFO - Done. Returned value was: Over Her Dead Body,Comedy,New Line,47,2.071,15,$20.71 ,2008

[2021-10-16 10:36:02,176] {taskinstance.py:1280} INFO - Marking task as SUCCESS. dag_id=movie_chooser_dag, task_id=choose_movie_2, execution_date=20211016T103400, start_date=20211016T103601, end_date=20211016T103602
[2021-10-16 10:36:02,213] {local_task_job.py:154} INFO - Task exited with return code 0
[2021-10-16 10:36:02,278] {local_task_job.py:264} INFO - 1 downstream tasks scheduled from follow-on schedule check
