[2021-10-16 13:04:55,155] {taskinstance.py:1035} INFO - Dependencies all met for <TaskInstance: fourth_dag.get_gross_year_2 scheduled__2021-10-16T10:50:00+00:00 [queued]>
[2021-10-16 13:04:55,192] {taskinstance.py:1035} INFO - Dependencies all met for <TaskInstance: fourth_dag.get_gross_year_2 scheduled__2021-10-16T10:50:00+00:00 [queued]>
[2021-10-16 13:04:55,192] {taskinstance.py:1241} INFO - 
--------------------------------------------------------------------------------
[2021-10-16 13:04:55,197] {taskinstance.py:1242} INFO - Starting attempt 1 of 1
[2021-10-16 13:04:55,197] {taskinstance.py:1243} INFO - 
--------------------------------------------------------------------------------
[2021-10-16 13:04:55,300] {taskinstance.py:1262} INFO - Executing <Task(PythonOperator): get_gross_year_2> on 2021-10-16 10:50:00+00:00
[2021-10-16 13:04:55,328] {standard_task_runner.py:76} INFO - Running: ['***', 'tasks', 'run', 'fourth_dag', 'get_gross_year_2', 'scheduled__2021-10-16T10:50:00+00:00', '--job-id', '254', '--raw', '--subdir', 'DAGS_FOLDER/fourth_dag.py', '--cfg-path', '/tmp/tmpl7n4xplj', '--error-file', '/tmp/tmpwn_x85y3']
[2021-10-16 13:04:55,329] {standard_task_runner.py:77} INFO - Job 254: Subtask get_gross_year_2
[2021-10-16 13:04:55,321] {standard_task_runner.py:52} INFO - Started process 444 to run task
[2021-10-16 13:04:55,476] {logging_mixin.py:109} INFO - Running <TaskInstance: fourth_dag.get_gross_year_2 scheduled__2021-10-16T10:50:00+00:00 [running]> on host e03fb9e01fd8
[2021-10-16 13:04:55,618] {taskinstance.py:1414} INFO - Exporting the following env vars:
AIRFLOW_CTX_DAG_OWNER=***
AIRFLOW_CTX_DAG_ID=fourth_dag
AIRFLOW_CTX_TASK_ID=get_gross_year_2
AIRFLOW_CTX_EXECUTION_DATE=2021-10-16T10:50:00+00:00
AIRFLOW_CTX_DAG_RUN_ID=scheduled__2021-10-16T10:50:00+00:00
[2021-10-16 13:04:55,642] {python.py:152} INFO - Done. Returned value was: ['$29.37 ', '2007\n']
[2021-10-16 13:04:56,051] {taskinstance.py:1280} INFO - Marking task as SUCCESS. dag_id=fourth_dag, task_id=get_gross_year_2, execution_date=20211016T105000, start_date=20211016T130455, end_date=20211016T130456
[2021-10-16 13:04:56,108] {local_task_job.py:154} INFO - Task exited with return code 0
[2021-10-16 13:04:56,303] {local_task_job.py:264} INFO - 0 downstream tasks scheduled from follow-on schedule check
