[2021-10-16 13:05:59,419] {taskinstance.py:1035} INFO - Dependencies all met for <TaskInstance: fourth_dag.get_gross_year_1 scheduled__2021-10-16T12:52:00+00:00 [queued]>
[2021-10-16 13:05:59,444] {taskinstance.py:1035} INFO - Dependencies all met for <TaskInstance: fourth_dag.get_gross_year_1 scheduled__2021-10-16T12:52:00+00:00 [queued]>
[2021-10-16 13:05:59,445] {taskinstance.py:1241} INFO - 
--------------------------------------------------------------------------------
[2021-10-16 13:05:59,445] {taskinstance.py:1242} INFO - Starting attempt 1 of 1
[2021-10-16 13:05:59,445] {taskinstance.py:1243} INFO - 
--------------------------------------------------------------------------------
[2021-10-16 13:05:59,474] {taskinstance.py:1262} INFO - Executing <Task(PythonOperator): get_gross_year_1> on 2021-10-16 12:52:00+00:00
[2021-10-16 13:05:59,487] {standard_task_runner.py:76} INFO - Running: ['***', 'tasks', 'run', 'fourth_dag', 'get_gross_year_1', 'scheduled__2021-10-16T12:52:00+00:00', '--job-id', '537', '--raw', '--subdir', 'DAGS_FOLDER/fourth_dag.py', '--cfg-path', '/tmp/tmpbmbkewa5', '--error-file', '/tmp/tmpfc1yfo56']
[2021-10-16 13:05:59,488] {standard_task_runner.py:77} INFO - Job 537: Subtask get_gross_year_1
[2021-10-16 13:05:59,481] {standard_task_runner.py:52} INFO - Started process 1052 to run task
[2021-10-16 13:05:59,632] {logging_mixin.py:109} INFO - Running <TaskInstance: fourth_dag.get_gross_year_1 scheduled__2021-10-16T12:52:00+00:00 [running]> on host e03fb9e01fd8
[2021-10-16 13:05:59,839] {taskinstance.py:1414} INFO - Exporting the following env vars:
AIRFLOW_CTX_DAG_OWNER=***
AIRFLOW_CTX_DAG_ID=fourth_dag
AIRFLOW_CTX_TASK_ID=get_gross_year_1
AIRFLOW_CTX_EXECUTION_DATE=2021-10-16T12:52:00+00:00
AIRFLOW_CTX_DAG_RUN_ID=scheduled__2021-10-16T12:52:00+00:00
[2021-10-16 13:05:59,871] {python.py:152} INFO - Done. Returned value was: ['$42.05 ', '2010\n']
[2021-10-16 13:05:59,943] {taskinstance.py:1280} INFO - Marking task as SUCCESS. dag_id=fourth_dag, task_id=get_gross_year_1, execution_date=20211016T125200, start_date=20211016T130559, end_date=20211016T130559
[2021-10-16 13:06:00,031] {local_task_job.py:154} INFO - Task exited with return code 0
[2021-10-16 13:06:00,171] {local_task_job.py:264} INFO - 1 downstream tasks scheduled from follow-on schedule check
