[2021-10-16 10:22:31,770] {taskinstance.py:1035} INFO - Dependencies all met for <TaskInstance: first_dag.choose_movie scheduled__2021-10-15T10:22:25.997855+00:00 [queued]>
[2021-10-16 10:22:31,801] {taskinstance.py:1035} INFO - Dependencies all met for <TaskInstance: first_dag.choose_movie scheduled__2021-10-15T10:22:25.997855+00:00 [queued]>
[2021-10-16 10:22:31,801] {taskinstance.py:1241} INFO - 
--------------------------------------------------------------------------------
[2021-10-16 10:22:31,801] {taskinstance.py:1242} INFO - Starting attempt 1 of 1
[2021-10-16 10:22:31,801] {taskinstance.py:1243} INFO - 
--------------------------------------------------------------------------------
[2021-10-16 10:22:31,820] {taskinstance.py:1262} INFO - Executing <Task(PythonOperator): choose_movie> on 2021-10-15 10:22:25.997855+00:00
[2021-10-16 10:22:31,827] {standard_task_runner.py:52} INFO - Started process 101 to run task
[2021-10-16 10:22:31,835] {standard_task_runner.py:76} INFO - Running: ['***', 'tasks', 'run', 'first_dag', 'choose_movie', 'scheduled__2021-10-15T10:22:25.997855+00:00', '--job-id', '3', '--raw', '--subdir', 'DAGS_FOLDER/first_dag.py', '--cfg-path', '/tmp/tmp0buq83es', '--error-file', '/tmp/tmpt6v6edxm']
[2021-10-16 10:22:31,835] {standard_task_runner.py:77} INFO - Job 3: Subtask choose_movie
[2021-10-16 10:22:31,895] {logging_mixin.py:109} INFO - Running <TaskInstance: first_dag.choose_movie scheduled__2021-10-15T10:22:25.997855+00:00 [running]> on host e03fb9e01fd8
[2021-10-16 10:22:31,973] {taskinstance.py:1414} INFO - Exporting the following env vars:
AIRFLOW_CTX_DAG_OWNER=***
AIRFLOW_CTX_DAG_ID=first_dag
AIRFLOW_CTX_TASK_ID=choose_movie
AIRFLOW_CTX_EXECUTION_DATE=2021-10-15T10:22:25.997855+00:00
AIRFLOW_CTX_DAG_RUN_ID=scheduled__2021-10-15T10:22:25.997855+00:00
[2021-10-16 10:22:31,974] {logging_mixin.py:109} INFO - Twilight,Romance,Summit,82,10.18002703,49,$376.66 ,2008
[2021-10-16 10:22:31,974] {logging_mixin.py:109} INFO - 
[2021-10-16 10:22:31,975] {python.py:152} INFO - Done. Returned value was: Twilight,Romance,Summit,82,10.18002703,49,$376.66 ,2008

[2021-10-16 10:22:32,011] {taskinstance.py:1280} INFO - Marking task as SUCCESS. dag_id=first_dag, task_id=choose_movie, execution_date=20211015T102225, start_date=20211016T102231, end_date=20211016T102232
[2021-10-16 10:22:32,049] {local_task_job.py:154} INFO - Task exited with return code 0
[2021-10-16 10:22:32,132] {local_task_job.py:264} INFO - 1 downstream tasks scheduled from follow-on schedule check
