[2021-10-16 13:03:50,537] {taskinstance.py:1035} INFO - Dependencies all met for <TaskInstance: movie_chooser_dag.choose_movie_2 scheduled__2021-10-16T10:52:00+00:00 [queued]>
[2021-10-16 13:03:50,729] {taskinstance.py:1035} INFO - Dependencies all met for <TaskInstance: movie_chooser_dag.choose_movie_2 scheduled__2021-10-16T10:52:00+00:00 [queued]>
[2021-10-16 13:03:50,729] {taskinstance.py:1241} INFO - 
--------------------------------------------------------------------------------
[2021-10-16 13:03:50,729] {taskinstance.py:1242} INFO - Starting attempt 1 of 1
[2021-10-16 13:03:50,729] {taskinstance.py:1243} INFO - 
--------------------------------------------------------------------------------
[2021-10-16 13:03:50,951] {taskinstance.py:1262} INFO - Executing <Task(PythonOperator): choose_movie_2> on 2021-10-16 10:52:00+00:00
[2021-10-16 13:03:51,035] {standard_task_runner.py:76} INFO - Running: ['***', 'tasks', 'run', 'movie_chooser_dag', 'choose_movie_2', 'scheduled__2021-10-16T10:52:00+00:00', '--job-id', '101', '--raw', '--subdir', 'DAGS_FOLDER/third_dag.py', '--cfg-path', '/tmp/tmpcnrhb4ap', '--error-file', '/tmp/tmp24ur2f59']
[2021-10-16 13:03:51,036] {standard_task_runner.py:77} INFO - Job 101: Subtask choose_movie_2
[2021-10-16 13:03:50,971] {standard_task_runner.py:52} INFO - Started process 109 to run task
[2021-10-16 13:03:51,489] {logging_mixin.py:109} INFO - Running <TaskInstance: movie_chooser_dag.choose_movie_2 scheduled__2021-10-16T10:52:00+00:00 [running]> on host e03fb9e01fd8
[2021-10-16 13:03:51,716] {taskinstance.py:1414} INFO - Exporting the following env vars:
AIRFLOW_CTX_DAG_OWNER=***
AIRFLOW_CTX_DAG_ID=movie_chooser_dag
AIRFLOW_CTX_TASK_ID=choose_movie_2
AIRFLOW_CTX_EXECUTION_DATE=2021-10-16T10:52:00+00:00
AIRFLOW_CTX_DAG_RUN_ID=scheduled__2021-10-16T10:52:00+00:00
[2021-10-16 13:03:51,754] {python.py:152} INFO - Done. Returned value was: The Invention of Lying,Comedy,Warner Bros.,47,1.751351351,56,$32.40 ,2009

[2021-10-16 13:03:52,103] {taskinstance.py:1280} INFO - Marking task as SUCCESS. dag_id=movie_chooser_dag, task_id=choose_movie_2, execution_date=20211016T105200, start_date=20211016T130350, end_date=20211016T130352
[2021-10-16 13:03:52,239] {local_task_job.py:154} INFO - Task exited with return code 0
[2021-10-16 13:03:52,497] {local_task_job.py:264} INFO - 0 downstream tasks scheduled from follow-on schedule check
