[2021-10-16 13:19:04,054] {taskinstance.py:1035} INFO - Dependencies all met for <TaskInstance: fourth_dag.get_gross_year_1 scheduled__2021-10-16T13:16:00+00:00 [queued]>
[2021-10-16 13:19:04,081] {taskinstance.py:1035} INFO - Dependencies all met for <TaskInstance: fourth_dag.get_gross_year_1 scheduled__2021-10-16T13:16:00+00:00 [queued]>
[2021-10-16 13:19:04,081] {taskinstance.py:1241} INFO - 
--------------------------------------------------------------------------------
[2021-10-16 13:19:04,082] {taskinstance.py:1242} INFO - Starting attempt 1 of 1
[2021-10-16 13:19:04,082] {taskinstance.py:1243} INFO - 
--------------------------------------------------------------------------------
[2021-10-16 13:19:04,145] {taskinstance.py:1262} INFO - Executing <Task(PythonOperator): get_gross_year_1> on 2021-10-16 13:16:00+00:00
[2021-10-16 13:19:04,160] {standard_task_runner.py:76} INFO - Running: ['***', 'tasks', 'run', 'fourth_dag', 'get_gross_year_1', 'scheduled__2021-10-16T13:16:00+00:00', '--job-id', '606', '--raw', '--subdir', 'DAGS_FOLDER/fourth_dag.py', '--cfg-path', '/tmp/tmpl8jkn0i3', '--error-file', '/tmp/tmpb4j6m_gr']
[2021-10-16 13:19:04,161] {standard_task_runner.py:77} INFO - Job 606: Subtask get_gross_year_1
[2021-10-16 13:19:04,154] {standard_task_runner.py:52} INFO - Started process 1742 to run task
[2021-10-16 13:19:04,225] {logging_mixin.py:109} INFO - Running <TaskInstance: fourth_dag.get_gross_year_1 scheduled__2021-10-16T13:16:00+00:00 [running]> on host e03fb9e01fd8
[2021-10-16 13:19:04,308] {taskinstance.py:1414} INFO - Exporting the following env vars:
AIRFLOW_CTX_DAG_OWNER=***
AIRFLOW_CTX_DAG_ID=fourth_dag
AIRFLOW_CTX_TASK_ID=get_gross_year_1
AIRFLOW_CTX_EXECUTION_DATE=2021-10-16T13:16:00+00:00
AIRFLOW_CTX_DAG_RUN_ID=scheduled__2021-10-16T13:16:00+00:00
[2021-10-16 13:19:04,323] {python.py:152} INFO - Done. Returned value was: ['$92.60 ', '2007\n']
[2021-10-16 13:19:04,370] {taskinstance.py:1280} INFO - Marking task as SUCCESS. dag_id=fourth_dag, task_id=get_gross_year_1, execution_date=20211016T131600, start_date=20211016T131904, end_date=20211016T131904
[2021-10-16 13:19:04,419] {local_task_job.py:154} INFO - Task exited with return code 0
[2021-10-16 13:19:04,490] {local_task_job.py:264} INFO - 0 downstream tasks scheduled from follow-on schedule check
