[2021-10-16 13:04:12,463] {taskinstance.py:1035} INFO - Dependencies all met for <TaskInstance: movie_chooser_dag.choose_movie_2 scheduled__2021-10-16T11:18:00+00:00 [queued]>
[2021-10-16 13:04:12,539] {taskinstance.py:1035} INFO - Dependencies all met for <TaskInstance: movie_chooser_dag.choose_movie_2 scheduled__2021-10-16T11:18:00+00:00 [queued]>
[2021-10-16 13:04:12,539] {taskinstance.py:1241} INFO - 
--------------------------------------------------------------------------------
[2021-10-16 13:04:12,539] {taskinstance.py:1242} INFO - Starting attempt 1 of 1
[2021-10-16 13:04:12,540] {taskinstance.py:1243} INFO - 
--------------------------------------------------------------------------------
[2021-10-16 13:04:12,620] {taskinstance.py:1262} INFO - Executing <Task(PythonOperator): choose_movie_2> on 2021-10-16 11:18:00+00:00
[2021-10-16 13:04:12,656] {standard_task_runner.py:76} INFO - Running: ['***', 'tasks', 'run', 'movie_chooser_dag', 'choose_movie_2', 'scheduled__2021-10-16T11:18:00+00:00', '--job-id', '146', '--raw', '--subdir', 'DAGS_FOLDER/third_dag.py', '--cfg-path', '/tmp/tmpk38m9c62', '--error-file', '/tmp/tmpr7hnon0o']
[2021-10-16 13:04:12,657] {standard_task_runner.py:77} INFO - Job 146: Subtask choose_movie_2
[2021-10-16 13:04:12,645] {standard_task_runner.py:52} INFO - Started process 206 to run task
[2021-10-16 13:04:12,837] {logging_mixin.py:109} INFO - Running <TaskInstance: movie_chooser_dag.choose_movie_2 scheduled__2021-10-16T11:18:00+00:00 [running]> on host e03fb9e01fd8
[2021-10-16 13:04:12,991] {taskinstance.py:1414} INFO - Exporting the following env vars:
AIRFLOW_CTX_DAG_OWNER=***
AIRFLOW_CTX_DAG_ID=movie_chooser_dag
AIRFLOW_CTX_TASK_ID=choose_movie_2
AIRFLOW_CTX_EXECUTION_DATE=2021-10-16T11:18:00+00:00
AIRFLOW_CTX_DAG_RUN_ID=scheduled__2021-10-16T11:18:00+00:00
[2021-10-16 13:04:13,010] {python.py:152} INFO - Done. Returned value was: Valentine's Day,Comedy,Warner Bros.,54,4.184038462,17,$217.57 ,2010

[2021-10-16 13:04:13,082] {taskinstance.py:1280} INFO - Marking task as SUCCESS. dag_id=movie_chooser_dag, task_id=choose_movie_2, execution_date=20211016T111800, start_date=20211016T130412, end_date=20211016T130413
[2021-10-16 13:04:13,133] {local_task_job.py:154} INFO - Task exited with return code 0
[2021-10-16 13:04:13,762] {local_task_job.py:264} INFO - 0 downstream tasks scheduled from follow-on schedule check
